#
# A fatal error has been detected by the Java Runtime Environment:
#
#  Internal Error (os_windows_x86.cpp:143), pid=19516, tid=27388
#  guarantee(result == EXCEPTION_CONTINUE_EXECUTION) failed: Unexpected result from topLevelExceptionFilter
#
# JRE version: Java(TM) SE Runtime Environment (17.0.10+11) (build 17.0.10+11-LTS-240)
# Java VM: Java HotSpot(TM) 64-Bit Server VM (17.0.10+11-LTS-240, mixed mode, emulated-client, sharing, tiered, compressed oops, compressed class ptrs, g1 gc, windows-amd64)
# No core dump will be written. Minidumps are not enabled by default on client versions of Windows
#
# If you would like to submit a bug report, please visit:
#   https://bugreport.java.com/bugreport/crash.jsp
# The crash happened outside the Java Virtual Machine in native code.
# See problematic frame for where to report the bug.
#

---------------  S U M M A R Y ------------

Command Line: -XX:TieredStopAtLevel=1 -Dspring.output.ansi.enabled=always -Dcom.sun.management.jmxremote -Dspring.jmx.enabled=true -Dspring.liveBeansView.mbeanDomain -Dspring.application.admin.enabled=true -Dmanagement.endpoints.jmx.exposure.include=* -javaagent:C:\Program Files\JetBrains\IntelliJ IDEA 2024.1\lib\idea_rt.jar=57632:C:\Program Files\JetBrains\IntelliJ IDEA 2024.1\bin -Dfile.encoding=UTF-8 it.cnr.istc.psts.WikitelNewApplication

Host: Intel(R) Core(TM) i7-9750H CPU @ 2.60GHz, 12 cores, 15G,  Windows 11 , 64 bit Build 22621 (10.0.22621.3374)
Time: Sat Apr 13 10:04:12 2024 ora legale Europa occidentale elapsed time: 106.911207 seconds (0d 0h 1m 46s)

---------------  T H R E A D  ---------------

Current thread (0x0000021e1c51d760):  JavaThread "pool-3-thread-1" [_thread_in_native, id=27388, stack(0x000000e120f00000,0x000000e121000000)]

Stack: [0x000000e120f00000,0x000000e121000000]
Native frames: (J=compiled Java code, j=interpreted, Vv=VM code, C=native code)
V  [jvm.dll+0x677a5a]
V  [jvm.dll+0x7d8b2d]
V  [jvm.dll+0x7da48e]
V  [jvm.dll+0x7daaa7]
V  [jvm.dll+0x24555a]
V  [jvm.dll+0x6775cc]
C  [ntdll.dll+0xa440f]
C  [ntdll.dll+0x1e466]
C  [ntdll.dll+0xa33fe]
C  [executor.dll+0x285b2]

Java frames: (J=compiled Java code, j=interpreted, Vv=VM code)
j  it.cnr.istc.pst.oratio.timelines.TimelinesExecutor.tick()V+0
j  it.cnr.istc.psts.wikitel.controller.LessonManager.lambda$play$0()V+4
j  it.cnr.istc.psts.wikitel.controller.LessonManager$$Lambda$1538+0x0000021dd5ae3580.run()V+4
j  java.util.concurrent.Executors$RunnableAdapter.call()Ljava/lang/Object;+4 java.base@17.0.10
j  java.util.concurrent.FutureTask.runAndReset()Z+44 java.base@17.0.10
j  java.util.concurrent.ScheduledThreadPoolExecutor$ScheduledFutureTask.run()V+35 java.base@17.0.10
J 8982 c1 java.util.concurrent.ThreadPoolExecutor.runWorker(Ljava/util/concurrent/ThreadPoolExecutor$Worker;)V java.base@17.0.10 (187 bytes) @ 0x0000021dc55a1484 [0x0000021dc55a11e0+0x00000000000002a4]
J 8981 c1 java.util.concurrent.ThreadPoolExecutor$Worker.run()V java.base@17.0.10 (9 bytes) @ 0x0000021dc55a0b64 [0x0000021dc55a0b20+0x0000000000000044]
J 7764 c1 java.lang.Thread.run()V java.base@17.0.10 (17 bytes) @ 0x0000021dc46b2a6c [0x0000021dc46b2a20+0x000000000000004c]
v  ~StubRoutines::call_stub

---------------  P R O C E S S  ---------------

Threads class SMR info:
_java_thread_list=0x0000021e1c446bd0, length=84, elements={
0x0000021dd3ad0360, 0x0000021dd3ad11e0, 0x0000021dd3ae2cb0, 0x0000021dd3ae3780,
0x0000021dd3ae6650, 0x0000021dd3ae7010, 0x0000021dd3ae7a80, 0x0000021dd3afa010,
0x0000021dd3ba0130, 0x0000021e194aea10, 0x0000021e194b2e70, 0x0000021e195a0780,
0x0000021e1a6428f0, 0x0000021e1a6419c0, 0x0000021e1a643820, 0x0000021e1a641ed0,
0x0000021e1a6414b0, 0x0000021e1a640070, 0x0000021e1a640580, 0x0000021e1a640a90,
0x0000021e1a640fa0, 0x0000021e1b88fec0, 0x0000021e1b88ea80, 0x0000021e1b891810,
0x0000021e1b88c200, 0x0000021e1b88c710, 0x0000021e1b88adc0, 0x0000021e1b892740,
0x0000021e1b88d640, 0x0000021e1b891300, 0x0000021e1b88ef90, 0x0000021e1b891d20,
0x0000021e1b890df0, 0x0000021e1b892230, 0x0000021e1b88b2d0, 0x0000021e1b88db50,
0x0000021e1b88cc20, 0x0000021e1b88b7e0, 0x0000021e1b88d130, 0x0000021e1b88f4a0,
0x0000021e1b88bcf0, 0x0000021e1b8908e0, 0x0000021e1b88f9b0, 0x0000021e1a6423e0,
0x0000021e1bb2ba40, 0x0000021e1bb2bf50, 0x0000021e1bb2ce80, 0x0000021e1bb2d390,
0x0000021e1bb26e50, 0x0000021e1bb296d0, 0x0000021e1bb29be0, 0x0000021e1bb2a0f0,
0x0000021e1bb2ddb0, 0x0000021e1bb28cb0, 0x0000021e1b88e060, 0x0000021e192d1c60,
0x0000021e192d44e0, 0x0000021e192d2170, 0x0000021e192cd070, 0x0000021e192d3fd0,
0x0000021e192d0d30, 0x0000021e192d3ac0, 0x0000021e192cdfa0, 0x0000021e192ceed0,
0x0000021e192d35b0, 0x0000021e192d30a0, 0x0000021e192cd580, 0x0000021e192cf8f0,
0x0000021e192cda90, 0x0000021e192ce4b0, 0x0000021e192ce9c0, 0x0000021e192cf3e0,
0x0000021e192d0820, 0x0000021e192cfe00, 0x0000021e192d0310, 0x0000021e192d1240,
0x0000021e192d1750, 0x0000021e192d2680, 0x0000021e1bb2c970, 0x0000021e1c51e180,
0x0000021e1c520f10, 0x0000021e1c51f0b0, 0x0000021e1c51d250, 0x0000021e1c51d760
}

Java Threads: ( => current thread )
  0x0000021dd3ad0360 JavaThread "Reference Handler" daemon [_thread_blocked, id=28552, stack(0x000000e121900000,0x000000e121a00000)]
  0x0000021dd3ad11e0 JavaThread "Finalizer" daemon [_thread_blocked, id=27516, stack(0x000000e121a00000,0x000000e121b00000)]
  0x0000021dd3ae2cb0 JavaThread "Signal Dispatcher" daemon [_thread_blocked, id=8988, stack(0x000000e121b00000,0x000000e121c00000)]
  0x0000021dd3ae3780 JavaThread "Attach Listener" daemon [_thread_blocked, id=6612, stack(0x000000e121c00000,0x000000e121d00000)]
  0x0000021dd3ae6650 JavaThread "Service Thread" daemon [_thread_blocked, id=14228, stack(0x000000e121d00000,0x000000e121e00000)]
  0x0000021dd3ae7010 JavaThread "Monitor Deflation Thread" daemon [_thread_blocked, id=7992, stack(0x000000e121e00000,0x000000e121f00000)]
  0x0000021dd3ae7a80 JavaThread "C1 CompilerThread0" daemon [_thread_blocked, id=11304, stack(0x000000e121f00000,0x000000e122000000)]
  0x0000021dd3afa010 JavaThread "Sweeper thread" daemon [_thread_blocked, id=1708, stack(0x000000e122000000,0x000000e122100000)]
  0x0000021dd3ba0130 JavaThread "Common-Cleaner" daemon [_thread_blocked, id=16796, stack(0x000000e122100000,0x000000e122200000)]
  0x0000021e194aea10 JavaThread "Monitor Ctrl-Break" daemon [_thread_in_native, id=26796, stack(0x000000e122500000,0x000000e122600000)]
  0x0000021e194b2e70 JavaThread "Notification Thread" daemon [_thread_blocked, id=25624, stack(0x000000e122600000,0x000000e122700000)]
  0x0000021e195a0780 JavaThread "RMI TCP Accept-0" daemon [_thread_in_native, id=18044, stack(0x000000e122700000,0x000000e122800000)]
  0x0000021e1a6428f0 JavaThread "HikariPool-1 housekeeper" daemon [_thread_blocked, id=9688, stack(0x000000e123700000,0x000000e123800000)]
  0x0000021e1a6419c0 JavaThread "Catalina-utility-1" [_thread_blocked, id=14036, stack(0x000000e123800000,0x000000e123900000)]
  0x0000021e1a643820 JavaThread "Catalina-utility-2" [_thread_blocked, id=19228, stack(0x000000e123900000,0x000000e123a00000)]
  0x0000021e1a641ed0 JavaThread "container-0" [_thread_blocked, id=16548, stack(0x000000e123a00000,0x000000e123b00000)]
  0x0000021e1a6414b0 JavaThread "Thread-4" daemon [_thread_in_native, id=22720, stack(0x000000e123c00000,0x000000e123d00000)]
  0x0000021e1a640070 JavaThread "cluster-ClusterId{value='661a3c165d58943c8de65395', description='null'}-ac-hw6kxnh-shard-00-01.leugiin.mongodb.net:27017" daemon [_thread_in_native, id=4748, stack(0x000000e123e00000,0x000000e123f00000)]
  0x0000021e1a640580 JavaThread "cluster-rtt-ClusterId{value='661a3c165d58943c8de65395', description='null'}-ac-hw6kxnh-shard-00-01.leugiin.mongodb.net:27017" daemon [_thread_blocked, id=8884, stack(0x000000e123f00000,0x000000e124000000)]
  0x0000021e1a640a90 JavaThread "cluster-ClusterId{value='661a3c165d58943c8de65395', description='null'}-ac-hw6kxnh-shard-00-02.leugiin.mongodb.net:27017" daemon [_thread_in_native, id=4484, stack(0x000000e124000000,0x000000e124100000)]
  0x0000021e1a640fa0 JavaThread "cluster-rtt-ClusterId{value='661a3c165d58943c8de65395', description='null'}-ac-hw6kxnh-shard-00-02.leugiin.mongodb.net:27017" daemon [_thread_blocked, id=8940, stack(0x000000e124100000,0x000000e124200000)]
  0x0000021e1b88fec0 JavaThread "cluster-ClusterId{value='661a3c165d58943c8de65395', description='null'}-ac-hw6kxnh-shard-00-00.leugiin.mongodb.net:27017" daemon [_thread_in_native, id=20188, stack(0x000000e124200000,0x000000e124300000)]
  0x0000021e1b88ea80 JavaThread "cluster-rtt-ClusterId{value='661a3c165d58943c8de65395', description='null'}-ac-hw6kxnh-shard-00-00.leugiin.mongodb.net:27017" daemon [_thread_blocked, id=20552, stack(0x000000e124300000,0x000000e124400000)]
  0x0000021e1b891810 JavaThread "Live Reload Server" daemon [_thread_in_native, id=28308, stack(0x000000e124500000,0x000000e124600000)]
  0x0000021e1b88c200 JavaThread "MessageBroker-1" [_thread_blocked, id=25424, stack(0x000000e124400000,0x000000e124500000)]
  0x0000021e1b88c710 JavaThread "File Watcher" daemon [_thread_blocked, id=20996, stack(0x000000e124600000,0x000000e124700000)]
  0x0000021e1b88adc0 JavaThread "http-nio-7000-Poller" daemon [_thread_in_native, id=14064, stack(0x000000e124700000,0x000000e124800000)]
  0x0000021e1b892740 JavaThread "http-nio-7000-Acceptor" daemon [_thread_in_native, id=17332, stack(0x000000e124800000,0x000000e124900000)]
  0x0000021e1b88d640 JavaThread "DestroyJavaVM" [_thread_blocked, id=26248, stack(0x000000e121200000,0x000000e121300000)]
  0x0000021e1b891300 JavaThread "http-nio-7000-exec-1" daemon [_thread_blocked, id=8800, stack(0x000000e122200000,0x000000e122300000)]
  0x0000021e1b88ef90 JavaThread "http-nio-7000-exec-2" daemon [_thread_blocked, id=17544, stack(0x000000e123100000,0x000000e123200000)]
  0x0000021e1b891d20 JavaThread "http-nio-7000-exec-3" daemon [_thread_blocked, id=12604, stack(0x000000e123b00000,0x000000e123c00000)]
  0x0000021e1b890df0 JavaThread "http-nio-7000-exec-4" daemon [_thread_blocked, id=27204, stack(0x000000e124c00000,0x000000e124d00000)]
  0x0000021e1b892230 JavaThread "http-nio-7000-exec-5" daemon [_thread_blocked, id=9392, stack(0x000000e124d00000,0x000000e124e00000)]
  0x0000021e1b88b2d0 JavaThread "http-nio-7000-exec-6" daemon [_thread_blocked, id=21276, stack(0x000000e124e00000,0x000000e124f00000)]
  0x0000021e1b88db50 JavaThread "http-nio-7000-exec-7" daemon [_thread_blocked, id=1564, stack(0x000000e124f00000,0x000000e125000000)]
  0x0000021e1b88cc20 JavaThread "http-nio-7000-exec-8" daemon [_thread_blocked, id=3220, stack(0x000000e125000000,0x000000e125100000)]
  0x0000021e1b88b7e0 JavaThread "http-nio-7000-exec-9" daemon [_thread_blocked, id=26004, stack(0x000000e125100000,0x000000e125200000)]
  0x0000021e1b88d130 JavaThread "http-nio-7000-exec-10" daemon [_thread_blocked, id=25104, stack(0x000000e125200000,0x000000e125300000)]
  0x0000021e1b88f4a0 JavaThread "MessageBroker-2" [_thread_blocked, id=12060, stack(0x000000e123000000,0x000000e123100000)]
  0x0000021e1b88bcf0 JavaThread "MessageBroker-3" [_thread_blocked, id=11408, stack(0x000000e125300000,0x000000e125400000)]
  0x0000021e1b8908e0 JavaThread "MessageBroker-4" [_thread_blocked, id=12964, stack(0x000000e125400000,0x000000e125500000)]
  0x0000021e1b88f9b0 JavaThread "clientInboundChannel-2" [_thread_blocked, id=27972, stack(0x000000e125700000,0x000000e125800000)]
  0x0000021e1a6423e0 JavaThread "clientInboundChannel-3" [_thread_blocked, id=28288, stack(0x000000e125800000,0x000000e125900000)]
  0x0000021e1bb2ba40 JavaThread "clientOutboundChannel-1" [_thread_blocked, id=1760, stack(0x000000e125900000,0x000000e125a00000)]
  0x0000021e1bb2bf50 JavaThread "MessageBroker-5" [_thread_blocked, id=21164, stack(0x000000e125a00000,0x000000e125b00000)]
  0x0000021e1bb2ce80 JavaThread "clientInboundChannel-5" [_thread_blocked, id=17012, stack(0x000000e125c00000,0x000000e125d00000)]
  0x0000021e1bb2d390 JavaThread "clientInboundChannel-6" [_thread_blocked, id=25816, stack(0x000000e125d00000,0x000000e125e00000)]
  0x0000021e1bb26e50 JavaThread "clientInboundChannel-7" [_thread_blocked, id=18988, stack(0x000000e125e00000,0x000000e125f00000)]
  0x0000021e1bb296d0 JavaThread "clientInboundChannel-8" [_thread_blocked, id=28644, stack(0x000000e125f00000,0x000000e126000000)]
  0x0000021e1bb29be0 JavaThread "clientOutboundChannel-2" [_thread_blocked, id=13272, stack(0x000000e126400000,0x000000e126500000)]
  0x0000021e1bb2a0f0 JavaThread "MessageBroker-6" [_thread_blocked, id=22504, stack(0x000000e126500000,0x000000e126600000)]
  0x0000021e1bb2ddb0 JavaThread "clientOutboundChannel-3" [_thread_blocked, id=25428, stack(0x000000e126a00000,0x000000e126b00000)]
  0x0000021e1bb28cb0 JavaThread "MessageBroker-7" [_thread_blocked, id=13936, stack(0x000000e126b00000,0x000000e126c00000)]
  0x0000021e1b88e060 JavaThread "MessageBroker-8" [_thread_blocked, id=26784, stack(0x000000e125500000,0x000000e125600000)]
  0x0000021e192d1c60 JavaThread "clientInboundChannel-22" [_thread_blocked, id=352, stack(0x000000e122400000,0x000000e122500000)]
  0x0000021e192d44e0 JavaThread "clientInboundChannel-24" [_thread_blocked, id=22808, stack(0x000000e127300000,0x000000e127400000)]
  0x0000021e192d2170 JavaThread "clientOutboundChannel-4" [_thread_blocked, id=14564, stack(0x000000e127400000,0x000000e127500000)]
  0x0000021e192cd070 JavaThread "MessageBroker-9" [_thread_blocked, id=8056, stack(0x000000e126600000,0x000000e126700000)]
  0x0000021e192d3fd0 JavaThread "clientOutboundChannel-5" [_thread_blocked, id=21616, stack(0x000000e127600000,0x000000e127700000)]
  0x0000021e192d0d30 JavaThread "MessageBroker-10" [_thread_blocked, id=25756, stack(0x000000e127700000,0x000000e127800000)]
  0x0000021e192d3ac0 JavaThread "clientOutboundChannel-6" [_thread_blocked, id=23748, stack(0x000000e127800000,0x000000e127900000)]
  0x0000021e192cdfa0 JavaThread "MessageBroker-11" [_thread_blocked, id=5512, stack(0x000000e127900000,0x000000e127a00000)]
  0x0000021e192ceed0 JavaThread "clientOutboundChannel-7" [_thread_blocked, id=18716, stack(0x000000e127a00000,0x000000e127b00000)]
  0x0000021e192d35b0 JavaThread "MessageBroker-12" [_thread_blocked, id=4940, stack(0x000000e127b00000,0x000000e127c00000)]
  0x0000021e192d30a0 JavaThread "clientOutboundChannel-8" [_thread_blocked, id=13824, stack(0x000000e127c00000,0x000000e127d00000)]
  0x0000021e192cd580 JavaThread "clientOutboundChannel-9" [_thread_blocked, id=7076, stack(0x000000e127d00000,0x000000e127e00000)]
  0x0000021e192cf8f0 JavaThread "clientOutboundChannel-10" [_thread_blocked, id=22080, stack(0x000000e127e00000,0x000000e127f00000)]
  0x0000021e192cda90 JavaThread "clientOutboundChannel-11" [_thread_blocked, id=18752, stack(0x000000e128100000,0x000000e128200000)]
  0x0000021e192ce4b0 JavaThread "clientOutboundChannel-12" [_thread_blocked, id=28152, stack(0x000000e128200000,0x000000e128300000)]
  0x0000021e192ce9c0 JavaThread "clientOutboundChannel-13" [_thread_blocked, id=5204, stack(0x000000e128300000,0x000000e128400000)]
  0x0000021e192cf3e0 JavaThread "clientOutboundChannel-14" [_thread_blocked, id=20164, stack(0x000000e128400000,0x000000e128500000)]
  0x0000021e192d0820 JavaThread "clientOutboundChannel-15" [_thread_blocked, id=21332, stack(0x000000e128500000,0x000000e128600000)]
  0x0000021e192cfe00 JavaThread "clientOutboundChannel-16" [_thread_blocked, id=1808, stack(0x000000e128600000,0x000000e128700000)]
  0x0000021e192d0310 JavaThread "clientOutboundChannel-17" [_thread_blocked, id=17680, stack(0x000000e128700000,0x000000e128800000)]
  0x0000021e192d1240 JavaThread "clientOutboundChannel-18" [_thread_blocked, id=4956, stack(0x000000e128800000,0x000000e128900000)]
  0x0000021e192d1750 JavaThread "clientOutboundChannel-19" [_thread_blocked, id=26632, stack(0x000000e128900000,0x000000e128a00000)]
  0x0000021e192d2680 JavaThread "clientOutboundChannel-20" [_thread_blocked, id=11324, stack(0x000000e128a00000,0x000000e128b00000)]
  0x0000021e1bb2c970 JavaThread "clientOutboundChannel-21" [_thread_blocked, id=11860, stack(0x000000e128b00000,0x000000e128c00000)]
  0x0000021e1c51e180 JavaThread "clientOutboundChannel-22" [_thread_blocked, id=22040, stack(0x000000e128c00000,0x000000e128d00000)]
  0x0000021e1c520f10 JavaThread "clientOutboundChannel-23" [_thread_blocked, id=21256, stack(0x000000e128d00000,0x000000e128e00000)]
  0x0000021e1c51f0b0 JavaThread "clientOutboundChannel-24" [_thread_blocked, id=1648, stack(0x000000e128e00000,0x000000e128f00000)]
  0x0000021e1c51d250 JavaThread "WebSocket background processing" daemon [_thread_blocked, id=3160, stack(0x000000e127f00000,0x000000e128000000)]
=>0x0000021e1c51d760 JavaThread "pool-3-thread-1" [_thread_in_native, id=27388, stack(0x000000e120f00000,0x000000e121000000)]

Other Threads:
  0x0000021dd3acc760 VMThread "VM Thread" [stack: 0x000000e121800000,0x000000e121900000] [id=9764]
  0x0000021e195a1260 WatcherThread [stack: 0x000000e122800000,0x000000e122900000] [id=27752]
  0x0000021dbaabe770 GCTaskThread "GC Thread#0" [stack: 0x000000e121300000,0x000000e121400000] [id=18144]
  0x0000021e1985d6b0 GCTaskThread "GC Thread#1" [stack: 0x000000e122900000,0x000000e122a00000] [id=28328]
  0x0000021e198679c0 GCTaskThread "GC Thread#2" [stack: 0x000000e122a00000,0x000000e122b00000] [id=10364]
  0x0000021e19867c80 GCTaskThread "GC Thread#3" [stack: 0x000000e122b00000,0x000000e122c00000] [id=11844]
  0x0000021e1974a030 GCTaskThread "GC Thread#4" [stack: 0x000000e122c00000,0x000000e122d00000] [id=10024]
  0x0000021e197605f0 GCTaskThread "GC Thread#5" [stack: 0x000000e122d00000,0x000000e122e00000] [id=25864]
  0x0000021e198acd90 GCTaskThread "GC Thread#6" [stack: 0x000000e122e00000,0x000000e122f00000] [id=16780]
  0x0000021e198ad050 GCTaskThread "GC Thread#7" [stack: 0x000000e122f00000,0x000000e123000000] [id=8120]
  0x0000021e19e95c60 GCTaskThread "GC Thread#8" [stack: 0x000000e123200000,0x000000e123300000] [id=22184]
  0x0000021e1a47a420 GCTaskThread "GC Thread#9" [stack: 0x000000e123300000,0x000000e123400000] [id=23704]
  0x0000021dbcc557d0 ConcurrentGCThread "G1 Main Marker" [stack: 0x000000e121400000,0x000000e121500000] [id=13200]
  0x0000021dbcc561e0 ConcurrentGCThread "G1 Conc#0" [stack: 0x000000e121500000,0x000000e121600000] [id=9396]
  0x0000021e1a540e40 ConcurrentGCThread "G1 Conc#1" [stack: 0x000000e123400000,0x000000e123500000] [id=22252]
  0x0000021e1a4f8120 ConcurrentGCThread "G1 Conc#2" [stack: 0x000000e123500000,0x000000e123600000] [id=1996]
  0x0000021dd3a08130 ConcurrentGCThread "G1 Refine#0" [stack: 0x000000e121600000,0x000000e121700000] [id=18532]
  0x0000021dd3a09a80 ConcurrentGCThread "G1 Service" [stack: 0x000000e121700000,0x000000e121800000] [id=4612]

Threads with active compile tasks:

VM state: not at safepoint (normal execution)

VM Mutex/Monitor currently owned by a thread: None

Heap address: 0x0000000702400000, size: 4060 MB, Compressed Oops mode: Zero based, Oop shift amount: 3

CDS archive(s) mapped at: [0x0000021dd4000000-0x0000021dd4bd0000-0x0000021dd4bd0000), size 12386304, SharedBaseAddress: 0x0000021dd4000000, ArchiveRelocationMode: 1.
Compressed class space mapped at: 0x0000021dd5000000-0x0000021e15000000, reserved size: 1073741824
Narrow klass base: 0x0000021dd4000000, Narrow klass shift: 0, Narrow klass range: 0x100000000

GC Precious Log:
 CPUs: 12 total, 12 available
 Memory: 16233M
 Large Page Support: Disabled
 NUMA Support: Disabled
 Compressed Oops: Enabled (Zero based)
 Heap Region Size: 2M
 Heap Min Capacity: 8M
 Heap Initial Capacity: 254M
 Heap Max Capacity: 4060M
 Pre-touch: Disabled
 Parallel Workers: 10
 Concurrent Workers: 3
 Concurrent Refinement Workers: 10
 Periodic GC: Disabled

Heap:
 garbage-first heap   total 315392K, used 165740K [0x0000000702400000, 0x0000000800000000)
  region size 2048K, 59 young (120832K), 3 survivors (6144K)
 Metaspace       used 77517K, committed 78144K, reserved 1179648K
  class space    used 11011K, committed 11328K, reserved 1048576K

Heap Regions: E=young(eden), S=young(survivor), O=old, HS=humongous(starts), HC=humongous(continues), CS=collection set, F=free, OA=open archive, CA=closed archive, TAMS=top-at-mark-start (previous, next)
|   0|0x0000000702400000, 0x0000000702600000, 0x0000000702600000|100%| O|  |TAMS 0x0000000702600000, 0x0000000702400000| Untracked 
|   1|0x0000000702600000, 0x0000000702800000, 0x0000000702800000|100%| O|  |TAMS 0x0000000702800000, 0x0000000702600000| Untracked 
|   2|0x0000000702800000, 0x0000000702a00000, 0x0000000702a00000|100%| O|  |TAMS 0x0000000702a00000, 0x0000000702800000| Untracked 
|   3|0x0000000702a00000, 0x0000000702c00000, 0x0000000702c00000|100%| O|  |TAMS 0x0000000702c00000, 0x0000000702a00000| Untracked 
|   4|0x0000000702c00000, 0x0000000702e00000, 0x0000000702e00000|100%| O|  |TAMS 0x0000000702e00000, 0x0000000702c00000| Untracked 
|   5|0x0000000702e00000, 0x0000000703000000, 0x0000000703000000|100%| O|  |TAMS 0x0000000703000000, 0x0000000702e00000| Untracked 
|   6|0x0000000703000000, 0x0000000703200000, 0x0000000703200000|100%| O|  |TAMS 0x0000000703200000, 0x0000000703000000| Untracked 
|   7|0x0000000703200000, 0x0000000703400000, 0x0000000703400000|100%| O|  |TAMS 0x0000000703400000, 0x0000000703200000| Untracked 
|   8|0x0000000703400000, 0x0000000703600000, 0x0000000703600000|100%| O|  |TAMS 0x0000000703400000, 0x0000000703400000| Untracked 
|   9|0x0000000703600000, 0x0000000703800000, 0x0000000703800000|100%| O|  |TAMS 0x0000000703800000, 0x0000000703600000| Untracked 
|  10|0x0000000703800000, 0x0000000703a00000, 0x0000000703a00000|100%| O|  |TAMS 0x0000000703a00000, 0x0000000703800000| Untracked 
|  11|0x0000000703a00000, 0x0000000703c00000, 0x0000000703c00000|100%| O|  |TAMS 0x0000000703c00000, 0x0000000703a00000| Untracked 
|  12|0x0000000703c00000, 0x0000000703e00000, 0x0000000703e00000|100%| O|  |TAMS 0x0000000703e00000, 0x0000000703c00000| Untracked 
|  13|0x0000000703e00000, 0x0000000704000000, 0x0000000704000000|100%| O|  |TAMS 0x0000000704000000, 0x0000000703e00000| Untracked 
|  14|0x0000000704000000, 0x0000000704200000, 0x0000000704200000|100%| O|  |TAMS 0x0000000704200000, 0x0000000704000000| Untracked 
|  15|0x0000000704200000, 0x0000000704400000, 0x0000000704400000|100%| O|  |TAMS 0x0000000704400000, 0x0000000704200000| Untracked 
|  16|0x0000000704400000, 0x0000000704600000, 0x0000000704600000|100%| O|  |TAMS 0x0000000704600000, 0x0000000704400000| Untracked 
|  17|0x0000000704600000, 0x0000000704600000, 0x0000000704800000|  0%| F|  |TAMS 0x0000000704600000, 0x0000000704600000| Untracked 
|  18|0x0000000704800000, 0x0000000704a00000, 0x0000000704a00000|100%| O|  |TAMS 0x0000000704800000, 0x0000000704800000| Untracked 
|  19|0x0000000704a00000, 0x0000000704c00000, 0x0000000704c00000|100%| O|  |TAMS 0x0000000704a00000, 0x0000000704a00000| Untracked 
|  20|0x0000000704c00000, 0x0000000704e00000, 0x0000000704e00000|100%| O|  |TAMS 0x0000000704c00000, 0x0000000704c00000| Untracked 
|  21|0x0000000704e00000, 0x0000000705000000, 0x0000000705000000|100%| O|  |TAMS 0x0000000704e00000, 0x0000000704e00000| Untracked 
|  22|0x0000000705000000, 0x0000000705200000, 0x0000000705200000|100%| O|  |TAMS 0x0000000705000000, 0x0000000705000000| Untracked 
|  23|0x0000000705200000, 0x0000000705400000, 0x0000000705400000|100%| O|  |TAMS 0x0000000705200000, 0x0000000705200000| Untracked 
|  24|0x0000000705400000, 0x0000000705600000, 0x0000000705600000|100%| O|  |TAMS 0x0000000705400000, 0x0000000705400000| Untracked 
|  25|0x0000000705600000, 0x00000007056c2c00, 0x0000000705800000| 38%| O|  |TAMS 0x0000000705600000, 0x0000000705600000| Untracked 
|  26|0x0000000705800000, 0x0000000705800000, 0x0000000705a00000|  0%| F|  |TAMS 0x0000000705800000, 0x0000000705800000| Untracked 
|  27|0x0000000705a00000, 0x0000000705a00000, 0x0000000705c00000|  0%| F|  |TAMS 0x0000000705a00000, 0x0000000705a00000| Untracked 
|  28|0x0000000705c00000, 0x0000000705c00000, 0x0000000705e00000|  0%| F|  |TAMS 0x0000000705c00000, 0x0000000705c00000| Untracked 
|  29|0x0000000705e00000, 0x0000000705e00000, 0x0000000706000000|  0%| F|  |TAMS 0x0000000705e00000, 0x0000000705e00000| Untracked 
|  30|0x0000000706000000, 0x0000000706000000, 0x0000000706200000|  0%| F|  |TAMS 0x0000000706000000, 0x0000000706000000| Untracked 
|  31|0x0000000706200000, 0x0000000706200000, 0x0000000706400000|  0%| F|  |TAMS 0x0000000706200000, 0x0000000706200000| Untracked 
|  32|0x0000000706400000, 0x0000000706400000, 0x0000000706600000|  0%| F|  |TAMS 0x0000000706400000, 0x0000000706400000| Untracked 
|  33|0x0000000706600000, 0x0000000706600000, 0x0000000706800000|  0%| F|  |TAMS 0x0000000706600000, 0x0000000706600000| Untracked 
|  34|0x0000000706800000, 0x0000000706800000, 0x0000000706a00000|  0%| F|  |TAMS 0x0000000706800000, 0x0000000706800000| Untracked 
|  35|0x0000000706a00000, 0x0000000706a00000, 0x0000000706c00000|  0%| F|  |TAMS 0x0000000706a00000, 0x0000000706a00000| Untracked 
|  36|0x0000000706c00000, 0x0000000706c00000, 0x0000000706e00000|  0%| F|  |TAMS 0x0000000706c00000, 0x0000000706c00000| Untracked 
|  37|0x0000000706e00000, 0x0000000706e00000, 0x0000000707000000|  0%| F|  |TAMS 0x0000000706e00000, 0x0000000706e00000| Untracked 
|  38|0x0000000707000000, 0x00000007071186c0, 0x0000000707200000| 54%| S|CS|TAMS 0x0000000707000000, 0x0000000707000000| Complete 
|  39|0x0000000707200000, 0x0000000707400000, 0x0000000707400000|100%| S|CS|TAMS 0x0000000707200000, 0x0000000707200000| Complete 
|  40|0x0000000707400000, 0x0000000707600000, 0x0000000707600000|100%| S|CS|TAMS 0x0000000707400000, 0x0000000707400000| Complete 
|  41|0x0000000707600000, 0x0000000707600000, 0x0000000707800000|  0%| F|  |TAMS 0x0000000707600000, 0x0000000707600000| Untracked 
|  42|0x0000000707800000, 0x0000000707800000, 0x0000000707a00000|  0%| F|  |TAMS 0x0000000707800000, 0x0000000707800000| Untracked 
|  43|0x0000000707a00000, 0x0000000707a00000, 0x0000000707c00000|  0%| F|  |TAMS 0x0000000707a00000, 0x0000000707a00000| Untracked 
|  44|0x0000000707c00000, 0x0000000707c00000, 0x0000000707e00000|  0%| F|  |TAMS 0x0000000707c00000, 0x0000000707c00000| Untracked 
|  45|0x0000000707e00000, 0x0000000707e00000, 0x0000000708000000|  0%| F|  |TAMS 0x0000000707e00000, 0x0000000707e00000| Untracked 
|  46|0x0000000708000000, 0x0000000708000000, 0x0000000708200000|  0%| F|  |TAMS 0x0000000708000000, 0x0000000708000000| Untracked 
|  47|0x0000000708200000, 0x0000000708200000, 0x0000000708400000|  0%| F|  |TAMS 0x0000000708200000, 0x0000000708200000| Untracked 
|  48|0x0000000708400000, 0x0000000708400000, 0x0000000708600000|  0%| F|  |TAMS 0x0000000708400000, 0x0000000708400000| Untracked 
|  49|0x0000000708600000, 0x0000000708600000, 0x0000000708800000|  0%| F|  |TAMS 0x0000000708600000, 0x0000000708600000| Untracked 
|  50|0x0000000708800000, 0x0000000708800000, 0x0000000708a00000|  0%| F|  |TAMS 0x0000000708800000, 0x0000000708800000| Untracked 
|  51|0x0000000708a00000, 0x0000000708a00000, 0x0000000708c00000|  0%| F|  |TAMS 0x0000000708a00000, 0x0000000708a00000| Untracked 
|  52|0x0000000708c00000, 0x0000000708c00000, 0x0000000708e00000|  0%| F|  |TAMS 0x0000000708c00000, 0x0000000708c00000| Untracked 
|  53|0x0000000708e00000, 0x0000000708e00000, 0x0000000709000000|  0%| F|  |TAMS 0x0000000708e00000, 0x0000000708e00000| Untracked 
|  54|0x0000000709000000, 0x0000000709000000, 0x0000000709200000|  0%| F|  |TAMS 0x0000000709000000, 0x0000000709000000| Untracked 
|  55|0x0000000709200000, 0x0000000709200000, 0x0000000709400000|  0%| F|  |TAMS 0x0000000709200000, 0x0000000709200000| Untracked 
|  56|0x0000000709400000, 0x0000000709400000, 0x0000000709600000|  0%| F|  |TAMS 0x0000000709400000, 0x0000000709400000| Untracked 
|  57|0x0000000709600000, 0x0000000709600000, 0x0000000709800000|  0%| F|  |TAMS 0x0000000709600000, 0x0000000709600000| Untracked 
|  58|0x0000000709800000, 0x0000000709800000, 0x0000000709a00000|  0%| F|  |TAMS 0x0000000709800000, 0x0000000709800000| Untracked 
|  59|0x0000000709a00000, 0x0000000709a00000, 0x0000000709c00000|  0%| F|  |TAMS 0x0000000709a00000, 0x0000000709a00000| Untracked 
|  60|0x0000000709c00000, 0x0000000709c00000, 0x0000000709e00000|  0%| F|  |TAMS 0x0000000709c00000, 0x0000000709c00000| Untracked 
|  61|0x0000000709e00000, 0x0000000709e00000, 0x000000070a000000|  0%| F|  |TAMS 0x0000000709e00000, 0x0000000709e00000| Untracked 
|  62|0x000000070a000000, 0x000000070a000000, 0x000000070a200000|  0%| F|  |TAMS 0x000000070a000000, 0x000000070a000000| Untracked 
|  63|0x000000070a200000, 0x000000070a200000, 0x000000070a400000|  0%| F|  |TAMS 0x000000070a200000, 0x000000070a200000| Untracked 
|  64|0x000000070a400000, 0x000000070a400000, 0x000000070a600000|  0%| F|  |TAMS 0x000000070a400000, 0x000000070a400000| Untracked 
|  65|0x000000070a600000, 0x000000070a600000, 0x000000070a800000|  0%| F|  |TAMS 0x000000070a600000, 0x000000070a600000| Untracked 
|  66|0x000000070a800000, 0x000000070a800000, 0x000000070aa00000|  0%| F|  |TAMS 0x000000070a800000, 0x000000070a800000| Untracked 
|  67|0x000000070aa00000, 0x000000070aa00000, 0x000000070ac00000|  0%| F|  |TAMS 0x000000070aa00000, 0x000000070aa00000| Untracked 
|  68|0x000000070ac00000, 0x000000070ac00000, 0x000000070ae00000|  0%| F|  |TAMS 0x000000070ac00000, 0x000000070ac00000| Untracked 
|  69|0x000000070ae00000, 0x000000070ae00000, 0x000000070b000000|  0%| F|  |TAMS 0x000000070ae00000, 0x000000070ae00000| Untracked 
|  70|0x000000070b000000, 0x000000070b000000, 0x000000070b200000|  0%| F|  |TAMS 0x000000070b000000, 0x000000070b000000| Untracked 
|  71|0x000000070b200000, 0x000000070b200000, 0x000000070b400000|  0%| F|  |TAMS 0x000000070b200000, 0x000000070b200000| Untracked 
|  72|0x000000070b400000, 0x000000070b400000, 0x000000070b600000|  0%| F|  |TAMS 0x000000070b400000, 0x000000070b400000| Untracked 
|  73|0x000000070b600000, 0x000000070b600000, 0x000000070b800000|  0%| F|  |TAMS 0x000000070b600000, 0x000000070b600000| Untracked 
|  74|0x000000070b800000, 0x000000070b800000, 0x000000070ba00000|  0%| F|  |TAMS 0x000000070b800000, 0x000000070b800000| Untracked 
|  75|0x000000070ba00000, 0x000000070ba00000, 0x000000070bc00000|  0%| F|  |TAMS 0x000000070ba00000, 0x000000070ba00000| Untracked 
|  76|0x000000070bc00000, 0x000000070bc00000, 0x000000070be00000|  0%| F|  |TAMS 0x000000070bc00000, 0x000000070bc00000| Untracked 
|  77|0x000000070be00000, 0x000000070be00000, 0x000000070c000000|  0%| F|  |TAMS 0x000000070be00000, 0x000000070be00000| Untracked 
|  78|0x000000070c000000, 0x000000070c000000, 0x000000070c200000|  0%| F|  |TAMS 0x000000070c000000, 0x000000070c000000| Untracked 
|  79|0x000000070c200000, 0x000000070c200000, 0x000000070c400000|  0%| F|  |TAMS 0x000000070c200000, 0x000000070c200000| Untracked 
|  80|0x000000070c400000, 0x000000070c400000, 0x000000070c600000|  0%| F|  |TAMS 0x000000070c400000, 0x000000070c400000| Untracked 
|  81|0x000000070c600000, 0x000000070c600000, 0x000000070c800000|  0%| F|  |TAMS 0x000000070c600000, 0x000000070c600000| Untracked 
|  82|0x000000070c800000, 0x000000070c800000, 0x000000070ca00000|  0%| F|  |TAMS 0x000000070c800000, 0x000000070c800000| Untracked 
|  83|0x000000070ca00000, 0x000000070ca00000, 0x000000070cc00000|  0%| F|  |TAMS 0x000000070ca00000, 0x000000070ca00000| Untracked 
|  84|0x000000070cc00000, 0x000000070cc00000, 0x000000070ce00000|  0%| F|  |TAMS 0x000000070cc00000, 0x000000070cc00000| Untracked 
|  85|0x000000070ce00000, 0x000000070ce00000, 0x000000070d000000|  0%| F|  |TAMS 0x000000070ce00000, 0x000000070ce00000| Untracked 
|  86|0x000000070d000000, 0x000000070d000000, 0x000000070d200000|  0%| F|  |TAMS 0x000000070d000000, 0x000000070d000000| Untracked 
|  87|0x000000070d200000, 0x000000070d200000, 0x000000070d400000|  0%| F|  |TAMS 0x000000070d200000, 0x000000070d200000| Untracked 
|  88|0x000000070d400000, 0x000000070d400000, 0x000000070d600000|  0%| F|  |TAMS 0x000000070d400000, 0x000000070d400000| Untracked 
|  89|0x000000070d600000, 0x000000070d600000, 0x000000070d800000|  0%| F|  |TAMS 0x000000070d600000, 0x000000070d600000| Untracked 
|  90|0x000000070d800000, 0x000000070d800000, 0x000000070da00000|  0%| F|  |TAMS 0x000000070d800000, 0x000000070d800000| Untracked 
|  91|0x000000070da00000, 0x000000070da00000, 0x000000070dc00000|  0%| F|  |TAMS 0x000000070da00000, 0x000000070da00000| Untracked 
|  92|0x000000070dc00000, 0x000000070dc00000, 0x000000070de00000|  0%| F|  |TAMS 0x000000070dc00000, 0x000000070dc00000| Untracked 
|  93|0x000000070de00000, 0x000000070de00000, 0x000000070e000000|  0%| F|  |TAMS 0x000000070de00000, 0x000000070de00000| Untracked 
|  94|0x000000070e000000, 0x000000070e000000, 0x000000070e200000|  0%| F|  |TAMS 0x000000070e000000, 0x000000070e000000| Untracked 
|  95|0x000000070e200000, 0x000000070e200000, 0x000000070e400000|  0%| F|  |TAMS 0x000000070e200000, 0x000000070e200000| Untracked 
|  96|0x000000070e400000, 0x000000070e400000, 0x000000070e600000|  0%| F|  |TAMS 0x000000070e400000, 0x000000070e400000| Untracked 
|  97|0x000000070e600000, 0x000000070e600000, 0x000000070e800000|  0%| F|  |TAMS 0x000000070e600000, 0x000000070e600000| Untracked 
|  98|0x000000070e800000, 0x000000070e837ea8, 0x000000070ea00000| 10%| E|  |TAMS 0x000000070e800000, 0x000000070e800000| Complete 
|  99|0x000000070ea00000, 0x000000070ec00000, 0x000000070ec00000|100%| E|CS|TAMS 0x000000070ea00000, 0x000000070ea00000| Complete 
| 100|0x000000070ec00000, 0x000000070ee00000, 0x000000070ee00000|100%| E|CS|TAMS 0x000000070ec00000, 0x000000070ec00000| Complete 
| 101|0x000000070ee00000, 0x000000070f000000, 0x000000070f000000|100%| E|CS|TAMS 0x000000070ee00000, 0x000000070ee00000| Complete 
| 102|0x000000070f000000, 0x000000070f200000, 0x000000070f200000|100%| E|CS|TAMS 0x000000070f000000, 0x000000070f000000| Complete 
| 103|0x000000070f200000, 0x000000070f400000, 0x000000070f400000|100%| E|CS|TAMS 0x000000070f200000, 0x000000070f200000| Complete 
| 104|0x000000070f400000, 0x000000070f600000, 0x000000070f600000|100%| E|CS|TAMS 0x000000070f400000, 0x000000070f400000| Complete 
| 105|0x000000070f600000, 0x000000070f800000, 0x000000070f800000|100%| E|CS|TAMS 0x000000070f600000, 0x000000070f600000| Complete 
| 106|0x000000070f800000, 0x000000070fa00000, 0x000000070fa00000|100%| E|CS|TAMS 0x000000070f800000, 0x000000070f800000| Complete 
| 107|0x000000070fa00000, 0x000000070fc00000, 0x000000070fc00000|100%| E|CS|TAMS 0x000000070fa00000, 0x000000070fa00000| Complete 
| 108|0x000000070fc00000, 0x000000070fe00000, 0x000000070fe00000|100%| E|CS|TAMS 0x000000070fc00000, 0x000000070fc00000| Complete 
| 109|0x000000070fe00000, 0x0000000710000000, 0x0000000710000000|100%| E|CS|TAMS 0x000000070fe00000, 0x000000070fe00000| Complete 
| 110|0x0000000710000000, 0x0000000710200000, 0x0000000710200000|100%| E|CS|TAMS 0x0000000710000000, 0x0000000710000000| Complete 
| 111|0x0000000710200000, 0x0000000710400000, 0x0000000710400000|100%| E|CS|TAMS 0x0000000710200000, 0x0000000710200000| Complete 
| 112|0x0000000710400000, 0x0000000710600000, 0x0000000710600000|100%| E|CS|TAMS 0x0000000710400000, 0x0000000710400000| Complete 
| 113|0x0000000710600000, 0x0000000710800000, 0x0000000710800000|100%| E|CS|TAMS 0x0000000710600000, 0x0000000710600000| Complete 
| 114|0x0000000710800000, 0x0000000710a00000, 0x0000000710a00000|100%| E|CS|TAMS 0x0000000710800000, 0x0000000710800000| Complete 
| 115|0x0000000710a00000, 0x0000000710c00000, 0x0000000710c00000|100%| E|  |TAMS 0x0000000710a00000, 0x0000000710a00000| Complete 
| 116|0x0000000710c00000, 0x0000000710e00000, 0x0000000710e00000|100%| E|CS|TAMS 0x0000000710c00000, 0x0000000710c00000| Complete 
| 117|0x0000000710e00000, 0x0000000711000000, 0x0000000711000000|100%| E|CS|TAMS 0x0000000710e00000, 0x0000000710e00000| Complete 
| 118|0x0000000711000000, 0x0000000711200000, 0x0000000711200000|100%| E|CS|TAMS 0x0000000711000000, 0x0000000711000000| Complete 
| 119|0x0000000711200000, 0x0000000711400000, 0x0000000711400000|100%| E|CS|TAMS 0x0000000711200000, 0x0000000711200000| Complete 
| 120|0x0000000711400000, 0x0000000711600000, 0x0000000711600000|100%| E|CS|TAMS 0x0000000711400000, 0x0000000711400000| Complete 
| 121|0x0000000711600000, 0x0000000711800000, 0x0000000711800000|100%| E|CS|TAMS 0x0000000711600000, 0x0000000711600000| Complete 
| 122|0x0000000711800000, 0x0000000711a00000, 0x0000000711a00000|100%| E|CS|TAMS 0x0000000711800000, 0x0000000711800000| Complete 
| 123|0x0000000711a00000, 0x0000000711c00000, 0x0000000711c00000|100%| E|CS|TAMS 0x0000000711a00000, 0x0000000711a00000| Complete 
| 124|0x0000000711c00000, 0x0000000711e00000, 0x0000000711e00000|100%| E|CS|TAMS 0x0000000711c00000, 0x0000000711c00000| Complete 
| 125|0x0000000711e00000, 0x0000000712000000, 0x0000000712000000|100%| E|CS|TAMS 0x0000000711e00000, 0x0000000711e00000| Complete 
| 126|0x0000000712000000, 0x0000000712200000, 0x0000000712200000|100%| E|CS|TAMS 0x0000000712000000, 0x0000000712000000| Complete 
| 127|0x0000000712200000, 0x0000000712400000, 0x0000000712400000|100%| E|CS|TAMS 0x0000000712200000, 0x0000000712200000| Complete 
| 128|0x0000000712400000, 0x0000000712600000, 0x0000000712600000|100%| E|CS|TAMS 0x0000000712400000, 0x0000000712400000| Complete 
| 129|0x0000000712600000, 0x0000000712800000, 0x0000000712800000|100%| E|CS|TAMS 0x0000000712600000, 0x0000000712600000| Complete 
| 130|0x0000000712800000, 0x0000000712a00000, 0x0000000712a00000|100%| E|CS|TAMS 0x0000000712800000, 0x0000000712800000| Complete 
| 131|0x0000000712a00000, 0x0000000712c00000, 0x0000000712c00000|100%| E|CS|TAMS 0x0000000712a00000, 0x0000000712a00000| Complete 
| 132|0x0000000712c00000, 0x0000000712e00000, 0x0000000712e00000|100%| E|CS|TAMS 0x0000000712c00000, 0x0000000712c00000| Complete 
| 133|0x0000000712e00000, 0x0000000713000000, 0x0000000713000000|100%| E|CS|TAMS 0x0000000712e00000, 0x0000000712e00000| Complete 
| 134|0x0000000713000000, 0x0000000713200000, 0x0000000713200000|100%| E|CS|TAMS 0x0000000713000000, 0x0000000713000000| Complete 
| 135|0x0000000713200000, 0x0000000713400000, 0x0000000713400000|100%| E|CS|TAMS 0x0000000713200000, 0x0000000713200000| Complete 
| 136|0x0000000713400000, 0x0000000713600000, 0x0000000713600000|100%| E|CS|TAMS 0x0000000713400000, 0x0000000713400000| Complete 
| 137|0x0000000713600000, 0x0000000713800000, 0x0000000713800000|100%| E|CS|TAMS 0x0000000713600000, 0x0000000713600000| Complete 
| 138|0x0000000713800000, 0x0000000713a00000, 0x0000000713a00000|100%| E|CS|TAMS 0x0000000713800000, 0x0000000713800000| Complete 
| 139|0x0000000713a00000, 0x0000000713c00000, 0x0000000713c00000|100%| E|CS|TAMS 0x0000000713a00000, 0x0000000713a00000| Complete 
| 140|0x0000000713c00000, 0x0000000713e00000, 0x0000000713e00000|100%| E|CS|TAMS 0x0000000713c00000, 0x0000000713c00000| Complete 
| 141|0x0000000713e00000, 0x0000000714000000, 0x0000000714000000|100%| E|CS|TAMS 0x0000000713e00000, 0x0000000713e00000| Complete 
| 142|0x0000000714000000, 0x0000000714200000, 0x0000000714200000|100%| E|CS|TAMS 0x0000000714000000, 0x0000000714000000| Complete 
| 143|0x0000000714200000, 0x0000000714400000, 0x0000000714400000|100%| E|CS|TAMS 0x0000000714200000, 0x0000000714200000| Complete 
| 144|0x0000000714400000, 0x0000000714600000, 0x0000000714600000|100%| E|CS|TAMS 0x0000000714400000, 0x0000000714400000| Complete 
| 145|0x0000000714600000, 0x0000000714800000, 0x0000000714800000|100%| E|CS|TAMS 0x0000000714600000, 0x0000000714600000| Complete 
| 146|0x0000000714800000, 0x0000000714a00000, 0x0000000714a00000|100%| E|CS|TAMS 0x0000000714800000, 0x0000000714800000| Complete 
| 147|0x0000000714a00000, 0x0000000714c00000, 0x0000000714c00000|100%| E|CS|TAMS 0x0000000714a00000, 0x0000000714a00000| Complete 
| 148|0x0000000714c00000, 0x0000000714e00000, 0x0000000714e00000|100%| E|CS|TAMS 0x0000000714c00000, 0x0000000714c00000| Complete 
| 149|0x0000000714e00000, 0x0000000715000000, 0x0000000715000000|100%| E|CS|TAMS 0x0000000714e00000, 0x0000000714e00000| Complete 
| 150|0x0000000715000000, 0x0000000715200000, 0x0000000715200000|100%| E|CS|TAMS 0x0000000715000000, 0x0000000715000000| Complete 
| 151|0x0000000715200000, 0x0000000715400000, 0x0000000715400000|100%| E|CS|TAMS 0x0000000715200000, 0x0000000715200000| Complete 
| 152|0x0000000715400000, 0x0000000715600000, 0x0000000715600000|100%| E|CS|TAMS 0x0000000715400000, 0x0000000715400000| Complete 
| 153|0x0000000715600000, 0x0000000715800000, 0x0000000715800000|100%| E|CS|TAMS 0x0000000715600000, 0x0000000715600000| Complete 

Card table byte_map: [0x0000021dc7fa0000,0x0000021dc8790000] _byte_map_base: 0x0000021dc478e000

Marking Bits (Prev, Next): (CMBitMap*) 0x0000021dbcc45320, (CMBitMap*) 0x0000021dbcc45360
 Prev Bits: [0x0000021dc8f80000, 0x0000021dccef0000)
 Next Bits: [0x0000021dccef0000, 0x0000021dd0e60000)

Polling page: 0x0000021dba9a0000

Metaspace:

Usage:
  Non-class:     64.95 MB used.
      Class:     10.75 MB used.
       Both:     75.70 MB used.

Virtual space:
  Non-class space:      128.00 MB reserved,      65.25 MB ( 51%) committed,  2 nodes.
      Class space:        1.00 GB reserved,      11.06 MB (  1%) committed,  1 nodes.
             Both:        1.12 GB reserved,      76.31 MB (  7%) committed. 

Chunk freelists:
   Non-Class:  14.14 MB
       Class:  4.92 MB
        Both:  19.06 MB

MaxMetaspaceSize: unlimited
CompressedClassSpaceSize: 1.00 GB
Initial GC threshold: 21.00 MB
Current GC threshold: 105.44 MB
CDS: on
MetaspaceReclaimPolicy: balanced
 - commit_granule_bytes: 65536.
 - commit_granule_words: 8192.
 - virtual_space_node_default_size: 8388608.
 - enlarge_chunks_in_place: 1.
 - new_chunks_are_fully_committed: 0.
 - uncommit_free_chunks: 1.
 - use_allocation_guard: 0.
 - handle_deallocations: 1.


Internal statistics:

num_allocs_failed_limit: 12.
num_arena_births: 952.
num_arena_deaths: 14.
num_vsnodes_births: 3.
num_vsnodes_deaths: 0.
num_space_committed: 1221.
num_space_uncommitted: 0.
num_chunks_returned_to_freelist: 33.
num_chunks_taken_from_freelist: 3820.
num_chunk_merges: 8.
num_chunk_splits: 2651.
num_chunks_enlarged: 1951.
num_inconsistent_stats: 0.

CodeCache: size=49152Kb used=17735Kb max_used=18834Kb free=31416Kb
 bounds [0x0000021dc4470000, 0x0000021dc56e0000, 0x0000021dc7470000]
 total_blobs=10943 nmethods=10202 adapters=667
 compilation: enabled
              stopped_count=0, restarted_count=0
 full_count=0

Compilation events (20 events):
Event: 95.836 Thread 0x0000021dd3ae7a80 10195       1       com.mongodb.internal.connection.ResponseBuffers::reset (15 bytes)
Event: 95.836 Thread 0x0000021dd3ae7a80 nmethod 10195 0x0000021dc55c3990 code [0x0000021dc55c3b20, 0x0000021dc55c3c68]
Event: 95.836 Thread 0x0000021dd3ae7a80 10194       1       com.mongodb.internal.connection.MessageHeader::getOpCode (5 bytes)
Event: 95.836 Thread 0x0000021dd3ae7a80 nmethod 10194 0x0000021dc55c3690 code [0x0000021dc55c3820, 0x0000021dc55c38f8]
Event: 95.844 Thread 0x0000021dd3ae7a80 10196       1       sun.security.ssl.Plaintext::<init> (43 bytes)
Event: 95.844 Thread 0x0000021dd3ae7a80 nmethod 10196 0x0000021dc55c3310 code [0x0000021dc55c34a0, 0x0000021dc55c35f8]
Event: 95.844 Thread 0x0000021dd3ae7a80 10197       1       com.mongodb.internal.connection.ConcurrentLinkedDeque$Node::isMarker (14 bytes)
Event: 95.844 Thread 0x0000021dd3ae7a80 nmethod 10197 0x0000021dc55c3010 code [0x0000021dc55c31a0, 0x0000021dc55c3278]
Event: 105.652 Thread 0x0000021dd3ae7a80 10198  s    1       java.net.Socket::setSoTimeout (47 bytes)
Event: 105.652 Thread 0x0000021dd3ae7a80 nmethod 10198 0x0000021dc55c2810 code [0x0000021dc55c2a00, 0x0000021dc55c2e28]
Event: 105.652 Thread 0x0000021dd3ae7a80 10199       1       sun.nio.ch.NioSocketImpl::intValue (43 bytes)
Event: 105.652 Thread 0x0000021dd3ae7a80 nmethod 10199 0x0000021dc55c1f90 code [0x0000021dc55c2180, 0x0000021dc55c25d8]
Event: 105.657 Thread 0x0000021dd3ae7a80 10200       1       com.mongodb.connection.ServerDescription::isPrimary (43 bytes)
Event: 105.658 Thread 0x0000021dd3ae7a80 nmethod 10200 0x0000021dc55c1c10 code [0x0000021dc55c1da0, 0x0000021dc55c1ed8]
Event: 105.845 Thread 0x0000021dd3ae7a80 10201       1       org.bson.io.OutputBuffer::writeInt32 (42 bytes)
Event: 105.845 Thread 0x0000021dd3ae7a80 nmethod 10201 0x0000021dc55c1790 code [0x0000021dc55c1960, 0x0000021dc55c1b18]
Event: 105.869 Thread 0x0000021dd3ae7a80 10202   !   1       sun.nio.ch.NioSocketImpl::configureNonBlocking (63 bytes)
Event: 105.869 Thread 0x0000021dd3ae7a80 nmethod 10202 0x0000021dc55c1010 code [0x0000021dc55c11e0, 0x0000021dc55c1528]
Event: 105.869 Thread 0x0000021dd3ae7a80 10203       1       org.bson.ByteBufNIO::release (44 bytes)
Event: 105.869 Thread 0x0000021dd3ae7a80 nmethod 10203 0x0000021dc55c0b10 code [0x0000021dc55c0cc0, 0x0000021dc55c0ec8]

GC Heap History (20 events):
Event: 4.058 GC heap before
{Heap before GC invocations=11 (full 0):
 garbage-first heap   total 81920K, used 25431K [0x0000000702400000, 0x0000000800000000)
  region size 2048K, 4 young (8192K), 3 survivors (6144K)
 Metaspace       used 44406K, committed 44736K, reserved 1114112K
  class space    used 6389K, committed 6528K, reserved 1048576K
}
Event: 4.061 GC heap after
{Heap after GC invocations=12 (full 0):
 garbage-first heap   total 81920K, used 23727K [0x0000000702400000, 0x0000000800000000)
  region size 2048K, 1 young (2048K), 1 survivors (2048K)
 Metaspace       used 44406K, committed 44736K, reserved 1114112K
  class space    used 6389K, committed 6528K, reserved 1048576K
}
Event: 4.665 GC heap before
{Heap before GC invocations=12 (full 0):
 garbage-first heap   total 81920K, used 60591K [0x0000000702400000, 0x0000000800000000)
  region size 2048K, 19 young (38912K), 1 survivors (2048K)
 Metaspace       used 48939K, committed 49344K, reserved 1114112K
  class space    used 7044K, committed 7232K, reserved 1048576K
}
Event: 4.667 GC heap after
{Heap after GC invocations=13 (full 0):
 garbage-first heap   total 81920K, used 25841K [0x0000000702400000, 0x0000000800000000)
  region size 2048K, 2 young (4096K), 2 survivors (4096K)
 Metaspace       used 48939K, committed 49344K, reserved 1114112K
  class space    used 7044K, committed 7232K, reserved 1048576K
}
Event: 5.086 GC heap before
{Heap before GC invocations=13 (full 0):
 garbage-first heap   total 81920K, used 60657K [0x0000000702400000, 0x0000000800000000)
  region size 2048K, 19 young (38912K), 2 survivors (4096K)
 Metaspace       used 54645K, committed 55104K, reserved 1114112K
  class space    used 7904K, committed 8128K, reserved 1048576K
}
Event: 5.091 GC heap after
{Heap after GC invocations=14 (full 0):
 garbage-first heap   total 81920K, used 28632K [0x0000000702400000, 0x0000000800000000)
  region size 2048K, 3 young (6144K), 3 survivors (6144K)
 Metaspace       used 54645K, committed 55104K, reserved 1114112K
  class space    used 7904K, committed 8128K, reserved 1048576K
}
Event: 5.418 GC heap before
{Heap before GC invocations=14 (full 0):
 garbage-first heap   total 81920K, used 57304K [0x0000000702400000, 0x0000000800000000)
  region size 2048K, 18 young (36864K), 3 survivors (6144K)
 Metaspace       used 59882K, committed 60288K, reserved 1114112K
  class space    used 8577K, committed 8768K, reserved 1048576K
}
Event: 5.425 GC heap after
{Heap after GC invocations=15 (full 0):
 garbage-first heap   total 81920K, used 32103K [0x0000000702400000, 0x0000000800000000)
  region size 2048K, 3 young (6144K), 3 survivors (6144K)
 Metaspace       used 59882K, committed 60288K, reserved 1114112K
  class space    used 8577K, committed 8768K, reserved 1048576K
}
Event: 5.864 GC heap before
{Heap before GC invocations=16 (full 0):
 garbage-first heap   total 81920K, used 60775K [0x0000000702400000, 0x0000000800000000)
  region size 2048K, 18 young (36864K), 3 survivors (6144K)
 Metaspace       used 64141K, committed 64704K, reserved 1114112K
  class space    used 9203K, committed 9472K, reserved 1048576K
}
Event: 5.874 GC heap after
{Heap after GC invocations=17 (full 0):
 garbage-first heap   total 120832K, used 35404K [0x0000000702400000, 0x0000000800000000)
  region size 2048K, 2 young (4096K), 2 survivors (4096K)
 Metaspace       used 64141K, committed 64704K, reserved 1114112K
  class space    used 9203K, committed 9472K, reserved 1048576K
}
Event: 5.877 GC heap before
{Heap before GC invocations=17 (full 0):
 garbage-first heap   total 120832K, used 37452K [0x0000000702400000, 0x0000000800000000)
  region size 2048K, 3 young (6144K), 2 survivors (4096K)
 Metaspace       used 64146K, committed 64704K, reserved 1114112K
  class space    used 9205K, committed 9472K, reserved 1048576K
}
Event: 5.880 GC heap after
{Heap after GC invocations=18 (full 0):
 garbage-first heap   total 120832K, used 35909K [0x0000000702400000, 0x0000000800000000)
  region size 2048K, 1 young (2048K), 1 survivors (2048K)
 Metaspace       used 64146K, committed 64704K, reserved 1114112K
  class space    used 9205K, committed 9472K, reserved 1048576K
}
Event: 6.010 GC heap before
{Heap before GC invocations=18 (full 0):
 garbage-first heap   total 120832K, used 89157K [0x0000000702400000, 0x0000000800000000)
  region size 2048K, 28 young (57344K), 1 survivors (2048K)
 Metaspace       used 64224K, committed 64768K, reserved 1114112K
  class space    used 9215K, committed 9472K, reserved 1048576K
}
Event: 6.015 GC heap after
{Heap after GC invocations=19 (full 0):
 garbage-first heap   total 120832K, used 48707K [0x0000000702400000, 0x0000000800000000)
  region size 2048K, 4 young (8192K), 4 survivors (8192K)
 Metaspace       used 64224K, committed 64768K, reserved 1114112K
  class space    used 9215K, committed 9472K, reserved 1048576K
}
Event: 6.124 GC heap before
{Heap before GC invocations=20 (full 0):
 garbage-first heap   total 133120K, used 87619K [0x0000000702400000, 0x0000000800000000)
  region size 2048K, 24 young (49152K), 4 survivors (8192K)
 Metaspace       used 64255K, committed 64768K, reserved 1114112K
  class space    used 9215K, committed 9472K, reserved 1048576K
}
Event: 6.128 GC heap after
{Heap after GC invocations=21 (full 0):
 garbage-first heap   total 133120K, used 50511K [0x0000000702400000, 0x0000000800000000)
  region size 2048K, 2 young (4096K), 2 survivors (4096K)
 Metaspace       used 64255K, committed 64768K, reserved 1114112K
  class space    used 9215K, committed 9472K, reserved 1048576K
}
Event: 6.151 GC heap before
{Heap before GC invocations=21 (full 0):
 garbage-first heap   total 133120K, used 52559K [0x0000000702400000, 0x0000000800000000)
  region size 2048K, 3 young (6144K), 2 survivors (4096K)
 Metaspace       used 64463K, committed 64960K, reserved 1114112K
  class space    used 9248K, committed 9472K, reserved 1048576K
}
Event: 6.153 GC heap after
{Heap after GC invocations=22 (full 0):
 garbage-first heap   total 133120K, used 50580K [0x0000000702400000, 0x0000000800000000)
  region size 2048K, 1 young (2048K), 1 survivors (2048K)
 Metaspace       used 64463K, committed 64960K, reserved 1114112K
  class space    used 9248K, committed 9472K, reserved 1048576K
}
Event: 20.667 GC heap before
{Heap before GC invocations=22 (full 0):
 garbage-first heap   total 133120K, used 95636K [0x0000000702400000, 0x0000000800000000)
  region size 2048K, 24 young (49152K), 1 survivors (2048K)
 Metaspace       used 73090K, committed 73664K, reserved 1114112K
  class space    used 10341K, committed 10624K, reserved 1048576K
}
Event: 20.677 GC heap after
{Heap after GC invocations=23 (full 0):
 garbage-first heap   total 315392K, used 55148K [0x0000000702400000, 0x0000000800000000)
  region size 2048K, 3 young (6144K), 3 survivors (6144K)
 Metaspace       used 73090K, committed 73664K, reserved 1114112K
  class space    used 10341K, committed 10624K, reserved 1048576K
}

Deoptimization events (10 events):
Event: 1.979 Thread 0x0000021e1992e4a0 DEOPT PACKING pc=0x0000021dc4a5d754 sp=0x000000e1231fd0e0
Event: 1.979 Thread 0x0000021e1992e4a0 DEOPT UNPACKING pc=0x0000021dc44c2b43 sp=0x000000e1231fc638 mode 0
Event: 3.022 Thread 0x0000021e1992e4a0 DEOPT PACKING pc=0x0000021dc4a4f489 sp=0x000000e1231fbcd0
Event: 3.022 Thread 0x0000021e1992e4a0 DEOPT UNPACKING pc=0x0000021dc44c2b43 sp=0x000000e1231fb160 mode 3
Event: 3.023 Thread 0x0000021e1a6428f0 DEOPT PACKING pc=0x0000021dc49e9a9f sp=0x000000e1237ff390
Event: 3.023 Thread 0x0000021e1a6428f0 DEOPT UNPACKING pc=0x0000021dc44c2b43 sp=0x000000e1237fe7e8 mode 3
Event: 4.433 Thread 0x0000021e1992e4a0 DEOPT PACKING pc=0x0000021dc4a1ce62 sp=0x000000e1231fa9b0
Event: 4.433 Thread 0x0000021e1992e4a0 DEOPT UNPACKING pc=0x0000021dc44c2b43 sp=0x000000e1231f9eb8 mode 3
Event: 4.434 Thread 0x0000021e1992e4a0 DEOPT PACKING pc=0x0000021dc4a09a65 sp=0x000000e1231fa970
Event: 4.434 Thread 0x0000021e1992e4a0 DEOPT UNPACKING pc=0x0000021dc44c2b43 sp=0x000000e1231f9eb8 mode 3

Classes unloaded (7 events):
Event: 6.061 Thread 0x0000021dd3acc760 Unloading class 0x0000021dd5823c00 'jdk/internal/reflect/GeneratedSerializationConstructorAccessor10'
Event: 6.061 Thread 0x0000021dd3acc760 Unloading class 0x0000021dd5823000 'jdk/internal/reflect/GeneratedSerializationConstructorAccessor9'
Event: 6.061 Thread 0x0000021dd3acc760 Unloading class 0x0000021dd5822c00 'jdk/internal/reflect/GeneratedSerializationConstructorAccessor8'
Event: 6.061 Thread 0x0000021dd3acc760 Unloading class 0x0000021dd5822800 'jdk/internal/reflect/GeneratedSerializationConstructorAccessor7'
Event: 6.061 Thread 0x0000021dd3acc760 Unloading class 0x0000021dd5783000 'jdk/internal/reflect/GeneratedSerializationConstructorAccessor6'
Event: 6.061 Thread 0x0000021dd3acc760 Unloading class 0x0000021dd5780800 'jdk/internal/reflect/GeneratedSerializationConstructorAccessor5'
Event: 6.061 Thread 0x0000021dd3acc760 Unloading class 0x0000021dd5780000 'jdk/internal/reflect/GeneratedSerializationConstructorAccessor4'

Classes redefined (0 events):
No events

Internal exceptions (20 events):
Event: 28.963 Thread 0x0000021e1b88ef90 Exception <a 'java/lang/NoSuchMethodError'{0x000000071362e2b8}: 'java.lang.Object java.lang.invoke.DirectMethodHandle$Holder.invokeSpecial(java.lang.Object, java.lang.Object, long, java.lang.Object, java.lang.Object, java.lang.Object, java.lang.Object, java.lang.Object, java.lang.Object, java.lang.Object, java.lang.Object, java.lang.Object, java.lang.Object, java.lang.Object)'> (0x000000071362e2b8) 
thrown [s\open\src\hotspot\share\interpreter\linkResolver.cpp, line 759]
Event: 28.964 Thread 0x0000021e1b88ef90 Exception <a 'java/lang/NoSuchMethodError'{0x0000000713633058}: 'java.lang.Object java.lang.invoke.DelegatingMethodHandle$Holder.reinvoke_L(java.lang.Object, long, java.lang.Object, java.lang.Object, java.lang.Object, java.lang.Object, java.lang.Object, java.lang.Object, java.lang.Object, java.lang.Object, java.lang.Object, java.lang.Object, java.lang.Object)'> (0x0000000713633058) 
thrown [s\open\src\hotspot\share\interpreter\linkResolver.cpp, line 759]
Event: 28.967 Thread 0x0000021e1b88ef90 Exception <a 'java/lang/NoSuchMethodError'{0x000000071367ca10}: 'java.lang.Object java.lang.invoke.DirectMethodHandle$Holder.invokeSpecial(java.lang.Object, java.lang.Object, java.lang.Object, java.lang.Object, java.lang.Object, java.lang.Object, java.lang.Object, java.lang.Object, java.lang.Object, java.lang.Object, java.lang.Object, java.lang.Object, java.lang.Object)'> (0x000000071367ca10) 
thrown [s\open\src\hotspot\share\interpreter\linkResolver.cpp, line 759]
Event: 28.968 Thread 0x0000021e1b88ef90 Exception <a 'java/lang/NoSuchMethodError'{0x0000000713681a38}: 'java.lang.Object java.lang.invoke.Invokers$Holder.linkToTargetMethod(java.lang.Object, java.lang.Object, java.lang.Object, java.lang.Object, java.lang.Object, java.lang.Object, java.lang.Object, java.lang.Object, java.lang.Object, java.lang.Object, java.lang.Object, java.lang.Object)'> (0x0000000713681a38) 
thrown [s\open\src\hotspot\share\interpreter\linkResolver.cpp, line 759]
Event: 29.014 Thread 0x0000021e1b88db50 Exception <a 'java/lang/reflect/InvocationTargetException'{0x00000007135b93e0}> (0x00000007135b93e0) 
thrown [s\open\src\hotspot\share\runtime\reflection.cpp, line 1121]
Event: 29.240 Thread 0x0000021e1b88db50 Exception <a 'java/lang/NoSuchMethodError'{0x0000000713381ce0}: 'java.lang.Object java.lang.invoke.DirectMethodHandle$Holder.invokeVirtual(java.lang.Object, java.lang.Object, java.lang.Object, java.lang.Object, java.lang.Object)'> (0x0000000713381ce0) 
thrown [s\open\src\hotspot\share\interpreter\linkResolver.cpp, line 759]
Event: 29.253 Thread 0x0000021e1b88db50 Exception <a 'java/lang/NoSuchMethodError'{0x0000000713072c10}: 'void java.lang.invoke.Invokers$Holder.invoke_MT(java.lang.Object, java.lang.Object, java.lang.Object, java.lang.Object)'> (0x0000000713072c10) 
thrown [s\open\src\hotspot\share\interpreter\linkResolver.cpp, line 759]
Event: 32.878 Thread 0x0000021e1b890df0 Exception <a 'java/net/SocketException'{0x00000007138e2130}: Connection reset by peer: shutdown> (0x00000007138e2130) 
thrown [s\open\src\hotspot\share\prims\jni.cpp, line 535]
Event: 33.199 Thread 0x0000021e1bb2b020 Exception <a 'java/lang/NoSuchMethodError'{0x000000071180c7a0}: 'java.lang.Object java.lang.invoke.DirectMethodHandle$Holder.newInvokeSpecial(java.lang.Object, java.lang.Object, java.lang.Object, long)'> (0x000000071180c7a0) 
thrown [s\open\src\hotspot\share\interpreter\linkResolver.cpp, line 759]
Event: 33.199 Thread 0x0000021e1bb2b020 Exception <a 'java/lang/NoSuchMethodError'{0x0000000711810a98}: 'java.lang.Object java.lang.invoke.DirectMethodHandle$Holder.invokeSpecial(java.lang.Object, java.lang.Object, java.lang.Object, java.lang.Object, long)'> (0x0000000711810a98) 
thrown [s\open\src\hotspot\share\interpreter\linkResolver.cpp, line 759]
Event: 33.199 Thread 0x0000021e1bb2b020 Exception <a 'java/lang/NoSuchMethodError'{0x0000000711814668}: 'java.lang.Object java.lang.invoke.Invokers$Holder.linkToTargetMethod(java.lang.Object, java.lang.Object, long, java.lang.Object)'> (0x0000000711814668) 
thrown [s\open\src\hotspot\share\interpreter\linkResolver.cpp, line 759]
Event: 48.134 Thread 0x0000021e1b892230 Exception <a 'java/lang/ClassNotFoundException'{0x00000007102bb1c0}: java/lang/ObjectCustomizer> (0x00000007102bb1c0) 
thrown [s\open\src\hotspot\share\classfile\systemDictionary.cpp, line 256]
Event: 48.135 Thread 0x0000021e1b892230 Exception <a 'java/lang/ClassNotFoundException'{0x00000007103016e0}: it/cnr/istc/psts/wikitel/db/LessonEntityCustomizer> (0x00000007103016e0) 
thrown [s\open\src\hotspot\share\classfile\systemDictionary.cpp, line 256]
Event: 48.155 Thread 0x0000021e1b892230 Exception <a 'java/lang/ClassNotFoundException'{0x00000007100015b8}: java/lang/ObjectCustomizer> (0x00000007100015b8) 
thrown [s\open\src\hotspot\share\classfile\systemDictionary.cpp, line 256]
Event: 48.156 Thread 0x0000021e1b892230 Exception <a 'java/lang/ClassNotFoundException'{0x0000000710010b50}: it/cnr/istc/psts/wikitel/db/UserEntityCustomizer> (0x0000000710010b50) 
thrown [s\open\src\hotspot\share\classfile\systemDictionary.cpp, line 256]
Event: 48.231 Thread 0x0000021e1b892230 Exception <a 'java/lang/NoSuchMethodError'{0x000000070fdb1f50}: 'java.lang.Object java.lang.invoke.DelegatingMethodHandle$Holder.reinvoke_L(java.lang.Object, java.lang.Object, long, java.lang.Object, java.lang.Object, java.lang.Object, java.lang.Object, java.lang.Object, java.lang.Object, java.lang.Object, java.lang.Object, java.lang.Object, java.lang.Object, java.lang.Object, java.lang.Object, java.lang.Object, java.lang.Object, java.lang.Object, java.lang.Object)'> (0x000000070fdb1f50) 
thrown [s\open\sr
Event: 48.236 Thread 0x0000021e1b892230 Exception <a 'java/lang/NoSuchMethodError'{0x000000070fdfdf30}: 'java.lang.Object java.lang.invoke.DirectMethodHandle$Holder.invokeSpecial(java.lang.Object, java.lang.Object, long, java.lang.Object, java.lang.Object, java.lang.Object, java.lang.Object, java.lang.Object, java.lang.Object, java.lang.Object, java.lang.Object, java.lang.Object, java.lang.Object, java.lang.Object, java.lang.Object, java.lang.Object, java.lang.Object, java.lang.Object, java.lang.Object)'> (0x000000070fdfdf30) 
thrown [s\open\src
Event: 48.236 Thread 0x0000021e1b892230 Exception <a 'java/lang/NoSuchMethodError'{0x000000070fa036e0}: 'java.lang.Object java.lang.invoke.DelegatingMethodHandle$Holder.reinvoke_L(java.lang.Object, long, java.lang.Object, java.lang.Object, java.lang.Object, java.lang.Object, java.lang.Object, java.lang.Object, java.lang.Object, java.lang.Object, java.lang.Object, java.lang.Object, java.lang.Object, java.lang.Object, java.lang.Object, java.lang.Object, java.lang.Object, java.lang.Object)'> (0x000000070fa036e0) 
thrown [s\open\src\hotspot\share\in
Event: 48.237 Thread 0x0000021e1b892230 Exception <a 'java/lang/NoSuchMethodError'{0x000000070fa486c8}: 'java.lang.Object java.lang.invoke.Invokers$Holder.linkToTargetMethod(java.lang.Object, java.lang.Object, java.lang.Object, java.lang.Object, java.lang.Object, java.lang.Object, java.lang.Object, java.lang.Object, java.lang.Object, java.lang.Object, java.lang.Object, java.lang.Object, java.lang.Object, java.lang.Object, java.lang.Object, java.lang.Object, java.lang.Object)'> (0x000000070fa486c8) 
thrown [s\open\src\hotspot\share\interpreter\li
Event: 51.497 Thread 0x0000021e1b891300 Exception <a 'java/net/SocketException'{0x00000007125f7cd0}: Connection reset by peer: shutdown> (0x00000007125f7cd0) 
thrown [s\open\src\hotspot\share\prims\jni.cpp, line 535]

VM Operations (20 events):
Event: 49.138 Executing VM operation: Cleanup
Event: 49.138 Executing VM operation: Cleanup done
Event: 52.150 Executing VM operation: Cleanup
Event: 52.150 Executing VM operation: Cleanup done
Event: 56.176 Executing VM operation: Cleanup
Event: 56.176 Executing VM operation: Cleanup done
Event: 60.166 Executing VM operation: HandshakeAllThreads
Event: 60.167 Executing VM operation: HandshakeAllThreads done
Event: 63.187 Executing VM operation: Cleanup
Event: 63.188 Executing VM operation: Cleanup done
Event: 66.218 Executing VM operation: Cleanup
Event: 66.218 Executing VM operation: Cleanup done
Event: 67.224 Executing VM operation: Cleanup
Event: 67.224 Executing VM operation: Cleanup done
Event: 86.372 Executing VM operation: Cleanup
Event: 86.372 Executing VM operation: Cleanup done
Event: 90.422 Executing VM operation: Cleanup
Event: 90.422 Executing VM operation: Cleanup done
Event: 94.452 Executing VM operation: Cleanup
Event: 94.452 Executing VM operation: Cleanup done

Events (20 events):
Event: 55.827 Thread 0x0000021e1bcbc020 Thread added: 0x0000021e1bcbc020
Event: 65.049 Thread 0x0000021e1a643310 Thread exited: 0x0000021e1a643310
Event: 72.572 Thread 0x0000021e1bcbc020 Thread exited: 0x0000021e1bcbc020
Event: 88.687 Thread 0x0000021e1bb2e2c0 Thread exited: 0x0000021e1bb2e2c0
Event: 89.967 Thread 0x0000021e1bb291c0 Thread exited: 0x0000021e1bb291c0
Event: 89.999 Thread 0x0000021e1bb2e7d0 Thread exited: 0x0000021e1bb2e7d0
Event: 90.005 Thread 0x0000021e1bb27870 Thread exited: 0x0000021e1bb27870
Event: 92.892 Thread 0x0000021e192d2b90 Thread exited: 0x0000021e192d2b90
Event: 93.154 Thread 0x0000021e1b88e570 Thread exited: 0x0000021e1b88e570
Event: 93.154 Thread 0x0000021e1bb2d8a0 Thread exited: 0x0000021e1bb2d8a0
Event: 93.232 Thread 0x0000021e1bb2b020 Thread exited: 0x0000021e1bb2b020
Event: 93.772 Thread 0x0000021e1c51d760 Thread added: 0x0000021e1c51d760
Event: 95.035 Thread 0x0000021e1bb2b530 Thread exited: 0x0000021e1bb2b530
Event: 95.036 Thread 0x0000021e1bb2c460 Thread exited: 0x0000021e1bb2c460
Event: 95.771 Thread 0x0000021e1bb2a600 Thread exited: 0x0000021e1bb2a600
Event: 95.771 Thread 0x0000021e1bb2ab10 Thread exited: 0x0000021e1bb2ab10
Event: 95.771 Thread 0x0000021e1bb28290 Thread exited: 0x0000021e1bb28290
Event: 95.771 Thread 0x0000021e1bb27d80 Thread exited: 0x0000021e1bb27d80
Event: 95.771 Thread 0x0000021e1bb27360 Thread exited: 0x0000021e1bb27360
Event: 95.787 Thread 0x0000021e1bb287a0 Thread exited: 0x0000021e1bb287a0


Dynamic libraries:
0x00007ff6e2b20000 - 0x00007ff6e2b30000 	C:\Program Files\Java\jdk-17\bin\java.exe
0x00007ffbd47b0000 - 0x00007ffbd49c6000 	C:\WINDOWS\SYSTEM32\ntdll.dll
0x00007ffbd40c0000 - 0x00007ffbd4184000 	C:\WINDOWS\System32\KERNEL32.DLL
0x00007ffbd1eb0000 - 0x00007ffbd2257000 	C:\WINDOWS\System32\KERNELBASE.dll
0x00007ffbd22d0000 - 0x00007ffbd23e1000 	C:\WINDOWS\System32\ucrtbase.dll
0x00007ffbbae50000 - 0x00007ffbbae6b000 	C:\Program Files\Java\jdk-17\bin\VCRUNTIME140.dll
0x00007ffbba4e0000 - 0x00007ffbba4f9000 	C:\Program Files\Java\jdk-17\bin\jli.dll
0x00007ffbd25f0000 - 0x00007ffbd26a2000 	C:\WINDOWS\System32\ADVAPI32.dll
0x00007ffbd2730000 - 0x00007ffbd27d7000 	C:\WINDOWS\System32\msvcrt.dll
0x00007ffbd4190000 - 0x00007ffbd4238000 	C:\WINDOWS\System32\sechost.dll
0x00007ffbd23f0000 - 0x00007ffbd2418000 	C:\WINDOWS\System32\bcrypt.dll
0x00007ffbd2c70000 - 0x00007ffbd2d85000 	C:\WINDOWS\System32\RPCRT4.dll
0x00007ffbd4250000 - 0x00007ffbd43fe000 	C:\WINDOWS\System32\USER32.dll
0x00007ffbd1e00000 - 0x00007ffbd1e26000 	C:\WINDOWS\System32\win32u.dll
0x00007ffbb68b0000 - 0x00007ffbb6b43000 	C:\WINDOWS\WinSxS\amd64_microsoft.windows.common-controls_6595b64144ccf1df_6.0.22621.3235_none_270f74e173860f98\COMCTL32.dll
0x00007ffbd25c0000 - 0x00007ffbd25e9000 	C:\WINDOWS\System32\GDI32.dll
0x00007ffbd1b70000 - 0x00007ffbd1c89000 	C:\WINDOWS\System32\gdi32full.dll
0x00007ffbd1ad0000 - 0x00007ffbd1b6a000 	C:\WINDOWS\System32\msvcp_win.dll
0x00007ffbc92f0000 - 0x00007ffbc92fa000 	C:\WINDOWS\SYSTEM32\VERSION.dll
0x00007ffbd45e0000 - 0x00007ffbd4611000 	C:\WINDOWS\System32\IMM32.DLL
0x00007ffbcce90000 - 0x00007ffbcce9c000 	C:\Program Files\Java\jdk-17\bin\vcruntime140_1.dll
0x00007ffbb9a90000 - 0x00007ffbb9b1e000 	C:\Program Files\Java\jdk-17\bin\msvcp140.dll
0x00007ffb34600000 - 0x00007ffb351df000 	C:\Program Files\Java\jdk-17\bin\server\jvm.dll
0x00007ffbd4240000 - 0x00007ffbd4248000 	C:\WINDOWS\System32\PSAPI.DLL
0x00007ffbcc770000 - 0x00007ffbcc779000 	C:\WINDOWS\SYSTEM32\WSOCK32.dll
0x00007ffbc9b20000 - 0x00007ffbc9b54000 	C:\WINDOWS\SYSTEM32\WINMM.dll
0x00007ffbd44b0000 - 0x00007ffbd4521000 	C:\WINDOWS\System32\WS2_32.dll
0x00007ffbd0a70000 - 0x00007ffbd0a88000 	C:\WINDOWS\SYSTEM32\kernel.appcore.dll
0x00007ffbbb740000 - 0x00007ffbbb74a000 	C:\Program Files\Java\jdk-17\bin\jimage.dll
0x00007ffbcf3e0000 - 0x00007ffbcf613000 	C:\WINDOWS\SYSTEM32\DBGHELP.DLL
0x00007ffbd2dd0000 - 0x00007ffbd3158000 	C:\WINDOWS\System32\combase.dll
0x00007ffbd24e0000 - 0x00007ffbd25b7000 	C:\WINDOWS\System32\OLEAUT32.dll
0x00007ffbb8920000 - 0x00007ffbb8952000 	C:\WINDOWS\SYSTEM32\dbgcore.DLL
0x00007ffbd1e30000 - 0x00007ffbd1ea9000 	C:\WINDOWS\System32\bcryptPrimitives.dll
0x00007ffba45e0000 - 0x00007ffba45ee000 	C:\Program Files\Java\jdk-17\bin\instrument.dll
0x00007ffb8ed20000 - 0x00007ffb8ed45000 	C:\Program Files\Java\jdk-17\bin\java.dll
0x00007ffb87830000 - 0x00007ffb87907000 	C:\Program Files\Java\jdk-17\bin\jsvml.dll
0x00007ffbd3320000 - 0x00007ffbd3b7c000 	C:\WINDOWS\System32\SHELL32.dll
0x00007ffbcf9e0000 - 0x00007ffbd02d9000 	C:\WINDOWS\SYSTEM32\windows.storage.dll
0x00007ffbcf8a0000 - 0x00007ffbcf9de000 	C:\WINDOWS\SYSTEM32\wintypes.dll
0x00007ffbd2b70000 - 0x00007ffbd2c63000 	C:\WINDOWS\System32\SHCORE.dll
0x00007ffbd3be0000 - 0x00007ffbd3c3e000 	C:\WINDOWS\System32\shlwapi.dll
0x00007ffbd1a00000 - 0x00007ffbd1a21000 	C:\WINDOWS\SYSTEM32\profapi.dll
0x00007ffb93b90000 - 0x00007ffb93ba8000 	C:\Program Files\Java\jdk-17\bin\zip.dll
0x00007ffbb9a70000 - 0x00007ffbb9a89000 	C:\Program Files\Java\jdk-17\bin\net.dll
0x00007ffbcb4d0000 - 0x00007ffbcb606000 	C:\WINDOWS\SYSTEM32\WINHTTP.dll
0x00007ffbd0f30000 - 0x00007ffbd0f99000 	C:\WINDOWS\system32\mswsock.dll
0x00007ffb9e080000 - 0x00007ffb9e096000 	C:\Program Files\Java\jdk-17\bin\nio.dll
0x00007ffb8f720000 - 0x00007ffb8f73a000 	C:\Program Files\JetBrains\IntelliJ IDEA 2024.1\bin\breakgen64.dll
0x00007ffbd05b0000 - 0x00007ffbd06a9000 	C:\WINDOWS\SYSTEM32\DNSAPI.dll
0x00007ffbd0540000 - 0x00007ffbd056d000 	C:\WINDOWS\SYSTEM32\IPHLPAPI.DLL
0x00007ffbd3310000 - 0x00007ffbd3319000 	C:\WINDOWS\System32\NSI.dll
0x00007ffbc9300000 - 0x00007ffbc930a000 	C:\Windows\System32\rasadhlp.dll
0x00007ffbc9fd0000 - 0x00007ffbca053000 	C:\WINDOWS\System32\fwpuclnt.dll
0x00007ffb9f5e0000 - 0x00007ffb9f5ea000 	C:\Program Files\Java\jdk-17\bin\management.dll
0x00007ffb9f310000 - 0x00007ffb9f31b000 	C:\Program Files\Java\jdk-17\bin\management_ext.dll
0x00007ffbd1220000 - 0x00007ffbd123b000 	C:\WINDOWS\SYSTEM32\CRYPTSP.dll
0x00007ffbd0a30000 - 0x00007ffbd0a65000 	C:\WINDOWS\system32\rsaenh.dll
0x00007ffbd0fd0000 - 0x00007ffbd0ff8000 	C:\WINDOWS\SYSTEM32\USERENV.dll
0x00007ffbd1130000 - 0x00007ffbd113c000 	C:\WINDOWS\SYSTEM32\CRYPTBASE.dll
0x00007ffbcb860000 - 0x00007ffbcb879000 	C:\WINDOWS\SYSTEM32\dhcpcsvc6.DLL
0x00007ffbcb830000 - 0x00007ffbcb84f000 	C:\WINDOWS\SYSTEM32\dhcpcsvc.DLL
0x00007ffbb64f0000 - 0x00007ffbb6507000 	C:\WINDOWS\system32\napinsp.dll
0x00007ffbb5d40000 - 0x00007ffbb5d5b000 	C:\WINDOWS\system32\pnrpnsp.dll
0x00007ffbb38c0000 - 0x00007ffbb38d1000 	C:\WINDOWS\System32\winrnr.dll
0x00007ffb96ad0000 - 0x00007ffb96ae5000 	C:\WINDOWS\system32\wshbth.dll
0x00007ffbb1b30000 - 0x00007ffbb1b51000 	C:\WINDOWS\system32\nlansp_c.dll
0x00007ffb9eef0000 - 0x00007ffb9ef00000 	C:\Program Files\Java\jdk-17\bin\verify.dll
0x00007ffb9f080000 - 0x00007ffb9f08e000 	C:\Program Files\Java\jdk-17\bin\sunmscapi.dll
0x00007ffbd1c90000 - 0x00007ffbd1df7000 	C:\WINDOWS\System32\CRYPT32.dll
0x00007ffbd1320000 - 0x00007ffbd134e000 	C:\WINDOWS\SYSTEM32\ncrypt.dll
0x00007ffbd12d0000 - 0x00007ffbd1307000 	C:\WINDOWS\SYSTEM32\NTASN1.dll
0x00007ffbacff0000 - 0x00007ffbacff8000 	C:\WINDOWS\system32\wshunix.dll
0x00007ffb9eec0000 - 0x00007ffb9eef0000 	C:\Users\aliyo\OneDrive\Desktop\Wikitel-new-main\oRatio-0502ce8a6ee0d6f24f1ec350e61af90d72526092\build\bin\Debug\json.dll
0x00007ffb9ee90000 - 0x00007ffb9eebe000 	C:\WINDOWS\SYSTEM32\VCRUNTIME140D.dll
0x00007ffb9ee80000 - 0x00007ffb9ee8f000 	C:\WINDOWS\SYSTEM32\VCRUNTIME140_1D.dll
0x00007ffb63cb0000 - 0x00007ffb63d91000 	C:\WINDOWS\SYSTEM32\MSVCP140D.dll
0x00007ffb3ca60000 - 0x00007ffb3cc81000 	C:\WINDOWS\SYSTEM32\ucrtbased.dll
0x00007ffb4e9b0000 - 0x00007ffb4eb1c000 	C:\Users\aliyo\OneDrive\Desktop\Wikitel-new-main\oRatio-0502ce8a6ee0d6f24f1ec350e61af90d72526092\build\bin\Debug\smt.dll
0x00007ffb875b0000 - 0x00007ffb87623000 	C:\Users\aliyo\OneDrive\Desktop\Wikitel-new-main\oRatio-0502ce8a6ee0d6f24f1ec350e61af90d72526092\build\bin\Debug\riddle.dll
0x00007ffb63b80000 - 0x00007ffb63ca2000 	C:\Users\aliyo\OneDrive\Desktop\Wikitel-new-main\oRatio-0502ce8a6ee0d6f24f1ec350e61af90d72526092\build\bin\Debug\core.dll
0x00007ffb3c8e0000 - 0x00007ffb3ca56000 	C:\Users\aliyo\OneDrive\Desktop\Wikitel-new-main\oRatio-0502ce8a6ee0d6f24f1ec350e61af90d72526092\build\bin\Debug\solver.dll
0x00007ffb67320000 - 0x00007ffb673a6000 	C:\Users\aliyo\OneDrive\Desktop\Wikitel-new-main\oRatio-0502ce8a6ee0d6f24f1ec350e61af90d72526092\build\bin\Debug\executor.dll
0x00007ffb64cc0000 - 0x00007ffb64d49000 	C:\Users\aliyo\OneDrive\Desktop\Wikitel-new-main\oRatio-0502ce8a6ee0d6f24f1ec350e61af90d72526092\build\bin\Debug\solver-java-api.dll
0x00007ffb87570000 - 0x00007ffb875ae000 	C:\Users\aliyo\OneDrive\Desktop\Wikitel-new-main\oRatio-0502ce8a6ee0d6f24f1ec350e61af90d72526092\build\bin\Debug\executor-java-api.dll
0x00007ffb93620000 - 0x00007ffb93646000 	C:\WINDOWS\SYSTEM32\apisethost.appexecutionalias.dll
0x00007ffbb8e00000 - 0x00007ffbb8f03000 	C:\WINDOWS\SYSTEM32\daxexec.dll
0x00007ffbb8db0000 - 0x00007ffbb8df4000 	C:\WINDOWS\SYSTEM32\container.dll
0x00007ffbd4530000 - 0x00007ffbd45e0000 	C:\WINDOWS\System32\clbcatq.dll
0x00007ffbae420000 - 0x00007ffbae487000 	C:\WINDOWS\SYSTEM32\AppXAllUserStore.dll
0x00007ffbc6040000 - 0x00007ffbc607d000 	C:\WINDOWS\SYSTEM32\windows.staterepositoryclient.dll
0x00007ffbc92d0000 - 0x00007ffbc92ea000 	C:\WINDOWS\SYSTEM32\windows.staterepositorycore.dll
0x00007ffbae030000 - 0x00007ffbae090000 	C:\WINDOWS\SYSTEM32\capauthz.dll
0x00007ffbd0af0000 - 0x00007ffbd0b24000 	C:\WINDOWS\SYSTEM32\ntmarta.dll
0x00007ffbba270000 - 0x00007ffbba320000 	C:\WINDOWS\SYSTEM32\TextShaping.dll
0x00007ffbcec20000 - 0x00007ffbceccb000 	C:\WINDOWS\system32\uxtheme.dll
0x00007ffbd2a10000 - 0x00007ffbd2b63000 	C:\WINDOWS\System32\MSCTF.dll
0x00007ffbb8990000 - 0x00007ffbb8ada000 	C:\WINDOWS\SYSTEM32\textinputframework.dll
0x00007ffbce760000 - 0x00007ffbce894000 	C:\WINDOWS\SYSTEM32\CoreMessaging.dll
0x00007ffbcaa00000 - 0x00007ffbcad6c000 	C:\WINDOWS\SYSTEM32\CoreUIComponents.dll
0x00007ffbd3160000 - 0x00007ffbd3305000 	C:\WINDOWS\System32\ole32.dll

dbghelp: loaded successfully - version: 4.0.5 - missing functions: none
symbol engine: initialized successfully - sym options: 0x614 - pdb path: .;C:\Program Files\Java\jdk-17\bin;C:\WINDOWS\SYSTEM32;C:\WINDOWS\WinSxS\amd64_microsoft.windows.common-controls_6595b64144ccf1df_6.0.22621.3235_none_270f74e173860f98;C:\Program Files\Java\jdk-17\bin\server;C:\Program Files\JetBrains\IntelliJ IDEA 2024.1\bin;C:\Users\aliyo\OneDrive\Desktop\Wikitel-new-main\oRatio-0502ce8a6ee0d6f24f1ec350e61af90d72526092\build\bin\Debug

VM Arguments:
jvm_args: -XX:TieredStopAtLevel=1 -Dspring.output.ansi.enabled=always -Dcom.sun.management.jmxremote -Dspring.jmx.enabled=true -Dspring.liveBeansView.mbeanDomain -Dspring.application.admin.enabled=true -Dmanagement.endpoints.jmx.exposure.include=* -javaagent:C:\Program Files\JetBrains\IntelliJ IDEA 2024.1\lib\idea_rt.jar=57632:C:\Program Files\JetBrains\IntelliJ IDEA 2024.1\bin -Dfile.encoding=UTF-8 
java_command: it.cnr.istc.psts.WikitelNewApplication
java_class_path (initial): C:\Users\aliyo\OneDrive\Desktop\Wikitel-new-main\target\classes;C:\Users\aliyo\.m2\repository\org\springframework\boot\spring-boot-starter-mail\2.5.7\spring-boot-starter-mail-2.5.7.jar;C:\Users\aliyo\.m2\repository\org\springframework\boot\spring-boot-starter\2.5.7\spring-boot-starter-2.5.7.jar;C:\Users\aliyo\.m2\repository\org\springframework\boot\spring-boot-starter-logging\2.5.7\spring-boot-starter-logging-2.5.7.jar;C:\Users\aliyo\.m2\repository\ch\qos\logback\logback-classic\1.2.7\logback-classic-1.2.7.jar;C:\Users\aliyo\.m2\repository\ch\qos\logback\logback-core\1.2.7\logback-core-1.2.7.jar;C:\Users\aliyo\.m2\repository\org\apache\logging\log4j\log4j-to-slf4j\2.14.1\log4j-to-slf4j-2.14.1.jar;C:\Users\aliyo\.m2\repository\org\apache\logging\log4j\log4j-api\2.14.1\log4j-api-2.14.1.jar;C:\Users\aliyo\.m2\repository\org\slf4j\jul-to-slf4j\1.7.32\jul-to-slf4j-1.7.32.jar;C:\Users\aliyo\.m2\repository\jakarta\annotation\jakarta.annotation-api\1.3.5\jakarta.annotation-api-1.3.5.jar;C:\Users\aliyo\.m2\repository\org\yaml\snakeyaml\1.28\snakeyaml-1.28.jar;C:\Users\aliyo\.m2\repository\org\springframework\spring-context-support\5.3.13\spring-context-support-5.3.13.jar;C:\Users\aliyo\.m2\repository\org\springframework\spring-beans\5.3.13\spring-beans-5.3.13.jar;C:\Users\aliyo\.m2\repository\org\springframework\spring-context\5.3.13\spring-context-5.3.13.jar;C:\Users\aliyo\.m2\repository\com\sun\mail\jakarta.mail\1.6.7\jakarta.mail-1.6.7.jar;C:\Users\aliyo\.m2\repository\com\sun\activation\jakarta.activation\1.2.2\jakarta.activation-1.2.2.jar;C:\Users\aliyo\.m2\repository\org\springframework\boot\spring-boot-starter-data-jpa\2.5.7\spring-boot-starter-data-jpa-2.5.7.jar;C:\Users\aliyo\.m2\repository\org\springframework\boot\spring-boot-starter-aop\2.5.7\spring-boot-starter-aop-2.5.7.jar;C:\Users\aliyo\.m2\repository\org\aspectj\aspectjweaver\1.9.7\aspectjweaver-1.9.7.jar;C:\Users\aliyo\.m2\repository\org\springframework\boot\spring-boot-starter-j
Launcher Type: SUN_STANDARD

[Global flags]
     intx CICompilerCount                          = 4                                         {product} {ergonomic}
     uint ConcGCThreads                            = 3                                         {product} {ergonomic}
     uint G1ConcRefinementThreads                  = 10                                        {product} {ergonomic}
   size_t G1HeapRegionSize                         = 2097152                                   {product} {ergonomic}
    uintx GCDrainStackTargetSize                   = 64                                        {product} {ergonomic}
   size_t InitialHeapSize                          = 266338304                                 {product} {ergonomic}
     bool ManagementServer                         = true                                      {product} {command line}
   size_t MarkStackSize                            = 4194304                                   {product} {ergonomic}
   size_t MaxHeapSize                              = 4257218560                                {product} {ergonomic}
   size_t MaxNewSize                               = 2554331136                                {product} {ergonomic}
   size_t MinHeapDeltaBytes                        = 2097152                                   {product} {ergonomic}
   size_t MinHeapSize                              = 8388608                                   {product} {ergonomic}
    uintx NonProfiledCodeHeapSize                  = 0                                      {pd product} {ergonomic}
     bool ProfileInterpreter                       = false                                  {pd product} {command line}
    uintx ProfiledCodeHeapSize                     = 0                                      {pd product} {ergonomic}
   size_t SoftMaxHeapSize                          = 4257218560                             {manageable} {ergonomic}
     intx TieredStopAtLevel                        = 1                                         {product} {command line}
     bool UseCompressedClassPointers               = true                           {product lp64_product} {ergonomic}
     bool UseCompressedOops                        = true                           {product lp64_product} {ergonomic}
     bool UseG1GC                                  = true                                      {product} {ergonomic}
     bool UseLargePagesIndividualAllocation        = false                                  {pd product} {ergonomic}

Logging:
Log output configuration:
 #0: stdout all=warning uptime,level,tags
 #1: stderr all=off uptime,level,tags

Environment Variables:
PATH=C:\Program Files\Common Files\Oracle\Java\javapath;C:\Program Files (x86)\Common Files\Oracle\Java\javapath;C:\windows\system32;C:\windows;C:\windows\System32\Wbem;C:\windows\System32\WindowsPowerShell\v1.0\;C:\windows\System32\OpenSSH\;C:\Program Files (x86)\NVIDIA Corporation\PhysX\Common;C:\WINDOWS\system32;C:\WINDOWS;C:\WINDOWS\System32\Wbem;C:\WINDOWS\System32\WindowsPowerShell\v1.0\;C:\WINDOWS\System32\OpenSSH\;C:\Program Files\NVIDIA Corporation\NVIDIA NvDLISR;C:\Program Files\CMake\bin;C:\Program Files (x86)\Windows Kits\10\Windows Performance Toolkit\;C:\Users\aliyo\OneDrive\Desktop\Wikitel-new-main\oRatio-0502ce8a6ee0d6f24f1ec350e61af90d72526092\build\bin;C:\Users\aliyo\AppData\Local\Programs\Python\Launcher\;C:\Users\aliyo\AppData\Local\Microsoft\WindowsApps;C:\Users\aliyo\AppData\Local\GitHubDesktop\bin;C:\Users\aliyo\OneDrive\Desktop\Wikitel-new-main\oRatio-0502ce8a6ee0d6f24f1ec350e61af90d72526092\build\bin\Debug;C:\Users\aliyo\AppData\Local\Programs\Microsoft VS Code\bin;
USERNAME=aliyo
OS=Windows_NT
PROCESSOR_IDENTIFIER=Intel64 Family 6 Model 158 Stepping 10, GenuineIntel



---------------  S Y S T E M  ---------------

OS:
 Windows 11 , 64 bit Build 22621 (10.0.22621.3374)
OS uptime: 1 days 23:36 hours
Hyper-V role detected

CPU: total 12 (initial active 12) (6 cores per cpu, 2 threads per core) family 6 model 158 stepping 10 microcode 0xde, cx8, cmov, fxsr, ht, mmx, 3dnowpref, sse, sse2, sse3, ssse3, sse4.1, sse4.2, popcnt, lzcnt, tsc, tscinvbit, avx, avx2, aes, erms, clmul, bmi1, bmi2, adx, fma, vzeroupper, clflush, clflushopt, hv

Memory: 4k page, system-wide physical 16233M (4454M free)
TotalPageFile size 19561M (AvailPageFile size 4362M)
current process WorkingSet (physical memory assigned to process): 412M, peak: 412M
current process commit charge ("private bytes"): 545M, peak: 546M

vm_info: Java HotSpot(TM) 64-Bit Server VM (17.0.10+11-LTS-240) for windows-amd64 JRE (17.0.10+11-LTS-240), built on Dec 19 2023 21:47:25 by "mach5one" with MS VC++ 17.1 (VS2022)

END.
