#
# There is insufficient memory for the Java Runtime Environment to continue.
# Native memory allocation (malloc) failed to allocate 1048576 bytes for AllocateHeap
# Possible reasons:
#   The system is out of physical RAM or swap space
#   The process is running with CompressedOops enabled, and the Java Heap may be blocking the growth of the native heap
# Possible solutions:
#   Reduce memory load on the system
#   Increase physical memory or swap space
#   Check if swap backing store is full
#   Decrease Java heap size (-Xmx/-Xms)
#   Decrease number of Java threads
#   Decrease Java thread stack sizes (-Xss)
#   Set larger code cache with -XX:ReservedCodeCacheSize=
#   JVM is running with Unscaled Compressed Oops mode in which the Java heap is
#     placed in the first 4GB address space. The Java Heap base address is the
#     maximum limit for the native heap growth. Please use -XX:HeapBaseMinAddress
#     to set the Java Heap base and to place the Java Heap above 4GB virtual address.
# This output file may be truncated or incomplete.
#
#  Out of Memory Error (./open/src/hotspot/share/memory/allocation.cpp:46), pid=13812, tid=17592
#
# JRE version: Java(TM) SE Runtime Environment 18.9 (11.0.21+9) (build 11.0.21+9-LTS-193)
# Java VM: Java HotSpot(TM) 64-Bit Server VM 18.9 (11.0.21+9-LTS-193, mixed mode, tiered, compressed oops, g1 gc, windows-amd64)
# No core dump will be written. Minidumps are not enabled by default on client versions of Windows
#

---------------  S U M M A R Y ------------

Command Line: -Dcom.sun.management.jmxremote -Dcom.sun.management.jmxremote.port=53984 -Dcom.sun.management.jmxremote.authenticate=false -Dcom.sun.management.jmxremote.ssl=false -Djava.rmi.server.hostname=localhost -Dspring.jmx.enabled=true -Dmanagement.endpoints.jmx.exposure.include=* -Dspring.application.admin.enabled=true -XX:TieredStopAtLevel=1 -Dspring.boot.project.name=wikitel -Dfile.encoding=UTF-8 -Dstdout.encoding=UTF-8 -Dstderr.encoding=UTF-8 it.cnr.istc.psts.WikitelNewApplication --spring.output.ansi.enabled=always

Host: 11th Gen Intel(R) Core(TM) i5-1135G7 @ 2.40GHz, 8 cores, 7G,  Windows 11 , 64 bit Build 22621 (10.0.22621.3958)
Time: Wed Aug 21 17:35:16 2024 ora legale Europa occidentale elapsed time: 20835.171214 seconds (0d 5h 47m 15s)

---------------  T H R E A D  ---------------

Current thread (0x0000022af9128000):  VMThread "VM Thread" [stack: 0x0000005940900000,0x0000005940a00000] [id=17592]

Stack: [0x0000005940900000,0x0000005940a00000]
[error occurred during error reporting (printing stack bounds), id 0xc0000005, EXCEPTION_ACCESS_VIOLATION (0xc0000005) at pc=0x0000022a800010e7]

Native frames: (J=compiled Java code, j=interpreted, Vv=VM code, C=native code)
V  [jvm.dll+0x66058a]
V  [jvm.dll+0x7a362f]
V  [jvm.dll+0x7a4cf9]
V  [jvm.dll+0x7a52f5]
V  [jvm.dll+0x7a52ab]
V  [jvm.dll+0x65fa93]
V  [jvm.dll+0x660188]
C  [ntdll.dll+0xa504f]
C  [ntdll.dll+0x1e866]
C  [ntdll.dll+0xa403e]
C  0x0000022a800010e7

VM_Operation (0x0000005945bff400): G1CollectFull, mode: safepoint, requested by thread 0x0000022a8fdf1800


---------------  P R O C E S S  ---------------

Threads class SMR info:
_java_thread_list=0x0000022a92188040, length=77, elements={
0x0000022aea23b800, 0x0000022af912a800, 0x0000022af996b800, 0x0000022af9159800,
0x0000022af99b3800, 0x0000022af99b7000, 0x0000022af99b8800, 0x0000022af99c7000,
0x0000022af90e5000, 0x0000022afa3b6800, 0x0000022afa3bd800, 0x0000022afa437000,
0x0000022afb136000, 0x0000022afb1f3000, 0x0000022afb359800, 0x0000022afb35a000,
0x0000022afd8c7000, 0x0000022afe0c0000, 0x0000022a8f7c3000, 0x0000022a8f7c1000,
0x0000022afe0bd000, 0x0000022afe0be800, 0x0000022a900a2800, 0x0000022a900a3000,
0x0000022a8f7c4800, 0x0000022a8f7c2000, 0x0000022a900a6800, 0x0000022a900a1800,
0x0000022afe0c5000, 0x0000022afe0c1000, 0x0000022a900a7800, 0x0000022a900a4000,
0x0000022afe0c6000, 0x0000022afe0bb800, 0x0000022a8f7c6000, 0x0000022a8f7be800,
0x0000022afe0c4800, 0x0000022afe0bd800, 0x0000022a900ac000, 0x0000022a9009e800,
0x0000022a8ff35000, 0x0000022a8ff31000, 0x0000022a900a8000, 0x0000022a900a5000,
0x0000022afe0c3800, 0x0000022afe0bf800, 0x0000022a8ff3e000, 0x0000022a8ff34800,
0x0000022a8fdf0000, 0x0000022a8fdec800, 0x0000022afd8c5000, 0x0000022afd8c8800,
0x0000022a8ff39800, 0x0000022a8ff32000, 0x0000022afe0bc000, 0x0000022afe0c2800,
0x0000022a8f7cc000, 0x0000022a8f7c3800, 0x0000022a8f7be000, 0x0000022a8ff3a000,
0x0000022a8ff36000, 0x0000022afe0c2000, 0x0000022afe0c6800, 0x0000022a91ef4000,
0x0000022a91ef5000, 0x0000022a8ff37800, 0x0000022a8ff33800, 0x0000022afe0c7800,
0x0000022a91efa000, 0x0000022a91ef3800, 0x0000022a8fdef000, 0x0000022a91417800,
0x0000022a91410800, 0x0000022a8fded800, 0x0000022a8fdea000, 0x0000022a8fdf0800,
0x0000022a8fdf1800
}

Java Threads: ( => current thread )
  0x0000022aea23b800 JavaThread "main" [_thread_blocked, id=24104, stack(0x0000005940300000,0x0000005940400000)]
  0x0000022af912a800 JavaThread "Reference Handler" daemon [_thread_blocked, id=23276, stack(0x0000005940a00000,0x0000005940b00000)]
  0x0000022af996b800 JavaThread "Finalizer" daemon [_thread_blocked, id=20120, stack(0x0000005940b00000,0x0000005940c00000)]
  0x0000022af9159800 JavaThread "Signal Dispatcher" daemon [_thread_blocked, id=13644, stack(0x0000005940c00000,0x0000005940d00000)]
  0x0000022af99b3800 JavaThread "Attach Listener" daemon [_thread_blocked, id=21488, stack(0x0000005940d00000,0x0000005940e00000)]
  0x0000022af99b7000 JavaThread "Service Thread" daemon [_thread_blocked, id=8752, stack(0x0000005940e00000,0x0000005940f00000)]
  0x0000022af99b8800 JavaThread "C1 CompilerThread0" daemon [_thread_blocked, id=10264, stack(0x0000005940f00000,0x0000005941000000)]
  0x0000022af99c7000 JavaThread "Sweeper thread" daemon [_thread_blocked, id=14556, stack(0x0000005941000000,0x0000005941100000)]
  0x0000022af90e5000 JavaThread "Common-Cleaner" daemon [_thread_blocked, id=17260, stack(0x0000005941100000,0x0000005941200000)]
  0x0000022afa3b6800 JavaThread "RMI TCP Accept-0" daemon [_thread_in_native, id=11604, stack(0x0000005941200000,0x0000005941300000)]
  0x0000022afa3bd800 JavaThread "RMI TCP Accept-53984" daemon [_thread_in_native, id=6284, stack(0x0000005941300000,0x0000005941400000)]
  0x0000022afa437000 JavaThread "RMI TCP Accept-0" daemon [_thread_in_native, id=21324, stack(0x0000005941400000,0x0000005941500000)]
  0x0000022afb136000 JavaThread "RMI Scheduler(0)" daemon [_thread_blocked, id=25356, stack(0x0000005941900000,0x0000005941a00000)]
  0x0000022afb1f3000 JavaThread "JMX server connection timeout 20" daemon [_thread_blocked, id=2872, stack(0x0000005941b00000,0x0000005941c00000)]
  0x0000022afb359800 JavaThread "Thread-0" [_thread_blocked, id=25116, stack(0x0000005941c00000,0x0000005941d00000)]
  0x0000022afb35a000 JavaThread "restartedMain" [_thread_in_native, id=23580, stack(0x0000005941d00000,0x0000005941e00000)]
  0x0000022afd8c7000 JavaThread "Thread-4" daemon [_thread_in_native, id=12332, stack(0x0000005942a00000,0x0000005942b00000)]
  0x0000022afe0c0000 JavaThread "Live Reload Server" daemon [_thread_in_native, id=17256, stack(0x0000005943200000,0x0000005943300000)]
  0x0000022a8f7c3000 JavaThread "Thread-5" [_thread_blocked, id=3232, stack(0x0000005940000000,0x0000005940100000)]
  0x0000022a8f7c1000 JavaThread "restartedMain" [_thread_in_native, id=14932, stack(0x0000005940100000,0x0000005940200000)]
  0x0000022afe0bd000 JavaThread "Thread-96" [_thread_blocked, id=25892, stack(0x0000005943900000,0x0000005943a00000)]
  0x0000022afe0be800 JavaThread "restartedMain" [_thread_in_native, id=17800, stack(0x0000005940200000,0x0000005940300000)]
  0x0000022a900a2800 JavaThread "Thread-100" [_thread_blocked, id=19744, stack(0x0000005941800000,0x0000005941900000)]
  0x0000022a900a3000 JavaThread "restartedMain" [_thread_in_native, id=17568, stack(0x0000005941a00000,0x0000005941b00000)]
  0x0000022a8f7c4800 JavaThread "Thread-111" [_thread_blocked, id=23480, stack(0x0000005943500000,0x0000005943600000)]
  0x0000022a8f7c2000 JavaThread "restartedMain" [_thread_in_native, id=23692, stack(0x0000005942200000,0x0000005942300000)]
  0x0000022a900a6800 JavaThread "Thread-115" [_thread_blocked, id=5992, stack(0x0000005942600000,0x0000005942700000)]
  0x0000022a900a1800 JavaThread "restartedMain" [_thread_in_native, id=17316, stack(0x0000005942300000,0x0000005942400000)]
  0x0000022afe0c5000 JavaThread "Thread-119" [_thread_blocked, id=22060, stack(0x0000005944500000,0x0000005944600000)]
  0x0000022afe0c1000 JavaThread "restartedMain" [_thread_in_native, id=24172, stack(0x0000005942400000,0x0000005942500000)]
  0x0000022a900a7800 JavaThread "Thread-123" [_thread_blocked, id=19404, stack(0x0000005942e00000,0x0000005942f00000)]
  0x0000022a900a4000 JavaThread "restartedMain" [_thread_in_native, id=15160, stack(0x0000005942500000,0x0000005942600000)]
  0x0000022afe0c6000 JavaThread "Thread-127" [_thread_blocked, id=25380, stack(0x0000005943000000,0x0000005943100000)]
  0x0000022afe0bb800 JavaThread "restartedMain" [_thread_in_native, id=13088, stack(0x0000005942700000,0x0000005942800000)]
  0x0000022a8f7c6000 JavaThread "Thread-131" [_thread_blocked, id=26508, stack(0x0000005944c00000,0x0000005944d00000)]
  0x0000022a8f7be800 JavaThread "restartedMain" [_thread_in_native, id=26176, stack(0x0000005942b00000,0x0000005942c00000)]
  0x0000022afe0c4800 JavaThread "Thread-135" [_thread_blocked, id=1428, stack(0x0000005943c00000,0x0000005943d00000)]
  0x0000022afe0bd800 JavaThread "restartedMain" [_thread_in_native, id=21364, stack(0x0000005942d00000,0x0000005942e00000)]
  0x0000022a900ac000 JavaThread "Thread-139" [_thread_blocked, id=5800, stack(0x0000005942c00000,0x0000005942d00000)]
  0x0000022a9009e800 JavaThread "restartedMain" [_thread_in_native, id=26240, stack(0x0000005942f00000,0x0000005943000000)]
  0x0000022a8ff35000 JavaThread "Thread-143" [_thread_blocked, id=25980, stack(0x0000005943600000,0x0000005943700000)]
  0x0000022a8ff31000 JavaThread "restartedMain" [_thread_in_native, id=10004, stack(0x0000005943100000,0x0000005943200000)]
  0x0000022a900a8000 JavaThread "Thread-150" [_thread_blocked, id=16220, stack(0x0000005945100000,0x0000005945200000)]
  0x0000022a900a5000 JavaThread "restartedMain" [_thread_in_native, id=25364, stack(0x0000005943300000,0x0000005943400000)]
  0x0000022afe0c3800 JavaThread "Thread-154" [_thread_blocked, id=9900, stack(0x0000005944000000,0x0000005944100000)]
  0x0000022afe0bf800 JavaThread "restartedMain" [_thread_in_native, id=6536, stack(0x0000005943400000,0x0000005943500000)]
  0x0000022a8ff3e000 JavaThread "Thread-158" [_thread_blocked, id=24712, stack(0x0000005945700000,0x0000005945800000)]
  0x0000022a8ff34800 JavaThread "restartedMain" [_thread_in_native, id=5296, stack(0x0000005943700000,0x0000005943800000)]
  0x0000022a8fdf0000 JavaThread "Thread-162" [_thread_blocked, id=20436, stack(0x0000005943f00000,0x0000005944000000)]
  0x0000022a8fdec800 JavaThread "restartedMain" [_thread_in_native, id=9780, stack(0x0000005943d00000,0x0000005943e00000)]
  0x0000022afd8c5000 JavaThread "Thread-180" [_thread_blocked, id=26160, stack(0x0000005944400000,0x0000005944500000)]
  0x0000022afd8c8800 JavaThread "restartedMain" [_thread_in_native, id=21840, stack(0x0000005943e00000,0x0000005943f00000)]
  0x0000022a8ff39800 JavaThread "Thread-186" [_thread_blocked, id=24996, stack(0x0000005944700000,0x0000005944800000)]
  0x0000022a8ff32000 JavaThread "restartedMain" [_thread_in_native, id=23192, stack(0x0000005944100000,0x0000005944200000)]
  0x0000022afe0bc000 JavaThread "Thread-190" [_thread_blocked, id=4228, stack(0x0000005945800000,0x0000005945900000)]
  0x0000022afe0c2800 JavaThread "restartedMain" [_thread_in_native, id=20952, stack(0x0000005944200000,0x0000005944300000)]
  0x0000022a8f7cc000 JavaThread "Thread-196" [_thread_blocked, id=18540, stack(0x0000005944b00000,0x0000005944c00000)]
  0x0000022a8f7c3800 JavaThread "File Watcher" daemon [_thread_blocked, id=12820, stack(0x0000005944300000,0x0000005944400000)]
  0x0000022a8f7be000 JavaThread "restartedMain" [_thread_in_native, id=18552, stack(0x0000005944600000,0x0000005944700000)]
  0x0000022a8ff3a000 JavaThread "Thread-200" [_thread_blocked, id=4932, stack(0x0000005948500000,0x0000005948600000)]
  0x0000022a8ff36000 JavaThread "restartedMain" [_thread_in_native, id=320, stack(0x0000005944800000,0x0000005944900000)]
  0x0000022afe0c2000 JavaThread "Thread-210" [_thread_blocked, id=6856, stack(0x0000005947f00000,0x0000005948000000)]
  0x0000022afe0c6800 JavaThread "restartedMain" [_thread_in_native, id=23064, stack(0x0000005944900000,0x0000005944a00000)]
  0x0000022a91ef4000 JavaThread "Thread-215" [_thread_blocked, id=5084, stack(0x0000005944a00000,0x0000005944b00000)]
  0x0000022a91ef5000 JavaThread "restartedMain" [_thread_in_native, id=8148, stack(0x0000005944d00000,0x0000005944e00000)]
  0x0000022a8ff37800 JavaThread "Thread-227" [_thread_blocked, id=3148, stack(0x0000005946100000,0x0000005946200000)]
  0x0000022a8ff33800 JavaThread "restartedMain" [_thread_in_native, id=24620, stack(0x0000005944e00000,0x0000005944f00000)]
  0x0000022afe0c7800 JavaThread "Thread-238" [_thread_blocked, id=24068, stack(0x0000005945400000,0x0000005945500000)]
  0x0000022a91efa000 JavaThread "File Watcher" daemon [_thread_blocked, id=18916, stack(0x0000005944f00000,0x0000005945000000)]
  0x0000022a91ef3800 JavaThread "restartedMain" [_thread_in_native, id=17492, stack(0x0000005945000000,0x0000005945100000)]
  0x0000022a8fdef000 JavaThread "RMI TCP Connection(331)-127.0.0.1" daemon [_thread_in_native, id=21856, stack(0x0000005946e00000,0x0000005946f00000)]
  0x0000022a91417800 JavaThread "Thread-257" [_thread_blocked, id=18932, stack(0x0000005945d00000,0x0000005945e00000)]
  0x0000022a91410800 JavaThread "restartedMain" [_thread_in_native, id=17584, stack(0x0000005945500000,0x0000005945600000)]
  0x0000022a8fded800 JavaThread "RMI TCP Connection(332)-127.0.0.1" daemon [_thread_in_native, id=25492, stack(0x0000005946900000,0x0000005946a00000)]
  0x0000022a8fdea000 JavaThread "RMI TCP Connection(333)-127.0.0.1" daemon [_thread_in_native, id=10788, stack(0x0000005946a00000,0x0000005946b00000)]
  0x0000022a8fdf0800 JavaThread "RMI TCP Connection(334)-127.0.0.1" daemon [_thread_in_native, id=13744, stack(0x0000005946b00000,0x0000005946c00000)]
  0x0000022a8fdf1800 JavaThread "Thread-269" [_thread_blocked, id=16808, stack(0x0000005945b00000,0x0000005945c00000)]

Other Threads:
=>0x0000022af9128000 VMThread "VM Thread" [stack: 0x0000005940900000,0x0000005940a00000] [id=17592]
  0x0000022afa43a800 WatcherThread [stack: 0x0000005941500000,0x0000005941600000] [id=21580]
  0x0000022aea251800 GCTaskThread "GC Thread#0" [stack: 0x0000005940400000,0x0000005940500000] [id=8544]
  0x0000022afa56e000 GCTaskThread "GC Thread#1" [stack: 0x0000005941600000,0x0000005941700000] [id=18236]
  0x0000022afa4ab000 GCTaskThread "GC Thread#2" [stack: 0x0000005941700000,0x0000005941800000] [id=23792]
  0x0000022afb38e800 GCTaskThread "GC Thread#3" [stack: 0x0000005941e00000,0x0000005941f00000] [id=4428]
  0x0000022afb3b7800 GCTaskThread "GC Thread#4" [stack: 0x0000005941f00000,0x0000005942000000] [id=25884]
  0x0000022afb3b8000 GCTaskThread "GC Thread#5" [stack: 0x0000005942000000,0x0000005942100000] [id=25052]
  0x0000022afdd61800 GCTaskThread "GC Thread#6" [stack: 0x0000005942800000,0x0000005942900000] [id=23676]
  0x0000022afdd48000 GCTaskThread "GC Thread#7" [stack: 0x0000005942900000,0x0000005942a00000] [id=26328]
  0x0000022aea280800 ConcurrentGCThread "G1 Main Marker" [stack: 0x0000005940500000,0x0000005940600000] [id=18696]
  0x0000022aea281800 ConcurrentGCThread "G1 Conc#0" [stack: 0x0000005940600000,0x0000005940700000] [id=10028]
  0x0000022afb37b000 ConcurrentGCThread "G1 Conc#1" [stack: 0x0000005942100000,0x0000005942200000] [id=23980]
  0x0000022aea2ee800 ConcurrentGCThread "G1 Refine#0" [stack: 0x0000005940700000,0x0000005940800000] [id=11056]
  0x0000022a8f801000 ConcurrentGCThread "G1 Refine#1" [stack: 0x0000005943800000,0x0000005943900000] [id=13980]
  0x0000022a8f801800 ConcurrentGCThread "G1 Refine#2" [stack: 0x0000005943a00000,0x0000005943b00000] [id=23016]
  0x0000022a8f802800 ConcurrentGCThread "G1 Refine#3" [stack: 0x0000005943b00000,0x0000005943c00000] [id=21132]
  0x0000022af8f97000 ConcurrentGCThread "G1 Young RemSet Sampling" [stack: 0x0000005940800000,0x0000005940900000] [id=19644]

Threads with active compile tasks:

VM state:at safepoint (normal execution)

VM Mutex/Monitor currently owned by a thread:  ([mutex/lock_event])
[0x0000022aea238bb0] Threads_lock - owner thread: 0x0000022af9128000
[0x0000022aea238100] Heap_lock - owner thread: 0x0000022a8fdf1800

Heap address: 0x0000000082800000, size: 2008 MB, Compressed Oops mode: 32-bit
Narrow klass base: 0x0000000000000000, Narrow klass shift: 3
Compressed class space size: 1073741824 Address: 0x0000000100000000

Heap:
 garbage-first heap   total 348160K, used 277110K [0x0000000082800000, 0x0000000100000000)
  region size 1024K, 61 young (62464K), 8 survivors (8192K)
 Metaspace       used 124237K, capacity 130459K, committed 130816K, reserved 1163264K
  class space    used 15357K, capacity 17539K, committed 17664K, reserved 1048576K
Heap Regions: E=young(eden), S=young(survivor), O=old, HS=humongous(starts), HC=humongous(continues), CS=collection set, F=free, A=archive, TAMS=top-at-mark-start (previous, next)
|   0|0x0000000082800000, 0x0000000082900000, 0x0000000082900000|100%|HS|  |TAMS 0x0000000082900000, 0x0000000082800000| Complete 
|   1|0x0000000082900000, 0x00000000829fffe8, 0x0000000082a00000| 99%| O|  |TAMS 0x00000000829fffe8, 0x0000000082900000| Untracked 
|   2|0x0000000082a00000, 0x0000000082b00000, 0x0000000082b00000|100%| O|  |TAMS 0x0000000082b00000, 0x0000000082a00000| Untracked 
|   3|0x0000000082b00000, 0x0000000082c00000, 0x0000000082c00000|100%| O|  |TAMS 0x0000000082c00000, 0x0000000082b00000| Untracked 
|   4|0x0000000082c00000, 0x0000000082cfffe8, 0x0000000082d00000| 99%| O|  |TAMS 0x0000000082cfffe8, 0x0000000082c00000| Untracked 
|   5|0x0000000082d00000, 0x0000000082e00000, 0x0000000082e00000|100%| O|  |TAMS 0x0000000082e00000, 0x0000000082d00000| Untracked 
|   6|0x0000000082e00000, 0x0000000082f00000, 0x0000000082f00000|100%| O|  |TAMS 0x0000000082f00000, 0x0000000082e00000| Untracked 
|   7|0x0000000082f00000, 0x0000000082ffffe8, 0x0000000083000000| 99%| O|  |TAMS 0x0000000082ffffe8, 0x0000000082f00000| Untracked 
|   8|0x0000000083000000, 0x0000000083100000, 0x0000000083100000|100%| O|  |TAMS 0x0000000083100000, 0x0000000083000000| Untracked 
|   9|0x0000000083100000, 0x0000000083200000, 0x0000000083200000|100%| O|  |TAMS 0x0000000083200000, 0x0000000083100000| Untracked 
|  10|0x0000000083200000, 0x00000000832ffff0, 0x0000000083300000| 99%| O|  |TAMS 0x00000000832ffff0, 0x0000000083200000| Untracked 
|  11|0x0000000083300000, 0x00000000833ffff8, 0x0000000083400000| 99%| O|  |TAMS 0x00000000833ffff8, 0x0000000083300000| Untracked 
|  12|0x0000000083400000, 0x00000000834ffff0, 0x0000000083500000| 99%| O|  |TAMS 0x00000000834ffff0, 0x0000000083400000| Untracked 
|  13|0x0000000083500000, 0x00000000835fffb0, 0x0000000083600000| 99%| O|  |TAMS 0x00000000835fffb0, 0x0000000083500000| Untracked 
|  14|0x0000000083600000, 0x00000000836ffff8, 0x0000000083700000| 99%| O|  |TAMS 0x00000000836ffff8, 0x0000000083600000| Untracked 
|  15|0x0000000083700000, 0x00000000837ffff8, 0x0000000083800000| 99%| O|  |TAMS 0x00000000837ffff8, 0x0000000083700000| Untracked 
|  16|0x0000000083800000, 0x0000000083900000, 0x0000000083900000|100%| O|  |TAMS 0x0000000083900000, 0x0000000083800000| Untracked 
|  17|0x0000000083900000, 0x00000000839fffe8, 0x0000000083a00000| 99%| O|  |TAMS 0x00000000839fffe8, 0x0000000083900000| Untracked 
|  18|0x0000000083a00000, 0x0000000083afffe8, 0x0000000083b00000| 99%| O|  |TAMS 0x0000000083afffe8, 0x0000000083a00000| Untracked 
|  19|0x0000000083b00000, 0x0000000083bfffd0, 0x0000000083c00000| 99%| O|  |TAMS 0x0000000083bfffd0, 0x0000000083b00000| Untracked 
|  20|0x0000000083c00000, 0x0000000083cfff78, 0x0000000083d00000| 99%| O|  |TAMS 0x0000000083cfff78, 0x0000000083c00000| Untracked 
|  21|0x0000000083d00000, 0x0000000083dfffd8, 0x0000000083e00000| 99%| O|  |TAMS 0x0000000083dfffd8, 0x0000000083d00000| Untracked 
|  22|0x0000000083e00000, 0x0000000083efff88, 0x0000000083f00000| 99%| O|  |TAMS 0x0000000083efff88, 0x0000000083e00000| Untracked 
|  23|0x0000000083f00000, 0x0000000084000000, 0x0000000084000000|100%| O|  |TAMS 0x0000000084000000, 0x0000000083f00000| Untracked 
|  24|0x0000000084000000, 0x0000000084100000, 0x0000000084100000|100%| O|  |TAMS 0x0000000084100000, 0x0000000084000000| Untracked 
|  25|0x0000000084100000, 0x00000000841fffe8, 0x0000000084200000| 99%| O|  |TAMS 0x00000000841fffe8, 0x0000000084100000| Untracked 
|  26|0x0000000084200000, 0x00000000842fffe0, 0x0000000084300000| 99%| O|  |TAMS 0x00000000842fffe0, 0x0000000084200000| Untracked 
|  27|0x0000000084300000, 0x00000000843fffe8, 0x0000000084400000| 99%| O|  |TAMS 0x00000000843fffe8, 0x0000000084300000| Untracked 
|  28|0x0000000084400000, 0x0000000084500000, 0x0000000084500000|100%| O|  |TAMS 0x0000000084500000, 0x0000000084400000| Untracked 
|  29|0x0000000084500000, 0x0000000084600000, 0x0000000084600000|100%| O|  |TAMS 0x0000000084600000, 0x0000000084500000| Untracked 
|  30|0x0000000084600000, 0x00000000846ffff0, 0x0000000084700000| 99%| O|  |TAMS 0x00000000846ffff0, 0x0000000084600000| Untracked 
|  31|0x0000000084700000, 0x00000000847ffe20, 0x0000000084800000| 99%| O|  |TAMS 0x00000000847ffe20, 0x0000000084700000| Untracked 
|  32|0x0000000084800000, 0x00000000848ffff8, 0x0000000084900000| 99%| O|  |TAMS 0x00000000848ffff8, 0x0000000084800000| Untracked 
|  33|0x0000000084900000, 0x00000000849ffff8, 0x0000000084a00000| 99%| O|  |TAMS 0x00000000849ffff8, 0x0000000084900000| Untracked 
|  34|0x0000000084a00000, 0x0000000084b00000, 0x0000000084b00000|100%| O|  |TAMS 0x0000000084b00000, 0x0000000084a00000| Untracked 
|  35|0x0000000084b00000, 0x0000000084bffff0, 0x0000000084c00000| 99%| O|  |TAMS 0x0000000084bffff0, 0x0000000084b00000| Untracked 
|  36|0x0000000084c00000, 0x0000000084cffff0, 0x0000000084d00000| 99%| O|  |TAMS 0x0000000084cffff0, 0x0000000084c00000| Untracked 
|  37|0x0000000084d00000, 0x0000000084dffff0, 0x0000000084e00000| 99%| O|  |TAMS 0x0000000084dffff0, 0x0000000084d00000| Untracked 
|  38|0x0000000084e00000, 0x0000000084f00000, 0x0000000084f00000|100%| O|  |TAMS 0x0000000084f00000, 0x0000000084e00000| Untracked 
|  39|0x0000000084f00000, 0x0000000084ffffe8, 0x0000000085000000| 99%| O|  |TAMS 0x0000000084ffffe8, 0x0000000084f00000| Untracked 
|  40|0x0000000085000000, 0x00000000850ffff0, 0x0000000085100000| 99%| O|  |TAMS 0x00000000850ffff0, 0x0000000085000000| Untracked 
|  41|0x0000000085100000, 0x00000000851ffff0, 0x0000000085200000| 99%| O|  |TAMS 0x00000000851ffff0, 0x0000000085100000| Untracked 
|  42|0x0000000085200000, 0x0000000085300000, 0x0000000085300000|100%| O|  |TAMS 0x0000000085300000, 0x0000000085200000| Untracked 
|  43|0x0000000085300000, 0x0000000085400000, 0x0000000085400000|100%| O|  |TAMS 0x0000000085400000, 0x0000000085300000| Untracked 
|  44|0x0000000085400000, 0x00000000854ffee8, 0x0000000085500000| 99%| O|  |TAMS 0x00000000854ffee8, 0x0000000085400000| Untracked 
|  45|0x0000000085500000, 0x00000000855ffff0, 0x0000000085600000| 99%| O|  |TAMS 0x00000000855ffff0, 0x0000000085500000| Untracked 
|  46|0x0000000085600000, 0x00000000856ffff8, 0x0000000085700000| 99%| O|  |TAMS 0x00000000856ffff8, 0x0000000085600000| Untracked 
|  47|0x0000000085700000, 0x00000000857fffe8, 0x0000000085800000| 99%| O|  |TAMS 0x00000000857fffe8, 0x0000000085700000| Untracked 
|  48|0x0000000085800000, 0x0000000085900000, 0x0000000085900000|100%| O|  |TAMS 0x0000000085900000, 0x0000000085800000| Untracked 
|  49|0x0000000085900000, 0x00000000859ffff8, 0x0000000085a00000| 99%| O|  |TAMS 0x00000000859ffff8, 0x0000000085900000| Untracked 
|  50|0x0000000085a00000, 0x0000000085b00000, 0x0000000085b00000|100%| O|  |TAMS 0x0000000085b00000, 0x0000000085a00000| Untracked 
|  51|0x0000000085b00000, 0x0000000085bfffe8, 0x0000000085c00000| 99%| O|  |TAMS 0x0000000085bfffe8, 0x0000000085b00000| Untracked 
|  52|0x0000000085c00000, 0x0000000085cffff8, 0x0000000085d00000| 99%| O|  |TAMS 0x0000000085cffff8, 0x0000000085c00000| Untracked 
|  53|0x0000000085d00000, 0x0000000085dffff0, 0x0000000085e00000| 99%| O|  |TAMS 0x0000000085dffff0, 0x0000000085d00000| Untracked 
|  54|0x0000000085e00000, 0x0000000085effff8, 0x0000000085f00000| 99%| O|  |TAMS 0x0000000085effff8, 0x0000000085e00000| Untracked 
|  55|0x0000000085f00000, 0x0000000086000000, 0x0000000086000000|100%| O|  |TAMS 0x0000000086000000, 0x0000000085f00000| Untracked 
|  56|0x0000000086000000, 0x00000000860ffff8, 0x0000000086100000| 99%| O|  |TAMS 0x00000000860ffff8, 0x0000000086000000| Untracked 
|  57|0x0000000086100000, 0x0000000086200000, 0x0000000086200000|100%| O|  |TAMS 0x0000000086200000, 0x0000000086100000| Untracked 
|  58|0x0000000086200000, 0x00000000862ffff8, 0x0000000086300000| 99%| O|  |TAMS 0x00000000862ffff8, 0x0000000086200000| Untracked 
|  59|0x0000000086300000, 0x00000000863fffe0, 0x0000000086400000| 99%| O|  |TAMS 0x00000000863fffe0, 0x0000000086300000| Untracked 
|  60|0x0000000086400000, 0x00000000864fffd8, 0x0000000086500000| 99%| O|  |TAMS 0x00000000864fffd8, 0x0000000086400000| Untracked 
|  61|0x0000000086500000, 0x00000000865fffb8, 0x0000000086600000| 99%| O|  |TAMS 0x00000000865fffb8, 0x0000000086500000| Untracked 
|  62|0x0000000086600000, 0x00000000866ffff0, 0x0000000086700000| 99%| O|  |TAMS 0x00000000866ffff0, 0x0000000086600000| Untracked 
|  63|0x0000000086700000, 0x00000000867ffff8, 0x0000000086800000| 99%| O|  |TAMS 0x00000000867ffff8, 0x0000000086700000| Untracked 
|  64|0x0000000086800000, 0x0000000086900000, 0x0000000086900000|100%| O|  |TAMS 0x0000000086900000, 0x0000000086800000| Untracked 
|  65|0x0000000086900000, 0x00000000869ffff0, 0x0000000086a00000| 99%| O|  |TAMS 0x00000000869ffff0, 0x0000000086900000| Untracked 
|  66|0x0000000086a00000, 0x0000000086b00000, 0x0000000086b00000|100%| O|  |TAMS 0x0000000086b00000, 0x0000000086a00000| Untracked 
|  67|0x0000000086b00000, 0x0000000086bffff0, 0x0000000086c00000| 99%| O|  |TAMS 0x0000000086bffff0, 0x0000000086b00000| Untracked 
|  68|0x0000000086c00000, 0x0000000086cfffe0, 0x0000000086d00000| 99%| O|  |TAMS 0x0000000086cfffe0, 0x0000000086c00000| Untracked 
|  69|0x0000000086d00000, 0x0000000086dfffe0, 0x0000000086e00000| 99%| O|  |TAMS 0x0000000086dfffe0, 0x0000000086d00000| Untracked 
|  70|0x0000000086e00000, 0x0000000086efff98, 0x0000000086f00000| 99%| O|  |TAMS 0x0000000086efff98, 0x0000000086e00000| Untracked 
|  71|0x0000000086f00000, 0x0000000086ffffd8, 0x0000000087000000| 99%| O|  |TAMS 0x0000000086ffffd8, 0x0000000086f00000| Untracked 
|  72|0x0000000087000000, 0x00000000870fffe8, 0x0000000087100000| 99%| O|  |TAMS 0x00000000870fffe8, 0x0000000087000000| Untracked 
|  73|0x0000000087100000, 0x00000000871ffff0, 0x0000000087200000| 99%| O|  |TAMS 0x00000000871ffff0, 0x0000000087100000| Untracked 
|  74|0x0000000087200000, 0x00000000872fffd8, 0x0000000087300000| 99%| O|  |TAMS 0x00000000872fffd8, 0x0000000087200000| Untracked 
|  75|0x0000000087300000, 0x0000000087400000, 0x0000000087400000|100%| O|  |TAMS 0x0000000087400000, 0x0000000087300000| Untracked 
|  76|0x0000000087400000, 0x00000000874fffb8, 0x0000000087500000| 99%| O|  |TAMS 0x00000000874fffb8, 0x0000000087400000| Untracked 
|  77|0x0000000087500000, 0x00000000875fff58, 0x0000000087600000| 99%| O|  |TAMS 0x00000000875fff58, 0x0000000087500000| Untracked 
|  78|0x0000000087600000, 0x00000000876ffff0, 0x0000000087700000| 99%| O|  |TAMS 0x00000000876ffff0, 0x0000000087600000| Untracked 
|  79|0x0000000087700000, 0x00000000877fffe8, 0x0000000087800000| 99%| O|  |TAMS 0x00000000877fffe8, 0x0000000087700000| Untracked 
|  80|0x0000000087800000, 0x0000000087900000, 0x0000000087900000|100%| O|  |TAMS 0x0000000087900000, 0x0000000087800000| Untracked 
|  81|0x0000000087900000, 0x0000000087a00000, 0x0000000087a00000|100%| O|  |TAMS 0x0000000087a00000, 0x0000000087900000| Untracked 
|  82|0x0000000087a00000, 0x0000000087affff8, 0x0000000087b00000| 99%| O|  |TAMS 0x0000000087affff8, 0x0000000087a00000| Untracked 
|  83|0x0000000087b00000, 0x0000000087c00000, 0x0000000087c00000|100%| O|  |TAMS 0x0000000087c00000, 0x0000000087b00000| Untracked 
|  84|0x0000000087c00000, 0x0000000087d00000, 0x0000000087d00000|100%| O|  |TAMS 0x0000000087d00000, 0x0000000087c00000| Untracked 
|  85|0x0000000087d00000, 0x0000000087dfffb8, 0x0000000087e00000| 99%| O|  |TAMS 0x0000000087dfffb8, 0x0000000087d00000| Untracked 
|  86|0x0000000087e00000, 0x0000000087f00000, 0x0000000087f00000|100%| O|  |TAMS 0x0000000087f00000, 0x0000000087e00000| Untracked 
|  87|0x0000000087f00000, 0x0000000087fffff0, 0x0000000088000000| 99%| O|  |TAMS 0x0000000087fffff0, 0x0000000087f00000| Untracked 
|  88|0x0000000088000000, 0x00000000880ffff8, 0x0000000088100000| 99%| O|  |TAMS 0x00000000880ffff8, 0x0000000088000000| Untracked 
|  89|0x0000000088100000, 0x00000000881fffe8, 0x0000000088200000| 99%| O|  |TAMS 0x00000000881fffe8, 0x0000000088100000| Untracked 
|  90|0x0000000088200000, 0x00000000882fff78, 0x0000000088300000| 99%| O|  |TAMS 0x00000000882fff78, 0x0000000088200000| Untracked 
|  91|0x0000000088300000, 0x00000000883fffd0, 0x0000000088400000| 99%| O|  |TAMS 0x00000000883fffd0, 0x0000000088300000| Untracked 
|  92|0x0000000088400000, 0x00000000884fffd0, 0x0000000088500000| 99%| O|  |TAMS 0x00000000884fffd0, 0x0000000088400000| Untracked 
|  93|0x0000000088500000, 0x00000000885ffff8, 0x0000000088600000| 99%| O|  |TAMS 0x00000000885ffff8, 0x0000000088500000| Untracked 
|  94|0x0000000088600000, 0x00000000886ffff0, 0x0000000088700000| 99%| O|  |TAMS 0x00000000886ffff0, 0x0000000088600000| Untracked 
|  95|0x0000000088700000, 0x0000000088800000, 0x0000000088800000|100%| O|  |TAMS 0x0000000088800000, 0x0000000088700000| Untracked 
|  96|0x0000000088800000, 0x0000000088900000, 0x0000000088900000|100%| O|  |TAMS 0x0000000088900000, 0x0000000088800000| Untracked 
|  97|0x0000000088900000, 0x00000000889ffff8, 0x0000000088a00000| 99%| O|  |TAMS 0x00000000889ffff8, 0x0000000088900000| Untracked 
|  98|0x0000000088a00000, 0x0000000088afffb0, 0x0000000088b00000| 99%| O|  |TAMS 0x0000000088afffb0, 0x0000000088a00000| Untracked 
|  99|0x0000000088b00000, 0x0000000088bfffd0, 0x0000000088c00000| 99%| O|  |TAMS 0x0000000088bfffd0, 0x0000000088b00000| Untracked 
| 100|0x0000000088c00000, 0x0000000088cfffb8, 0x0000000088d00000| 99%| O|  |TAMS 0x0000000088cfffb8, 0x0000000088c00000| Untracked 
| 101|0x0000000088d00000, 0x0000000088dffff8, 0x0000000088e00000| 99%| O|  |TAMS 0x0000000088dffff8, 0x0000000088d00000| Untracked 
| 102|0x0000000088e00000, 0x0000000088f00000, 0x0000000088f00000|100%| O|  |TAMS 0x0000000088f00000, 0x0000000088e00000| Untracked 
| 103|0x0000000088f00000, 0x0000000088ffffd0, 0x0000000089000000| 99%| O|  |TAMS 0x0000000088ffffd0, 0x0000000088f00000| Untracked 
| 104|0x0000000089000000, 0x0000000089100000, 0x0000000089100000|100%| O|  |TAMS 0x0000000089100000, 0x0000000089000000| Untracked 
| 105|0x0000000089100000, 0x0000000089200000, 0x0000000089200000|100%| O|  |TAMS 0x0000000089200000, 0x0000000089100000| Untracked 
| 106|0x0000000089200000, 0x00000000892fffe8, 0x0000000089300000| 99%| O|  |TAMS 0x00000000892fffe8, 0x0000000089200000| Untracked 
| 107|0x0000000089300000, 0x00000000893fffd8, 0x0000000089400000| 99%| O|  |TAMS 0x00000000893fffd8, 0x0000000089300000| Untracked 
| 108|0x0000000089400000, 0x00000000894ffff8, 0x0000000089500000| 99%| O|  |TAMS 0x00000000894ffff8, 0x0000000089400000| Untracked 
| 109|0x0000000089500000, 0x0000000089600000, 0x0000000089600000|100%| O|  |TAMS 0x0000000089600000, 0x0000000089500000| Untracked 
| 110|0x0000000089600000, 0x00000000896fffe0, 0x0000000089700000| 99%| O|  |TAMS 0x00000000896fffe0, 0x0000000089600000| Untracked 
| 111|0x0000000089700000, 0x00000000897fff50, 0x0000000089800000| 99%| O|  |TAMS 0x00000000897fff50, 0x0000000089700000| Untracked 
| 112|0x0000000089800000, 0x00000000898ffff0, 0x0000000089900000| 99%| O|  |TAMS 0x00000000898ffff0, 0x0000000089800000| Untracked 
| 113|0x0000000089900000, 0x00000000899ffdc8, 0x0000000089a00000| 99%| O|  |TAMS 0x00000000899ffdc8, 0x0000000089900000| Untracked 
| 114|0x0000000089a00000, 0x0000000089affff0, 0x0000000089b00000| 99%| O|  |TAMS 0x0000000089affff0, 0x0000000089a00000| Untracked 
| 115|0x0000000089b00000, 0x0000000089bffff8, 0x0000000089c00000| 99%| O|  |TAMS 0x0000000089bffff8, 0x0000000089b00000| Untracked 
| 116|0x0000000089c00000, 0x0000000089cfffd0, 0x0000000089d00000| 99%| O|  |TAMS 0x0000000089cfffd0, 0x0000000089c00000| Untracked 
| 117|0x0000000089d00000, 0x0000000089e00000, 0x0000000089e00000|100%| O|  |TAMS 0x0000000089e00000, 0x0000000089d00000| Untracked 
| 118|0x0000000089e00000, 0x0000000089eff9a0, 0x0000000089f00000| 99%| O|  |TAMS 0x0000000089eff9a0, 0x0000000089e00000| Untracked 
| 119|0x0000000089f00000, 0x0000000089fffc68, 0x000000008a000000| 99%| O|  |TAMS 0x0000000089fffc68, 0x0000000089f00000| Untracked 
| 120|0x000000008a000000, 0x000000008a0fffe8, 0x000000008a100000| 99%| O|  |TAMS 0x000000008a0fffe8, 0x000000008a000000| Untracked 
| 121|0x000000008a100000, 0x000000008a200000, 0x000000008a200000|100%| O|  |TAMS 0x000000008a200000, 0x000000008a100000| Untracked 
| 122|0x000000008a200000, 0x000000008a300000, 0x000000008a300000|100%| O|  |TAMS 0x000000008a300000, 0x000000008a200000| Untracked 
| 123|0x000000008a300000, 0x000000008a400000, 0x000000008a400000|100%| O|  |TAMS 0x000000008a400000, 0x000000008a300000| Untracked 
| 124|0x000000008a400000, 0x000000008a4fffe0, 0x000000008a500000| 99%| O|  |TAMS 0x000000008a4fffe0, 0x000000008a400000| Untracked 
| 125|0x000000008a500000, 0x000000008a5ffff8, 0x000000008a600000| 99%| O|  |TAMS 0x000000008a5ffff8, 0x000000008a500000| Untracked 
| 126|0x000000008a600000, 0x000000008a6fffe8, 0x000000008a700000| 99%| O|  |TAMS 0x000000008a6fffe8, 0x000000008a600000| Untracked 
| 127|0x000000008a700000, 0x000000008a7fffb0, 0x000000008a800000| 99%| O|  |TAMS 0x000000008a7fffb0, 0x000000008a700000| Untracked 
| 128|0x000000008a800000, 0x000000008a8ff9a8, 0x000000008a900000| 99%| O|  |TAMS 0x000000008a8ff9a8, 0x000000008a800000| Untracked 
| 129|0x000000008a900000, 0x000000008a9ffc48, 0x000000008aa00000| 99%| O|  |TAMS 0x000000008a9ffc48, 0x000000008a900000| Untracked 
| 130|0x000000008aa00000, 0x000000008aaffff0, 0x000000008ab00000| 99%| O|  |TAMS 0x000000008aaffff0, 0x000000008aa00000| Untracked 
| 131|0x000000008ab00000, 0x000000008abfffe8, 0x000000008ac00000| 99%| O|  |TAMS 0x000000008abfffe8, 0x000000008ab00000| Untracked 
| 132|0x000000008ac00000, 0x000000008acffff8, 0x000000008ad00000| 99%| O|  |TAMS 0x000000008acffff8, 0x000000008ac00000| Untracked 
| 133|0x000000008ad00000, 0x000000008adfffc8, 0x000000008ae00000| 99%| O|  |TAMS 0x000000008adfffc8, 0x000000008ad00000| Untracked 
| 134|0x000000008ae00000, 0x000000008aefffd0, 0x000000008af00000| 99%| O|  |TAMS 0x000000008aefffd0, 0x000000008ae00000| Untracked 
| 135|0x000000008af00000, 0x000000008afffdd8, 0x000000008b000000| 99%| O|  |TAMS 0x000000008afffdd8, 0x000000008af00000| Untracked 
| 136|0x000000008b000000, 0x000000008b0fffe8, 0x000000008b100000| 99%| O|  |TAMS 0x000000008b0fffe8, 0x000000008b000000| Untracked 
| 137|0x000000008b100000, 0x000000008b1ffff8, 0x000000008b200000| 99%| O|  |TAMS 0x000000008b1ffff8, 0x000000008b100000| Untracked 
| 138|0x000000008b200000, 0x000000008b2ff820, 0x000000008b300000| 99%| O|  |TAMS 0x000000008b2ff820, 0x000000008b200000| Untracked 
| 139|0x000000008b300000, 0x000000008b400000, 0x000000008b400000|100%| O|  |TAMS 0x000000008b400000, 0x000000008b300000| Untracked 
| 140|0x000000008b400000, 0x000000008b4ffff0, 0x000000008b500000| 99%| O|  |TAMS 0x000000008b4ffff0, 0x000000008b400000| Untracked 
| 141|0x000000008b500000, 0x000000008b5fef00, 0x000000008b600000| 99%| O|  |TAMS 0x000000008b5fef00, 0x000000008b500000| Untracked 
| 142|0x000000008b600000, 0x000000008b6ffff8, 0x000000008b700000| 99%| O|  |TAMS 0x000000008b6ffff8, 0x000000008b600000| Untracked 
| 143|0x000000008b700000, 0x000000008b800000, 0x000000008b800000|100%| O|  |TAMS 0x000000008b800000, 0x000000008b700000| Untracked 
| 144|0x000000008b800000, 0x000000008b8ffae8, 0x000000008b900000| 99%| O|  |TAMS 0x000000008b8ffae8, 0x000000008b800000| Untracked 
| 145|0x000000008b900000, 0x000000008b9fffd0, 0x000000008ba00000| 99%| O|  |TAMS 0x000000008b9fffd0, 0x000000008b900000| Untracked 
| 146|0x000000008ba00000, 0x000000008bafffe0, 0x000000008bb00000| 99%| O|  |TAMS 0x000000008bafffe0, 0x000000008ba00000| Untracked 
| 147|0x000000008bb00000, 0x000000008bbffff8, 0x000000008bc00000| 99%| O|  |TAMS 0x000000008bbffff8, 0x000000008bb00000| Untracked 
| 148|0x000000008bc00000, 0x000000008bcffff8, 0x000000008bd00000| 99%| O|  |TAMS 0x000000008bcffff8, 0x000000008bc00000| Untracked 
| 149|0x000000008bd00000, 0x000000008bdffff0, 0x000000008be00000| 99%| O|  |TAMS 0x000000008bdffff0, 0x000000008bd00000| Untracked 
| 150|0x000000008be00000, 0x000000008bf00000, 0x000000008bf00000|100%| O|  |TAMS 0x000000008bf00000, 0x000000008be00000| Untracked 
| 151|0x000000008bf00000, 0x000000008bfff878, 0x000000008c000000| 99%| O|  |TAMS 0x000000008bfff878, 0x000000008bf00000| Untracked 
| 152|0x000000008c000000, 0x000000008c0fffe8, 0x000000008c100000| 99%| O|  |TAMS 0x000000008c0fffe8, 0x000000008c000000| Untracked 
| 153|0x000000008c100000, 0x000000008c1fffe8, 0x000000008c200000| 99%| O|  |TAMS 0x000000008c1fffe8, 0x000000008c100000| Untracked 
| 154|0x000000008c200000, 0x000000008c2fa0c8, 0x000000008c300000| 97%| O|  |TAMS 0x000000008c2fa0c8, 0x000000008c200000| Untracked 
| 155|0x000000008c300000, 0x000000008c3fffe0, 0x000000008c400000| 99%| O|  |TAMS 0x000000008c3fffe0, 0x000000008c300000| Untracked 
| 156|0x000000008c400000, 0x000000008c4ffff8, 0x000000008c500000| 99%| O|  |TAMS 0x000000008c4ffff8, 0x000000008c400000| Untracked 
| 157|0x000000008c500000, 0x000000008c5fff00, 0x000000008c600000| 99%| O|  |TAMS 0x000000008c5fff00, 0x000000008c500000| Untracked 
| 158|0x000000008c600000, 0x000000008c6ff980, 0x000000008c700000| 99%| O|  |TAMS 0x000000008c6ff980, 0x000000008c600000| Untracked 
| 159|0x000000008c700000, 0x000000008c7fffe0, 0x000000008c800000| 99%| O|  |TAMS 0x000000008c7fffe0, 0x000000008c700000| Untracked 
| 160|0x000000008c800000, 0x000000008c900000, 0x000000008c900000|100%| O|  |TAMS 0x000000008c900000, 0x000000008c800000| Untracked 
| 161|0x000000008c900000, 0x000000008c9ffff8, 0x000000008ca00000| 99%| O|  |TAMS 0x000000008c9ffff8, 0x000000008c900000| Untracked 
| 162|0x000000008ca00000, 0x000000008cafffe0, 0x000000008cb00000| 99%| O|  |TAMS 0x000000008cafffe0, 0x000000008ca00000| Untracked 
| 163|0x000000008cb00000, 0x000000008cbfffd8, 0x000000008cc00000| 99%| O|  |TAMS 0x000000008cbfffd8, 0x000000008cb00000| Untracked 
| 164|0x000000008cc00000, 0x000000008ccffff8, 0x000000008cd00000| 99%| O|  |TAMS 0x000000008ccffff8, 0x000000008cc00000| Untracked 
| 165|0x000000008cd00000, 0x000000008cdffb90, 0x000000008ce00000| 99%| O|  |TAMS 0x000000008cdffb90, 0x000000008cd00000| Untracked 
| 166|0x000000008ce00000, 0x000000008ceffff0, 0x000000008cf00000| 99%| O|  |TAMS 0x000000008ceffff0, 0x000000008ce00000| Untracked 
| 167|0x000000008cf00000, 0x000000008cfffff8, 0x000000008d000000| 99%| O|  |TAMS 0x000000008cfffff8, 0x000000008cf00000| Untracked 
| 168|0x000000008d000000, 0x000000008d0ffff8, 0x000000008d100000| 99%| O|  |TAMS 0x000000008d0ffff8, 0x000000008d000000| Untracked 
| 169|0x000000008d100000, 0x000000008d1ffff0, 0x000000008d200000| 99%| O|  |TAMS 0x000000008d1ffff0, 0x000000008d100000| Untracked 
| 170|0x000000008d200000, 0x000000008d300000, 0x000000008d300000|100%| O|  |TAMS 0x000000008d300000, 0x000000008d200000| Untracked 
| 171|0x000000008d300000, 0x000000008d3fffd8, 0x000000008d400000| 99%| O|  |TAMS 0x000000008d3fffd8, 0x000000008d300000| Untracked 
| 172|0x000000008d400000, 0x000000008d4fff20, 0x000000008d500000| 99%| O|  |TAMS 0x000000008d4fff20, 0x000000008d400000| Untracked 
| 173|0x000000008d500000, 0x000000008d600000, 0x000000008d600000|100%| O|  |TAMS 0x000000008d600000, 0x000000008d500000| Untracked 
| 174|0x000000008d600000, 0x000000008d700000, 0x000000008d700000|100%| O|  |TAMS 0x000000008d700000, 0x000000008d600000| Untracked 
| 175|0x000000008d700000, 0x000000008d800000, 0x000000008d800000|100%| O|  |TAMS 0x000000008d800000, 0x000000008d700000| Untracked 
| 176|0x000000008d800000, 0x000000008d8ffff0, 0x000000008d900000| 99%| O|  |TAMS 0x000000008d8ffff0, 0x000000008d800000| Untracked 
| 177|0x000000008d900000, 0x000000008da00000, 0x000000008da00000|100%| O|  |TAMS 0x000000008da00000, 0x000000008d900000| Untracked 
| 178|0x000000008da00000, 0x000000008daff288, 0x000000008db00000| 99%| O|  |TAMS 0x000000008daff288, 0x000000008da00000| Untracked 
| 179|0x000000008db00000, 0x000000008dc00000, 0x000000008dc00000|100%| O|  |TAMS 0x000000008dc00000, 0x000000008db00000| Untracked 
| 180|0x000000008dc00000, 0x000000008dcfffe0, 0x000000008dd00000| 99%| O|  |TAMS 0x000000008dcfffe0, 0x000000008dc00000| Untracked 
| 181|0x000000008dd00000, 0x000000008de00000, 0x000000008de00000|100%| O|  |TAMS 0x000000008de00000, 0x000000008dd00000| Untracked 
| 182|0x000000008de00000, 0x000000008deffbb8, 0x000000008df00000| 99%| O|  |TAMS 0x000000008deffbb8, 0x000000008de00000| Untracked 
| 183|0x000000008df00000, 0x000000008dfffff0, 0x000000008e000000| 99%| O|  |TAMS 0x000000008dfffff0, 0x000000008df00000| Untracked 
| 184|0x000000008e000000, 0x000000008e0ffff0, 0x000000008e100000| 99%| O|  |TAMS 0x000000008e0ffff0, 0x000000008e000000| Untracked 
| 185|0x000000008e100000, 0x000000008e1ffff8, 0x000000008e200000| 99%| O|  |TAMS 0x000000008e1ffff8, 0x000000008e100000| Untracked 
| 186|0x000000008e200000, 0x000000008e2fffe0, 0x000000008e300000| 99%| O|  |TAMS 0x000000008e2fffe0, 0x000000008e200000| Untracked 
| 187|0x000000008e300000, 0x000000008e3fffa8, 0x000000008e400000| 99%| O|  |TAMS 0x000000008e3fffa8, 0x000000008e300000| Untracked 
| 188|0x000000008e400000, 0x000000008e4ffee0, 0x000000008e500000| 99%| O|  |TAMS 0x000000008e4ffee0, 0x000000008e400000| Untracked 
| 189|0x000000008e500000, 0x000000008e5fffe8, 0x000000008e600000| 99%| O|  |TAMS 0x000000008e5fffe8, 0x000000008e500000| Untracked 
| 190|0x000000008e600000, 0x000000008e6fffb8, 0x000000008e700000| 99%| O|  |TAMS 0x000000008e6fffb8, 0x000000008e600000| Untracked 
| 191|0x000000008e700000, 0x000000008e775c38, 0x000000008e800000| 46%| O|  |TAMS 0x000000008e775c38, 0x000000008e700000| Untracked 
| 192|0x000000008e800000, 0x000000008e8ffff0, 0x000000008e900000| 99%| O|  |TAMS 0x000000008e8ffff0, 0x000000008e800000| Untracked 
| 193|0x000000008e900000, 0x000000008e9ff418, 0x000000008ea00000| 99%| O|  |TAMS 0x000000008e9ff418, 0x000000008e900000| Untracked 
| 194|0x000000008ea00000, 0x000000008eafff68, 0x000000008eb00000| 99%| O|  |TAMS 0x000000008eafff68, 0x000000008ea00000| Untracked 
| 195|0x000000008eb00000, 0x000000008ebfffe0, 0x000000008ec00000| 99%| O|  |TAMS 0x000000008ebfffe0, 0x000000008eb00000| Untracked 
| 196|0x000000008ec00000, 0x000000008ecd14e0, 0x000000008ed00000| 81%| O|  |TAMS 0x000000008ecd14e0, 0x000000008ec00000| Untracked 
| 197|0x000000008ed00000, 0x000000008ed00000, 0x000000008ee00000|  0%| F|  |TAMS 0x000000008ed00000, 0x000000008ed00000| Untracked 
| 198|0x000000008ee00000, 0x000000008eefffd0, 0x000000008ef00000| 99%| O|  |TAMS 0x000000008eefffd0, 0x000000008ee00000| Untracked 
| 199|0x000000008ef00000, 0x000000008efffff8, 0x000000008f000000| 99%| O|  |TAMS 0x000000008efffff8, 0x000000008ef00000| Untracked 
| 200|0x000000008f000000, 0x000000008f0bd730, 0x000000008f100000| 74%| O|  |TAMS 0x000000008f0bd730, 0x000000008f000000| Untracked 
| 201|0x000000008f100000, 0x000000008f100000, 0x000000008f200000|  0%| F|  |TAMS 0x000000008f100000, 0x000000008f100000| Untracked 
| 202|0x000000008f200000, 0x000000008f2ead50, 0x000000008f300000| 91%| O|  |TAMS 0x000000008f2ead50, 0x000000008f200000| Untracked 
| 203|0x000000008f300000, 0x000000008f35c3d8, 0x000000008f400000| 36%| O|  |TAMS 0x000000008f35c3d8, 0x000000008f300000| Untracked 
| 204|0x000000008f400000, 0x000000008f4bb890, 0x000000008f500000| 73%| O|  |TAMS 0x000000008f4bb890, 0x000000008f400000| Untracked 
| 205|0x000000008f500000, 0x000000008f600000, 0x000000008f600000|100%| O|  |TAMS 0x000000008f500000, 0x000000008f500000| Untracked 
| 206|0x000000008f600000, 0x000000008f700000, 0x000000008f700000|100%| O|  |TAMS 0x000000008f600000, 0x000000008f600000| Untracked 
| 207|0x000000008f700000, 0x000000008f800000, 0x000000008f800000|100%| O|  |TAMS 0x000000008f700000, 0x000000008f700000| Untracked 
| 208|0x000000008f800000, 0x000000008f8d38d0, 0x000000008f900000| 82%| O|  |TAMS 0x000000008f8d38d0, 0x000000008f800000| Untracked 
| 209|0x000000008f900000, 0x000000008fa00000, 0x000000008fa00000|100%| O|  |TAMS 0x000000008f900000, 0x000000008f900000| Untracked 
| 210|0x000000008fa00000, 0x000000008fb00000, 0x000000008fb00000|100%| O|  |TAMS 0x000000008fa00000, 0x000000008fa00000| Untracked 
| 211|0x000000008fb00000, 0x000000008fc00000, 0x000000008fc00000|100%| O|  |TAMS 0x000000008fb00000, 0x000000008fb00000| Untracked 
| 212|0x000000008fc00000, 0x000000008fd00000, 0x000000008fd00000|100%| O|  |TAMS 0x000000008fc00000, 0x000000008fc00000| Untracked 
| 213|0x000000008fd00000, 0x000000008fe00000, 0x000000008fe00000|100%| O|  |TAMS 0x000000008fd00000, 0x000000008fd00000| Untracked 
| 214|0x000000008fe00000, 0x000000008fefaa00, 0x000000008ff00000| 97%| O|  |TAMS 0x000000008fe00000, 0x000000008fe00000| Untracked 
| 215|0x000000008ff00000, 0x000000008ff00000, 0x0000000090000000|  0%| F|  |TAMS 0x000000008ff00000, 0x000000008ff00000| Untracked 
| 216|0x0000000090000000, 0x0000000090000000, 0x0000000090100000|  0%| F|  |TAMS 0x0000000090000000, 0x0000000090000000| Untracked 
| 217|0x0000000090100000, 0x0000000090100000, 0x0000000090200000|  0%| F|  |TAMS 0x0000000090100000, 0x0000000090100000| Untracked 
| 218|0x0000000090200000, 0x0000000090200000, 0x0000000090300000|  0%| F|  |TAMS 0x0000000090200000, 0x0000000090200000| Untracked 
| 219|0x0000000090300000, 0x0000000090300000, 0x0000000090400000|  0%| F|  |TAMS 0x0000000090300000, 0x0000000090300000| Untracked 
| 220|0x0000000090400000, 0x0000000090400000, 0x0000000090500000|  0%| F|  |TAMS 0x0000000090400000, 0x0000000090400000| Untracked 
| 221|0x0000000090500000, 0x0000000090500000, 0x0000000090600000|  0%| F|  |TAMS 0x0000000090500000, 0x0000000090500000| Untracked 
| 222|0x0000000090600000, 0x0000000090600000, 0x0000000090700000|  0%| F|  |TAMS 0x0000000090600000, 0x0000000090600000| Untracked 
| 223|0x0000000090700000, 0x0000000090700000, 0x0000000090800000|  0%| F|  |TAMS 0x0000000090700000, 0x0000000090700000| Untracked 
| 224|0x0000000090800000, 0x0000000090800000, 0x0000000090900000|  0%| F|  |TAMS 0x0000000090800000, 0x0000000090800000| Untracked 
| 225|0x0000000090900000, 0x0000000090900000, 0x0000000090a00000|  0%| F|  |TAMS 0x0000000090900000, 0x0000000090900000| Untracked 
| 226|0x0000000090a00000, 0x0000000090a00000, 0x0000000090b00000|  0%| F|  |TAMS 0x0000000090a00000, 0x0000000090a00000| Untracked 
| 227|0x0000000090b00000, 0x0000000090b00000, 0x0000000090c00000|  0%| F|  |TAMS 0x0000000090b00000, 0x0000000090b00000| Untracked 
| 228|0x0000000090c00000, 0x0000000090c00000, 0x0000000090d00000|  0%| F|  |TAMS 0x0000000090c00000, 0x0000000090c00000| Untracked 
| 229|0x0000000090d00000, 0x0000000090d00000, 0x0000000090e00000|  0%| F|  |TAMS 0x0000000090d00000, 0x0000000090d00000| Untracked 
| 230|0x0000000090e00000, 0x0000000090e00000, 0x0000000090f00000|  0%| F|  |TAMS 0x0000000090e00000, 0x0000000090e00000| Untracked 
| 231|0x0000000090f00000, 0x0000000090f00000, 0x0000000091000000|  0%| F|  |TAMS 0x0000000090f00000, 0x0000000090f00000| Untracked 
| 232|0x0000000091000000, 0x0000000091000000, 0x0000000091100000|  0%| F|  |TAMS 0x0000000091000000, 0x0000000091000000| Untracked 
| 233|0x0000000091100000, 0x0000000091100000, 0x0000000091200000|  0%| F|  |TAMS 0x0000000091100000, 0x0000000091100000| Untracked 
| 234|0x0000000091200000, 0x0000000091200000, 0x0000000091300000|  0%| F|  |TAMS 0x0000000091200000, 0x0000000091200000| Untracked 
| 235|0x0000000091300000, 0x0000000091300000, 0x0000000091400000|  0%| F|  |TAMS 0x0000000091300000, 0x0000000091300000| Untracked 
| 236|0x0000000091400000, 0x0000000091400000, 0x0000000091500000|  0%| F|  |TAMS 0x0000000091400000, 0x0000000091400000| Untracked 
| 237|0x0000000091500000, 0x0000000091500000, 0x0000000091600000|  0%| F|  |TAMS 0x0000000091500000, 0x0000000091500000| Untracked 
| 238|0x0000000091600000, 0x0000000091600000, 0x0000000091700000|  0%| F|  |TAMS 0x0000000091600000, 0x0000000091600000| Untracked 
| 239|0x0000000091700000, 0x0000000091700000, 0x0000000091800000|  0%| F|  |TAMS 0x0000000091700000, 0x0000000091700000| Untracked 
| 240|0x0000000091800000, 0x0000000091800000, 0x0000000091900000|  0%| F|  |TAMS 0x0000000091800000, 0x0000000091800000| Untracked 
| 241|0x0000000091900000, 0x0000000091900000, 0x0000000091a00000|  0%| F|  |TAMS 0x0000000091900000, 0x0000000091900000| Untracked 
| 242|0x0000000091a00000, 0x0000000091a00000, 0x0000000091b00000|  0%| F|  |TAMS 0x0000000091a00000, 0x0000000091a00000| Untracked 
| 243|0x0000000091b00000, 0x0000000091b00000, 0x0000000091c00000|  0%| F|  |TAMS 0x0000000091b00000, 0x0000000091b00000| Untracked 
| 244|0x0000000091c00000, 0x0000000091cd6180, 0x0000000091d00000| 83%| S|CS|TAMS 0x0000000091c00000, 0x0000000091c00000| Complete 
| 245|0x0000000091d00000, 0x0000000091e00000, 0x0000000091e00000|100%| S|CS|TAMS 0x0000000091d00000, 0x0000000091d00000| Complete 
| 246|0x0000000091e00000, 0x0000000091f00000, 0x0000000091f00000|100%| S|CS|TAMS 0x0000000091e00000, 0x0000000091e00000| Complete 
| 247|0x0000000091f00000, 0x0000000091f00000, 0x0000000092000000|  0%| F|  |TAMS 0x0000000091f00000, 0x0000000091f00000| Untracked 
| 248|0x0000000092000000, 0x0000000092000000, 0x0000000092100000|  0%| F|  |TAMS 0x0000000092000000, 0x0000000092000000| Untracked 
| 249|0x0000000092100000, 0x0000000092100000, 0x0000000092200000|  0%| F|  |TAMS 0x0000000092100000, 0x0000000092100000| Untracked 
| 250|0x0000000092200000, 0x0000000092200000, 0x0000000092300000|  0%| F|  |TAMS 0x0000000092200000, 0x0000000092200000| Untracked 
| 251|0x0000000092300000, 0x0000000092300000, 0x0000000092400000|  0%| F|  |TAMS 0x0000000092300000, 0x0000000092300000| Untracked 
| 252|0x0000000092400000, 0x0000000092500000, 0x0000000092500000|100%| S|CS|TAMS 0x0000000092400000, 0x0000000092400000| Complete 
| 253|0x0000000092500000, 0x0000000092600000, 0x0000000092600000|100%| S|CS|TAMS 0x0000000092500000, 0x0000000092500000| Complete 
| 254|0x0000000092600000, 0x0000000092700000, 0x0000000092700000|100%| S|CS|TAMS 0x0000000092600000, 0x0000000092600000| Complete 
| 255|0x0000000092700000, 0x0000000092800000, 0x0000000092800000|100%| S|CS|TAMS 0x0000000092700000, 0x0000000092700000| Complete 
| 256|0x0000000092800000, 0x0000000092900000, 0x0000000092900000|100%| S|CS|TAMS 0x0000000092800000, 0x0000000092800000| Complete 
| 257|0x0000000092900000, 0x0000000092900000, 0x0000000092a00000|  0%| F|  |TAMS 0x0000000092900000, 0x0000000092900000| Untracked 
| 258|0x0000000092a00000, 0x0000000092a00000, 0x0000000092b00000|  0%| F|  |TAMS 0x0000000092a00000, 0x0000000092a00000| Untracked 
| 259|0x0000000092b00000, 0x0000000092b00000, 0x0000000092c00000|  0%| F|  |TAMS 0x0000000092b00000, 0x0000000092b00000| Untracked 
| 260|0x0000000092c00000, 0x0000000092c00000, 0x0000000092d00000|  0%| F|  |TAMS 0x0000000092c00000, 0x0000000092c00000| Untracked 
| 261|0x0000000092d00000, 0x0000000092d00000, 0x0000000092e00000|  0%| F|  |TAMS 0x0000000092d00000, 0x0000000092d00000| Untracked 
| 262|0x0000000092e00000, 0x0000000092e00000, 0x0000000092f00000|  0%| F|  |TAMS 0x0000000092e00000, 0x0000000092e00000| Untracked 
| 263|0x0000000092f00000, 0x0000000092f00000, 0x0000000093000000|  0%| F|  |TAMS 0x0000000092f00000, 0x0000000092f00000| Untracked 
| 264|0x0000000093000000, 0x0000000093000000, 0x0000000093100000|  0%| F|  |TAMS 0x0000000093000000, 0x0000000093000000| Untracked 
| 265|0x0000000093100000, 0x0000000093100000, 0x0000000093200000|  0%| F|  |TAMS 0x0000000093100000, 0x0000000093100000| Untracked 
| 266|0x0000000093200000, 0x0000000093200000, 0x0000000093300000|  0%| F|  |TAMS 0x0000000093200000, 0x0000000093200000| Untracked 
| 267|0x0000000093300000, 0x0000000093300000, 0x0000000093400000|  0%| F|  |TAMS 0x0000000093300000, 0x0000000093300000| Untracked 
| 268|0x0000000093400000, 0x0000000093400000, 0x0000000093500000|  0%| F|  |TAMS 0x0000000093400000, 0x0000000093400000| Untracked 
| 269|0x0000000093500000, 0x0000000093500000, 0x0000000093600000|  0%| F|  |TAMS 0x0000000093500000, 0x0000000093500000| Untracked 
| 270|0x0000000093600000, 0x0000000093600000, 0x0000000093700000|  0%| F|  |TAMS 0x0000000093600000, 0x0000000093600000| Untracked 
| 271|0x0000000093700000, 0x0000000093700000, 0x0000000093800000|  0%| F|  |TAMS 0x0000000093700000, 0x0000000093700000| Untracked 
| 272|0x0000000093800000, 0x0000000093800000, 0x0000000093900000|  0%| F|  |TAMS 0x0000000093800000, 0x0000000093800000| Untracked 
| 273|0x0000000093900000, 0x0000000093900000, 0x0000000093a00000|  0%| F|  |TAMS 0x0000000093900000, 0x0000000093900000| Untracked 
| 274|0x0000000093a00000, 0x0000000093a00000, 0x0000000093b00000|  0%| F|  |TAMS 0x0000000093a00000, 0x0000000093a00000| Untracked 
| 275|0x0000000093b00000, 0x0000000093b00000, 0x0000000093c00000|  0%| F|  |TAMS 0x0000000093b00000, 0x0000000093b00000| Untracked 
| 276|0x0000000093c00000, 0x0000000093c00000, 0x0000000093d00000|  0%| F|  |TAMS 0x0000000093c00000, 0x0000000093c00000| Untracked 
| 277|0x0000000093d00000, 0x0000000093d00000, 0x0000000093e00000|  0%| F|  |TAMS 0x0000000093d00000, 0x0000000093d00000| Untracked 
| 278|0x0000000093e00000, 0x0000000093e00000, 0x0000000093f00000|  0%| F|  |TAMS 0x0000000093e00000, 0x0000000093e00000| Untracked 
| 279|0x0000000093f00000, 0x0000000093f00000, 0x0000000094000000|  0%| F|  |TAMS 0x0000000093f00000, 0x0000000093f00000| Untracked 
| 280|0x0000000094000000, 0x0000000094000000, 0x0000000094100000|  0%| F|  |TAMS 0x0000000094000000, 0x0000000094000000| Untracked 
| 281|0x0000000094100000, 0x0000000094100000, 0x0000000094200000|  0%| F|  |TAMS 0x0000000094100000, 0x0000000094100000| Untracked 
| 282|0x0000000094200000, 0x0000000094200000, 0x0000000094300000|  0%| F|  |TAMS 0x0000000094200000, 0x0000000094200000| Untracked 
| 283|0x0000000094300000, 0x0000000094300000, 0x0000000094400000|  0%| F|  |TAMS 0x0000000094300000, 0x0000000094300000| Untracked 
| 284|0x0000000094400000, 0x0000000094400000, 0x0000000094500000|  0%| F|  |TAMS 0x0000000094400000, 0x0000000094400000| Untracked 
| 285|0x0000000094500000, 0x0000000094500000, 0x0000000094600000|  0%| F|  |TAMS 0x0000000094500000, 0x0000000094500000| Untracked 
| 286|0x0000000094600000, 0x0000000094600000, 0x0000000094700000|  0%| F|  |TAMS 0x0000000094600000, 0x0000000094600000| Untracked 
| 287|0x0000000094700000, 0x000000009476bad0, 0x0000000094800000| 42%| E|  |TAMS 0x0000000094700000, 0x0000000094700000| Complete 
| 288|0x0000000094800000, 0x0000000094900000, 0x0000000094900000|100%| E|CS|TAMS 0x0000000094800000, 0x0000000094800000| Complete 
| 289|0x0000000094900000, 0x0000000094a00000, 0x0000000094a00000|100%| E|CS|TAMS 0x0000000094900000, 0x0000000094900000| Complete 
| 290|0x0000000094a00000, 0x0000000094b00000, 0x0000000094b00000|100%| E|CS|TAMS 0x0000000094a00000, 0x0000000094a00000| Complete 
| 291|0x0000000094b00000, 0x0000000094c00000, 0x0000000094c00000|100%| E|CS|TAMS 0x0000000094b00000, 0x0000000094b00000| Complete 
| 292|0x0000000094c00000, 0x0000000094d00000, 0x0000000094d00000|100%| E|CS|TAMS 0x0000000094c00000, 0x0000000094c00000| Complete 
| 293|0x0000000094d00000, 0x0000000094e00000, 0x0000000094e00000|100%| E|CS|TAMS 0x0000000094d00000, 0x0000000094d00000| Complete 
| 294|0x0000000094e00000, 0x0000000094f00000, 0x0000000094f00000|100%| E|CS|TAMS 0x0000000094e00000, 0x0000000094e00000| Complete 
| 295|0x0000000094f00000, 0x0000000095000000, 0x0000000095000000|100%| E|CS|TAMS 0x0000000094f00000, 0x0000000094f00000| Complete 
| 296|0x0000000095000000, 0x0000000095100000, 0x0000000095100000|100%| E|CS|TAMS 0x0000000095000000, 0x0000000095000000| Complete 
| 297|0x0000000095100000, 0x0000000095200000, 0x0000000095200000|100%| E|CS|TAMS 0x0000000095100000, 0x0000000095100000| Complete 
| 298|0x0000000095200000, 0x0000000095300000, 0x0000000095300000|100%| E|CS|TAMS 0x0000000095200000, 0x0000000095200000| Complete 
| 299|0x0000000095300000, 0x0000000095400000, 0x0000000095400000|100%| E|CS|TAMS 0x0000000095300000, 0x0000000095300000| Complete 
| 300|0x0000000095400000, 0x0000000095500000, 0x0000000095500000|100%| E|CS|TAMS 0x0000000095400000, 0x0000000095400000| Complete 
| 301|0x0000000095500000, 0x0000000095600000, 0x0000000095600000|100%| E|CS|TAMS 0x0000000095500000, 0x0000000095500000| Complete 
| 302|0x0000000095600000, 0x0000000095700000, 0x0000000095700000|100%| E|CS|TAMS 0x0000000095600000, 0x0000000095600000| Complete 
| 303|0x0000000095700000, 0x0000000095800000, 0x0000000095800000|100%| E|CS|TAMS 0x0000000095700000, 0x0000000095700000| Complete 
| 304|0x0000000095800000, 0x0000000095900000, 0x0000000095900000|100%| E|CS|TAMS 0x0000000095800000, 0x0000000095800000| Complete 
| 305|0x0000000095900000, 0x0000000095a00000, 0x0000000095a00000|100%| E|CS|TAMS 0x0000000095900000, 0x0000000095900000| Complete 
| 306|0x0000000095a00000, 0x0000000095b00000, 0x0000000095b00000|100%| E|CS|TAMS 0x0000000095a00000, 0x0000000095a00000| Complete 
| 307|0x0000000095b00000, 0x0000000095c00000, 0x0000000095c00000|100%| E|CS|TAMS 0x0000000095b00000, 0x0000000095b00000| Complete 
| 308|0x0000000095c00000, 0x0000000095d00000, 0x0000000095d00000|100%| E|CS|TAMS 0x0000000095c00000, 0x0000000095c00000| Complete 
| 309|0x0000000095d00000, 0x0000000095e00000, 0x0000000095e00000|100%| E|CS|TAMS 0x0000000095d00000, 0x0000000095d00000| Complete 
| 310|0x0000000095e00000, 0x0000000095f00000, 0x0000000095f00000|100%| E|CS|TAMS 0x0000000095e00000, 0x0000000095e00000| Complete 
| 311|0x0000000095f00000, 0x0000000096000000, 0x0000000096000000|100%| E|CS|TAMS 0x0000000095f00000, 0x0000000095f00000| Complete 
| 312|0x0000000096000000, 0x0000000096100000, 0x0000000096100000|100%| E|CS|TAMS 0x0000000096000000, 0x0000000096000000| Complete 
| 313|0x0000000096100000, 0x0000000096200000, 0x0000000096200000|100%| E|CS|TAMS 0x0000000096100000, 0x0000000096100000| Complete 
| 314|0x0000000096200000, 0x0000000096300000, 0x0000000096300000|100%| E|CS|TAMS 0x0000000096200000, 0x0000000096200000| Complete 
| 315|0x0000000096300000, 0x0000000096400000, 0x0000000096400000|100%| E|CS|TAMS 0x0000000096300000, 0x0000000096300000| Complete 
| 316|0x0000000096400000, 0x0000000096500000, 0x0000000096500000|100%| E|CS|TAMS 0x0000000096400000, 0x0000000096400000| Complete 
| 317|0x0000000096500000, 0x0000000096600000, 0x0000000096600000|100%| E|CS|TAMS 0x0000000096500000, 0x0000000096500000| Complete 
| 318|0x0000000096600000, 0x0000000096700000, 0x0000000096700000|100%| E|CS|TAMS 0x0000000096600000, 0x0000000096600000| Complete 
| 319|0x0000000096700000, 0x0000000096800000, 0x0000000096800000|100%| E|CS|TAMS 0x0000000096700000, 0x0000000096700000| Complete 
| 320|0x0000000096800000, 0x0000000096900000, 0x0000000096900000|100%| E|CS|TAMS 0x0000000096800000, 0x0000000096800000| Complete 
| 321|0x0000000096900000, 0x0000000096a00000, 0x0000000096a00000|100%| E|CS|TAMS 0x0000000096900000, 0x0000000096900000| Complete 
| 322|0x0000000096a00000, 0x0000000096b00000, 0x0000000096b00000|100%| E|CS|TAMS 0x0000000096a00000, 0x0000000096a00000| Complete 
| 323|0x0000000096b00000, 0x0000000096c00000, 0x0000000096c00000|100%| E|CS|TAMS 0x0000000096b00000, 0x0000000096b00000| Complete 
| 324|0x0000000096c00000, 0x0000000096d00000, 0x0000000096d00000|100%| E|CS|TAMS 0x0000000096c00000, 0x0000000096c00000| Complete 
| 325|0x0000000096d00000, 0x0000000096e00000, 0x0000000096e00000|100%| E|CS|TAMS 0x0000000096d00000, 0x0000000096d00000| Complete 
| 326|0x0000000096e00000, 0x0000000096f00000, 0x0000000096f00000|100%| E|CS|TAMS 0x0000000096e00000, 0x0000000096e00000| Complete 
| 327|0x0000000096f00000, 0x0000000097000000, 0x0000000097000000|100%| E|CS|TAMS 0x0000000096f00000, 0x0000000096f00000| Complete 
| 328|0x0000000097000000, 0x0000000097100000, 0x0000000097100000|100%| E|CS|TAMS 0x0000000097000000, 0x0000000097000000| Complete 
| 329|0x0000000097100000, 0x0000000097200000, 0x0000000097200000|100%| E|CS|TAMS 0x0000000097100000, 0x0000000097100000| Complete 
| 330|0x0000000097200000, 0x0000000097300000, 0x0000000097300000|100%| E|CS|TAMS 0x0000000097200000, 0x0000000097200000| Complete 
| 331|0x0000000097300000, 0x0000000097400000, 0x0000000097400000|100%| E|CS|TAMS 0x0000000097300000, 0x0000000097300000| Complete 
| 332|0x0000000097400000, 0x0000000097500000, 0x0000000097500000|100%| E|CS|TAMS 0x0000000097400000, 0x0000000097400000| Complete 
| 333|0x0000000097500000, 0x0000000097600000, 0x0000000097600000|100%| E|CS|TAMS 0x0000000097500000, 0x0000000097500000| Complete 
| 334|0x0000000097600000, 0x0000000097700000, 0x0000000097700000|100%| E|CS|TAMS 0x0000000097600000, 0x0000000097600000| Complete 
| 335|0x0000000097700000, 0x0000000097800000, 0x0000000097800000|100%| E|CS|TAMS 0x0000000097700000, 0x0000000097700000| Complete 
| 336|0x0000000097800000, 0x0000000097900000, 0x0000000097900000|100%| E|CS|TAMS 0x0000000097800000, 0x0000000097800000| Complete 
| 337|0x0000000097900000, 0x0000000097a00000, 0x0000000097a00000|100%| E|CS|TAMS 0x0000000097900000, 0x0000000097900000| Complete 
| 338|0x0000000097a00000, 0x0000000097b00000, 0x0000000097b00000|100%| E|CS|TAMS 0x0000000097a00000, 0x0000000097a00000| Complete 
| 339|0x0000000097b00000, 0x0000000097c00000, 0x0000000097c00000|100%| E|CS|TAMS 0x0000000097b00000, 0x0000000097b00000| Complete 

Card table byte_map: [0x0000022af2020000,0x0000022af2410000] _byte_map_base: 0x0000022af1c0c000

Marking Bits (Prev, Next): (CMBitMap*) 0x0000022aea277be8, (CMBitMap*) 0x0000022aea277c20
 Prev Bits: [0x0000022af2800000, 0x0000022af4760000)
 Next Bits: [0x0000022af4760000, 0x0000022af66c0000)

Polling page: 0x0000022ae99f0000

Metaspace:

Usage:
  Non-class:    110.27 MB capacity,   106.33 MB ( 96%) used,     3.44 MB (  3%) free+waste,   514.12 KB ( <1%) overhead. 
      Class:     17.13 MB capacity,    15.00 MB ( 88%) used,     1.88 MB ( 11%) free+waste,   252.31 KB (  1%) overhead. 
       Both:    127.40 MB capacity,   121.33 MB ( 95%) used,     5.33 MB (  4%) free+waste,   766.44 KB ( <1%) overhead. 

Virtual space:
  Non-class space:      112.00 MB reserved,     110.50 MB ( 99%) committed 
      Class space:        1.00 GB reserved,      17.25 MB (  2%) committed 
             Both:        1.11 GB reserved,     127.75 MB ( 11%) committed 

Chunk freelists:
   Non-Class:  0 bytes
       Class:  128 bytes
        Both:  128 bytes

CodeHeap 'non-profiled nmethods': size=238336Kb used=45225Kb max_used=45225Kb free=193110Kb
 bounds [0x0000022a80740000, 0x0000022a83370000, 0x0000022a8f000000]
CodeHeap 'non-nmethods': size=7424Kb used=1332Kb max_used=1332Kb free=6091Kb
 bounds [0x0000022a80000000, 0x0000022a80270000, 0x0000022a80740000]
 total_blobs=26755 nmethods=26029 adapters=650
 compilation: enabled
              stopped_count=0, restarted_count=0
 full_count=0

Compilation events (10 events):
Event: 20822.660 Thread 0x0000022af99b8800 26263       1       it.cnr.psts.wikitel.API.Timeline::getValue (5 bytes)
Event: 20822.660 Thread 0x0000022af99b8800 nmethod 26263 0x0000022a83368d10 code [0x0000022a83368ea0, 0x0000022a83368f58]
Event: 20822.660 Thread 0x0000022af99b8800 26264       1       it.cnr.istc.psts.wikitel.db.UserEntity::getId (5 bytes)
Event: 20822.661 Thread 0x0000022af99b8800 nmethod 26264 0x0000022a83369010 code [0x0000022a833691a0, 0x0000022a83369258]
Event: 20834.951 Thread 0x0000022af99b8800 26265   !   1       org.springframework.context.support.ApplicationListenerDetector::postProcessBeforeDestruction (37 bytes)
Event: 20834.952 Thread 0x0000022af99b8800 nmethod 26265 0x0000022a83369310 code [0x0000022a833694e0, 0x0000022a83369748]
Event: 20834.952 Thread 0x0000022af99b8800 26266   !   1       org.springframework.context.event.AbstractApplicationEventMulticaster::removeApplicationListener (41 bytes)
Event: 20834.954 Thread 0x0000022af99b8800 nmethod 26266 0x0000022a83369990 code [0x0000022a83369b40, 0x0000022a83369df8]
Event: 20834.954 Thread 0x0000022af99b8800 26267   !   1       org.springframework.context.event.AbstractApplicationEventMulticaster::removeApplicationListenerBean (41 bytes)
Event: 20834.956 Thread 0x0000022af99b8800 nmethod 26267 0x0000022a83369f90 code [0x0000022a8336a140, 0x0000022a8336a3f8]

GC Heap History (10 events):
Event: 20730.552 GC heap before
{Heap before GC invocations=442 (full 26):
 garbage-first heap   total 339968K, used 289355K [0x0000000082800000, 0x0000000100000000)
  region size 1024K, 78 young (79872K), 4 survivors (4096K)
 Metaspace       used 122599K, capacity 128422K, committed 129024K, reserved 1161216K
  class space    used 15162K, capacity 17226K, committed 17408K, reserved 1048576K
}
Event: 20730.625 GC heap after
{Heap after GC invocations=443 (full 26):
 garbage-first heap   total 339968K, used 213601K [0x0000000082800000, 0x0000000100000000)
  region size 1024K, 4 young (4096K), 4 survivors (4096K)
 Metaspace       used 122599K, capacity 128422K, committed 129024K, reserved 1161216K
  class space    used 15162K, capacity 17226K, committed 17408K, reserved 1048576K
}
Event: 20819.355 GC heap before
{Heap before GC invocations=444 (full 26):
 garbage-first heap   total 339968K, used 267873K [0x0000000082800000, 0x0000000100000000)
  region size 1024K, 58 young (59392K), 4 survivors (4096K)
 Metaspace       used 122619K, capacity 128455K, committed 129024K, reserved 1161216K
  class space    used 15166K, capacity 17235K, committed 17408K, reserved 1048576K
}
Event: 20820.261 GC heap after
{Heap after GC invocations=445 (full 27):
 garbage-first heap   total 348160K, used 206643K [0x0000000082800000, 0x0000000100000000)
  region size 1024K, 0 young (0K), 0 survivors (0K)
 Metaspace       used 122619K, capacity 128455K, committed 129024K, reserved 1161216K
  class space    used 15166K, capacity 17235K, committed 17408K, reserved 1048576K
}
Event: 20821.210 GC heap before
{Heap before GC invocations=445 (full 27):
 garbage-first heap   total 348160K, used 290611K [0x0000000082800000, 0x0000000100000000)
  region size 1024K, 83 young (84992K), 0 survivors (0K)
 Metaspace       used 122891K, capacity 128767K, committed 129280K, reserved 1161216K
  class space    used 15198K, capacity 17275K, committed 17408K, reserved 1048576K
}
Event: 20821.218 GC heap after
{Heap after GC invocations=446 (full 27):
 garbage-first heap   total 348160K, used 211740K [0x0000000082800000, 0x0000000100000000)
  region size 1024K, 5 young (5120K), 5 survivors (5120K)
 Metaspace       used 122891K, capacity 128767K, committed 129280K, reserved 1161216K
  class space    used 15198K, capacity 17275K, committed 17408K, reserved 1048576K
}
Event: 20822.176 GC heap before
{Heap before GC invocations=447 (full 27):
 garbage-first heap   total 348160K, used 289564K [0x0000000082800000, 0x0000000100000000)
  region size 1024K, 82 young (83968K), 5 survivors (5120K)
 Metaspace       used 123789K, capacity 129837K, committed 130176K, reserved 1161216K
  class space    used 15288K, capacity 17426K, committed 17536K, reserved 1048576K
}
Event: 20822.184 GC heap after
{Heap after GC invocations=448 (full 27):
 garbage-first heap   total 348160K, used 217210K [0x0000000082800000, 0x0000000100000000)
  region size 1024K, 11 young (11264K), 11 survivors (11264K)
 Metaspace       used 123789K, capacity 129837K, committed 130176K, reserved 1161216K
  class space    used 15288K, capacity 17426K, committed 17536K, reserved 1048576K
}
Event: 20822.292 GC heap before
{Heap before GC invocations=448 (full 27):
 garbage-first heap   total 348160K, used 297082K [0x0000000082800000, 0x0000000100000000)
  region size 1024K, 88 young (90112K), 11 survivors (11264K)
 Metaspace       used 123789K, capacity 129837K, committed 130176K, reserved 1161216K
  class space    used 15288K, capacity 17426K, committed 17536K, reserved 1048576K
}
Event: 20822.321 GC heap after
{Heap after GC invocations=449 (full 27):
 garbage-first heap   total 348160K, used 223862K [0x0000000082800000, 0x0000000100000000)
  region size 1024K, 8 young (8192K), 8 survivors (8192K)
 Metaspace       used 123789K, capacity 129837K, committed 130176K, reserved 1161216K
  class space    used 15288K, capacity 17426K, committed 17536K, reserved 1048576K
}

Deoptimization events (0 events):
No events

Classes redefined (0 events):
No events

Internal exceptions (10 events):
Event: 20822.036 Thread 0x0000022a91410800 Exception <a 'java/lang/ClassNotFoundException'{0x0000000093f8e650}: it/cnr/istc/psts/wikitel/db/SuggestionEntityCustomizer> (0x0000000093f8e650) thrown at [./open/src/hotspot/share/classfile/systemDictionary.cpp, line 226]
Event: 20834.944 Thread 0x0000022a91412000 Exception <a 'java/lang/InterruptedException'{0x0000000094858088}: sleep interrupted> (0x0000000094858088) thrown at [./open/src/hotspot/share/prims/jvm.cpp, line 3127]
Event: 20834.951 Thread 0x0000022a91414800 Exception <a 'java/lang/InterruptedException'{0x00000000948de5d8}: sleep interrupted> (0x00000000948de5d8) thrown at [./open/src/hotspot/share/prims/jvm.cpp, line 3127]
Event: 20834.955 Thread 0x0000022a91413000 Exception <a 'java/net/SocketException'{0x0000000094bc45e8}: Socket closed> (0x0000000094bc45e8) thrown at [./open/src/hotspot/share/prims/jni.cpp, line 632]
Event: 20835.040 Thread 0x0000022a8fdf1800 Exception <a 'sun/net/ConnectionResetException'{0x00000000948daa28}: > (0x00000000948daa28) thrown at [./open/src/hotspot/share/prims/jni.cpp, line 632]
Event: 20835.041 Thread 0x0000022a9141d800 Exception <a 'java/lang/InterruptedException'{0x0000000094bafd38}: sleep interrupted> (0x0000000094bafd38) thrown at [./open/src/hotspot/share/prims/jvm.cpp, line 3127]
Event: 20835.042 Thread 0x0000022a9141a000 Exception <a 'java/net/SocketException'{0x0000000094baaa70}: Socket closed> (0x0000000094baaa70) thrown at [./open/src/hotspot/share/prims/jni.cpp, line 632]
Event: 20835.094 Thread 0x0000022a9141c000 Exception <a 'java/lang/InterruptedException'{0x0000000094bcdcf0}: sleep interrupted> (0x0000000094bcdcf0) thrown at [./open/src/hotspot/share/prims/jvm.cpp, line 3127]
Event: 20835.095 Thread 0x0000022a91418800 Exception <a 'java/net/SocketException'{0x0000000094bbab10}: Socket closed> (0x0000000094bbab10) thrown at [./open/src/hotspot/share/prims/jni.cpp, line 632]
Event: 20835.158 Thread 0x0000022a91415800 Exception <a 'java/lang/InterruptedException'{0x0000000094bd6110}: sleep interrupted> (0x0000000094bd6110) thrown at [./open/src/hotspot/share/prims/jvm.cpp, line 3127]

Events (10 events):
Event: 20835.164 Executing VM operation: RevokeBias
Event: 20835.164 Executing VM operation: RevokeBias done
Event: 20835.165 Executing VM operation: RevokeBias
Event: 20835.165 Executing VM operation: RevokeBias done
Event: 20835.165 Executing VM operation: RevokeBias
Event: 20835.165 Executing VM operation: RevokeBias done
Event: 20835.165 Executing VM operation: RevokeBias
Event: 20835.165 Executing VM operation: RevokeBias done
Event: 20835.165 Thread 0x0000022a8fdeb000 Thread exited: 0x0000022a8fdeb000
Event: 20835.165 Executing VM operation: G1CollectFull


Dynamic libraries:
0x00007ff7cd3b0000 - 0x00007ff7cd3c0000 	C:\Program Files\Java\jdk-11\bin\javaw.exe
0x00007ffd69250000 - 0x00007ffd69467000 	C:\WINDOWS\SYSTEM32\ntdll.dll
0x00007ffd67ae0000 - 0x00007ffd67ba4000 	C:\WINDOWS\System32\KERNEL32.DLL
0x00007ffd66a10000 - 0x00007ffd66dbd000 	C:\WINDOWS\System32\KERNELBASE.dll
0x00007ffd66e60000 - 0x00007ffd66f71000 	C:\WINDOWS\System32\ucrtbase.dll
0x00007ffd5d220000 - 0x00007ffd5d239000 	C:\Program Files\Java\jdk-11\bin\jli.dll
0x00007ffd5b8d0000 - 0x00007ffd5b8eb000 	C:\Program Files\Java\jdk-11\bin\VCRUNTIME140.dll
0x00007ffd675b0000 - 0x00007ffd67662000 	C:\WINDOWS\System32\ADVAPI32.dll
0x00007ffd681a0000 - 0x00007ffd68247000 	C:\WINDOWS\System32\msvcrt.dll
0x00007ffd67000000 - 0x00007ffd670a9000 	C:\WINDOWS\System32\sechost.dll
0x00007ffd66780000 - 0x00007ffd667a8000 	C:\WINDOWS\System32\bcrypt.dll
0x00007ffd68250000 - 0x00007ffd68364000 	C:\WINDOWS\System32\RPCRT4.dll
0x00007ffd67ff0000 - 0x00007ffd6819e000 	C:\WINDOWS\System32\USER32.dll
0x00007ffd66750000 - 0x00007ffd66776000 	C:\WINDOWS\System32\win32u.dll
0x00007ffd676b0000 - 0x00007ffd676d9000 	C:\WINDOWS\System32\GDI32.dll
0x00007ffd58380000 - 0x00007ffd58613000 	C:\WINDOWS\WinSxS\amd64_microsoft.windows.common-controls_6595b64144ccf1df_6.0.22621.3672_none_2713b9d173822955\COMCTL32.dll
0x00007ffd66570000 - 0x00007ffd66689000 	C:\WINDOWS\System32\gdi32full.dll
0x00007ffd66dc0000 - 0x00007ffd66e5a000 	C:\WINDOWS\System32\msvcp_win.dll
0x00007ffd60ab0000 - 0x00007ffd60aba000 	C:\WINDOWS\SYSTEM32\VERSION.dll
0x00007ffd67670000 - 0x00007ffd676a1000 	C:\WINDOWS\System32\IMM32.DLL
0x00007ffd63190000 - 0x00007ffd6319c000 	C:\Program Files\Java\jdk-11\bin\vcruntime140_1.dll
0x00007ffd58cf0000 - 0x00007ffd58d7e000 	C:\Program Files\Java\jdk-11\bin\msvcp140.dll
0x00007ffd0fc00000 - 0x00007ffd1076d000 	C:\Program Files\Java\jdk-11\bin\server\jvm.dll
0x00007ffd68390000 - 0x00007ffd68398000 	C:\WINDOWS\System32\PSAPI.DLL
0x00007ffd45510000 - 0x00007ffd45519000 	C:\WINDOWS\SYSTEM32\WSOCK32.dll
0x00007ffd60bf0000 - 0x00007ffd60c24000 	C:\WINDOWS\SYSTEM32\WINMM.dll
0x00007ffd66f80000 - 0x00007ffd66ff1000 	C:\WINDOWS\System32\WS2_32.dll
0x00007ffd65650000 - 0x00007ffd65668000 	C:\WINDOWS\SYSTEM32\kernel.appcore.dll
0x00007ffd61af0000 - 0x00007ffd61b00000 	C:\Program Files\Java\jdk-11\bin\verify.dll
0x00007ffd63740000 - 0x00007ffd63972000 	C:\WINDOWS\SYSTEM32\DBGHELP.DLL
0x00007ffd68cd0000 - 0x00007ffd6905d000 	C:\WINDOWS\System32\combase.dll
0x00007ffd67a00000 - 0x00007ffd67ad7000 	C:\WINDOWS\System32\OLEAUT32.dll
0x00007ffd5cf80000 - 0x00007ffd5cfb2000 	C:\WINDOWS\SYSTEM32\dbgcore.DLL
0x00007ffd66920000 - 0x00007ffd6699b000 	C:\WINDOWS\System32\bcryptPrimitives.dll
0x00007ffd5b8a0000 - 0x00007ffd5b8c8000 	C:\Program Files\Java\jdk-11\bin\java.dll
0x00007ffd60da0000 - 0x00007ffd60daa000 	C:\Program Files\Java\jdk-11\bin\jimage.dll
0x00007ffd5b880000 - 0x00007ffd5b897000 	C:\Program Files\Java\jdk-11\bin\zip.dll
0x00007ffd68400000 - 0x00007ffd68c68000 	C:\WINDOWS\System32\SHELL32.dll
0x00007ffd64480000 - 0x00007ffd64d7e000 	C:\WINDOWS\SYSTEM32\windows.storage.dll
0x00007ffd64340000 - 0x00007ffd6447f000 	C:\WINDOWS\SYSTEM32\wintypes.dll
0x00007ffd69110000 - 0x00007ffd69209000 	C:\WINDOWS\System32\SHCORE.dll
0x00007ffd68c70000 - 0x00007ffd68cce000 	C:\WINDOWS\System32\shlwapi.dll
0x00007ffd664a0000 - 0x00007ffd664c1000 	C:\WINDOWS\SYSTEM32\profapi.dll
0x00007ffd5b7f0000 - 0x00007ffd5b809000 	C:\Program Files\Java\jdk-11\bin\net.dll
0x00007ffd61e20000 - 0x00007ffd61f56000 	C:\WINDOWS\SYSTEM32\WINHTTP.dll
0x00007ffd65ac0000 - 0x00007ffd65b29000 	C:\WINDOWS\system32\mswsock.dll
0x00007ffd5b7a0000 - 0x00007ffd5b7b2000 	C:\Program Files\Java\jdk-11\bin\nio.dll
0x00007ffd5dc80000 - 0x00007ffd5dc89000 	C:\Program Files\Java\jdk-11\bin\management.dll
0x00007ffd5b820000 - 0x00007ffd5b82b000 	C:\Program Files\Java\jdk-11\bin\management_ext.dll
0x00007ffd4b9c0000 - 0x00007ffd4b9d7000 	C:\WINDOWS\system32\napinsp.dll
0x00007ffd4b9a0000 - 0x00007ffd4b9bb000 	C:\WINDOWS\system32\pnrpnsp.dll
0x00007ffd65110000 - 0x00007ffd65208000 	C:\WINDOWS\SYSTEM32\DNSAPI.dll
0x00007ffd65090000 - 0x00007ffd650bd000 	C:\WINDOWS\SYSTEM32\IPHLPAPI.DLL
0x00007ffd678f0000 - 0x00007ffd678f9000 	C:\WINDOWS\System32\NSI.dll
0x00007ffd4b980000 - 0x00007ffd4b991000 	C:\WINDOWS\System32\winrnr.dll
0x00007ffd60a40000 - 0x00007ffd60a55000 	C:\WINDOWS\system32\wshbth.dll
0x00007ffd4b8e0000 - 0x00007ffd4b907000 	C:\WINDOWS\system32\nlansp_c.dll
0x00007ffd5f3d0000 - 0x00007ffd5f3da000 	C:\Windows\System32\rasadhlp.dll
0x00007ffd60ac0000 - 0x00007ffd60b43000 	C:\WINDOWS\System32\fwpuclnt.dll
0x00007ffd65ce0000 - 0x00007ffd65cfb000 	C:\WINDOWS\SYSTEM32\CRYPTSP.dll
0x00007ffd655b0000 - 0x00007ffd655e5000 	C:\WINDOWS\system32\rsaenh.dll
0x00007ffd65b80000 - 0x00007ffd65ba8000 	C:\WINDOWS\SYSTEM32\USERENV.dll
0x00007ffd65d00000 - 0x00007ffd65d0c000 	C:\WINDOWS\SYSTEM32\CRYPTBASE.dll
0x00007ffd61dd0000 - 0x00007ffd61de9000 	C:\WINDOWS\SYSTEM32\dhcpcsvc6.DLL
0x00007ffd61c00000 - 0x00007ffd61c1f000 	C:\WINDOWS\SYSTEM32\dhcpcsvc.DLL
0x00007ffd5b7e0000 - 0x00007ffd5b7ee000 	C:\Program Files\Java\jdk-11\bin\sunmscapi.dll
0x00007ffd667b0000 - 0x00007ffd66917000 	C:\WINDOWS\System32\CRYPT32.dll
0x00007ffd65f00000 - 0x00007ffd65f2e000 	C:\WINDOWS\SYSTEM32\ncrypt.dll
0x00007ffd65ec0000 - 0x00007ffd65ef7000 	C:\WINDOWS\SYSTEM32\NTASN1.dll
0x00007ffd5b4c0000 - 0x00007ffd5b4e7000 	C:\Program Files\Java\jdk-11\bin\sunec.dll
0x00007ffd2fe90000 - 0x00007ffd2feb6000 	C:\WINDOWS\SYSTEM32\apisethost.appexecutionalias.dll
0x00007ffd4b0b0000 - 0x00007ffd4b1c3000 	C:\WINDOWS\SYSTEM32\daxexec.dll
0x00007ffd4b060000 - 0x00007ffd4b0a4000 	C:\WINDOWS\SYSTEM32\container.dll
0x00007ffd69060000 - 0x00007ffd69110000 	C:\WINDOWS\System32\clbcatq.dll
0x00007ffd4b1d0000 - 0x00007ffd4b2bb000 	C:\Windows\System32\Windows.StateRepositoryPS.dll
0x00007ffd4ae30000 - 0x00007ffd4ae9c000 	C:\WINDOWS\SYSTEM32\AppXAllUserStore.dll
0x00007ffd57ef0000 - 0x00007ffd57f2d000 	C:\WINDOWS\SYSTEM32\windows.staterepositoryclient.dll
0x00007ffd5e080000 - 0x00007ffd5e09a000 	C:\WINDOWS\SYSTEM32\windows.staterepositorycore.dll
0x00007ffd4aea0000 - 0x00007ffd4af00000 	C:\WINDOWS\SYSTEM32\capauthz.dll
0x00007ffd65670000 - 0x00007ffd656a4000 	C:\WINDOWS\SYSTEM32\ntmarta.dll

dbghelp: loaded successfully - version: 4.0.5 - missing functions: none
symbol engine: initialized successfully - sym options: 0x614 - pdb path: .;C:\Program Files\Java\jdk-11\bin;C:\WINDOWS\SYSTEM32;C:\WINDOWS\WinSxS\amd64_microsoft.windows.common-controls_6595b64144ccf1df_6.0.22621.3672_none_2713b9d173822955;C:\Program Files\Java\jdk-11\bin\server

VM Arguments:
jvm_args: -Dcom.sun.management.jmxremote -Dcom.sun.management.jmxremote.port=53984 -Dcom.sun.management.jmxremote.authenticate=false -Dcom.sun.management.jmxremote.ssl=false -Djava.rmi.server.hostname=localhost -Dspring.jmx.enabled=true -Dmanagement.endpoints.jmx.exposure.include=* -Dspring.application.admin.enabled=true -XX:TieredStopAtLevel=1 -Dspring.boot.project.name=wikitel -Dfile.encoding=UTF-8 -Dstdout.encoding=UTF-8 -Dstderr.encoding=UTF-8 
java_command: it.cnr.istc.psts.WikitelNewApplication --spring.output.ansi.enabled=always
java_class_path (initial): C:\Users\veryf\Documents\wikitel\target\classes;C:\Users\veryf\.m2\repository\org\springframework\boot\spring-boot-starter-mail\2.5.7\spring-boot-starter-mail-2.5.7.jar;C:\Users\veryf\.m2\repository\org\springframework\boot\spring-boot-starter\2.5.7\spring-boot-starter-2.5.7.jar;C:\Users\veryf\.m2\repository\org\springframework\boot\spring-boot-starter-logging\2.5.7\spring-boot-starter-logging-2.5.7.jar;C:\Users\veryf\.m2\repository\ch\qos\logback\logback-classic\1.2.7\logback-classic-1.2.7.jar;C:\Users\veryf\.m2\repository\ch\qos\logback\logback-core\1.2.7\logback-core-1.2.7.jar;C:\Users\veryf\.m2\repository\org\apache\logging\log4j\log4j-to-slf4j\2.14.1\log4j-to-slf4j-2.14.1.jar;C:\Users\veryf\.m2\repository\org\apache\logging\log4j\log4j-api\2.14.1\log4j-api-2.14.1.jar;C:\Users\veryf\.m2\repository\org\slf4j\jul-to-slf4j\1.7.32\jul-to-slf4j-1.7.32.jar;C:\Users\veryf\.m2\repository\jakarta\annotation\jakarta.annotation-api\1.3.5\jakarta.annotation-api-1.3.5.jar;C:\Users\veryf\.m2\repository\org\yaml\snakeyaml\1.28\snakeyaml-1.28.jar;C:\Users\veryf\.m2\repository\org\springframework\spring-context-support\5.3.13\spring-context-support-5.3.13.jar;C:\Users\veryf\.m2\repository\org\springframework\spring-beans\5.3.13\spring-beans-5.3.13.jar;C:\Users\veryf\.m2\repository\org\springframework\spring-context\5.3.13\spring-context-5.3.13.jar;C:\Users\veryf\.m2\repository\com\sun\mail\jakarta.mail\1.6.7\jakarta.mail-1.6.7.jar;C:\Users\veryf\.m2\repository\com\sun\activation\jakarta.activation\1.2.2\jakarta.activation-1.2.2.jar;C:\Users\veryf\.m2\repository\org\springframework\boot\spring-boot-starter-data-jpa\2.5.7\spring-boot-starter-data-jpa-2.5.7.jar;C:\Users\veryf\.m2\repository\org\springframework\boot\spring-boot-starter-aop\2.5.7\spring-boot-starter-aop-2.5.7.jar;C:\Users\veryf\.m2\repository\org\aspectj\aspectjweaver\1.9.7\aspectjweaver-1.9.7.jar;C:\Users\veryf\.m2\repository\org\springframework\boot\spring-boot-starter-jdbc\2.5.7\spring
Launcher Type: SUN_STANDARD

[Global flags]
     intx CICompilerCount                          = 4                                         {product} {ergonomic}
     uint ConcGCThreads                            = 2                                         {product} {ergonomic}
     uint G1ConcRefinementThreads                  = 8                                         {product} {ergonomic}
   size_t G1HeapRegionSize                         = 1048576                                   {product} {ergonomic}
    uintx GCDrainStackTargetSize                   = 64                                        {product} {ergonomic}
   size_t InitialHeapSize                          = 132120576                                 {product} {ergonomic}
     bool ManagementServer                         = true                                      {product} {command line}
   size_t MarkStackSize                            = 4194304                                   {product} {ergonomic}
   size_t MaxHeapSize                              = 2105540608                                {product} {ergonomic}
   size_t MaxNewSize                               = 1262485504                                {product} {ergonomic}
   size_t MinHeapDeltaBytes                        = 1048576                                   {product} {ergonomic}
    uintx NonNMethodCodeHeapSize                   = 7549744                                {pd product} {ergonomic}
    uintx NonProfiledCodeHeapSize                  = 244108496                              {pd product} {ergonomic}
    uintx ProfiledCodeHeapSize                     = 0                                      {pd product} {ergonomic}
    uintx ReservedCodeCacheSize                    = 251658240                              {pd product} {ergonomic}
     bool SegmentedCodeCache                       = true                                      {product} {ergonomic}
     intx TieredStopAtLevel                        = 1                                         {product} {command line}
     bool UseCompressedClassPointers               = true                                 {lp64_product} {ergonomic}
     bool UseCompressedOops                        = true                                 {lp64_product} {ergonomic}
     bool UseG1GC                                  = true                                      {product} {ergonomic}
     bool UseLargePagesIndividualAllocation        = false                                  {pd product} {ergonomic}

Logging:
Log output configuration:
 #0: stdout all=warning uptime,level,tags
 #1: stderr all=off uptime,level,tags

Environment Variables:
JAVA_HOME=C:\Program Files\Java\jdk-17
PATH=C:/Users/veryf/Downloads/sts-4.21.1.RELEASE//plugins/org.eclipse.justj.openjdk.hotspot.jre.full.win32.x86_64_17.0.10.v20240120-1143/jre/bin/server;C:/Users/veryf/Downloads/sts-4.21.1.RELEASE//plugins/org.eclipse.justj.openjdk.hotspot.jre.full.win32.x86_64_17.0.10.v20240120-1143/jre/bin;C:\Program Files\Common Files\Oracle\Java\javapath;C:\Program Files (x86)\VMware\VMware Player\bin\;C:\Program Files (x86)\Common Files\Oracle\Java\javapath;C:\WINDOWS\system32;C:\WINDOWS;C:\WINDOWS\System32\Wbem;C:\WINDOWS\System32\WindowsPowerShell\v1.0\;C:\WINDOWS\System32\OpenSSH\;C:\TDM-GCC-64\bin;C:\Program Files (x86)\Calibre2\;C:\Program Files\Git\cmd;C:\Program Files\Microsoft SQL Server\150\Tools\Binn\;C:\Program Files\Docker\Docker\resources\bin;C:\Users\veryf\INGEGNERIA\3anno\Reti di Calcolatori\Kathara;C:\Program Files\CMake\bin;C:\Program Files (x86)\Microsoft Visual Studio\VERSION\VC\Tools\MSVC\VERSION\bin\Hostx64\x64;C:\Program Files (x86)\Windows Kits\10\Windows Performance Toolkit\;C:\Program Files\PowerShell\7\;C:\Users\veryf\AppData\Local\Programs\Python\Launcher\;C:\Users\veryf\AppData\Local\Microsoft\WindowsApps;C:\ProgramData\veryf\atom\bin;C:\Users\veryf\AppData\Local\atom\bin;C:\Users\veryf\AppData\Local\Microsoft\WindowsApps;C:\Users\veryf\Desktop\Microsoft VS Code\bin;C:\flutter\bin;C:\Users\veryf\.dotnet\tools;C:\Users\veryf\AppData\Local\GitHubDesktop\bin;C:\Program Files\Java\jdk-17\bin;C:\Users\veryf\Desktop\Microsoft VS Code\bin;C:\Users\veryf\INGEGNERIA\Tirocinio\Wikitel-new-main\oRatio-0502ce8a6ee0d6f24f1ec350e61af90d72526092\build\bin\Debug;C:\Users\veryf\INGEGNERIA\Tirocinio\Wikitel-new-main2\oRatio-0502ce8a6ee0d6f24f1ec350e61af90d72526092\build\bin\Debug;C:\Users\veryf\Documents\apache-maven-3.9.8\bin;;C:\Users\veryf\Downloads\sts-4.21.1.RELEASE;
USERNAME=veryf
OS=Windows_NT
PROCESSOR_IDENTIFIER=Intel64 Family 6 Model 140 Stepping 1, GenuineIntel



---------------  S Y S T E M  ---------------

OS: Windows 11 , 64 bit Build 22621 (10.0.22621.3958)
Hyper-V role detected

CPU:total 8 (initial active 8) (4 cores per cpu, 2 threads per core) family 6 model 140 stepping 1 microcode 0xb6, cmov, cx8, fxsr, mmx, sse, sse2, sse3, ssse3, sse4.1, sse4.2, popcnt, avx, avx2, aes, clmul, erms, 3dnowpref, lzcnt, ht, tsc, tscinvbit, bmi1, bmi2, adx, evex, sha, fma

Memory: 4k page, system-wide physical 8026M (759M free)
TotalPageFile size 32602M (AvailPageFile size 49M)
current process WorkingSet (physical memory assigned to process): 555M, peak: 555M
current process commit charge ("private bytes"): 671M, peak: 689M

vm_info: Java HotSpot(TM) 64-Bit Server VM (11.0.21+9-LTS-193) for windows-amd64 JRE (11.0.21+9-LTS-193), built on Sep 13 2023 11:04:38 by "mach5one" with MS VC++ 17.1 (VS2022)

END.
