#
# There is insufficient memory for the Java Runtime Environment to continue.
# Native memory allocation (mmap) failed to map 132120576 bytes for Failed to commit area from 0x0000000082800000 to 0x000000008a600000 of length 132120576.
# Possible reasons:
#   The system is out of physical RAM or swap space
#   The process is running with CompressedOops enabled, and the Java Heap may be blocking the growth of the native heap
# Possible solutions:
#   Reduce memory load on the system
#   Increase physical memory or swap space
#   Check if swap backing store is full
#   Decrease Java heap size (-Xmx/-Xms)
#   Decrease number of Java threads
#   Decrease Java thread stack sizes (-Xss)
#   Set larger code cache with -XX:ReservedCodeCacheSize=
# This output file may be truncated or incomplete.
#
#  Out of Memory Error (./open/src/hotspot/os/windows/os_windows.cpp:3298), pid=16752, tid=29164
#
# JRE version:  (11.0.21+9) (build )
# Java VM: Java HotSpot(TM) 64-Bit Server VM (11.0.21+9-LTS-193, mixed mode, sharing, tiered, compressed oops, g1 gc, windows-amd64)
# No core dump will be written. Minidumps are not enabled by default on client versions of Windows
#

---------------  S U M M A R Y ------------

Command Line: -Dcom.sun.management.jmxremote -Dcom.sun.management.jmxremote.port=55722 -Dcom.sun.management.jmxremote.authenticate=false -Dcom.sun.management.jmxremote.ssl=false -Djava.rmi.server.hostname=localhost -Dspring.jmx.enabled=true -Dmanagement.endpoints.jmx.exposure.include=* -Dspring.application.admin.enabled=true -XX:TieredStopAtLevel=1 -Dspring.boot.project.name=wikitel -Dfile.encoding=UTF-8 -Dstdout.encoding=UTF-8 -Dstderr.encoding=UTF-8 it.cnr.istc.psts.WikitelNewApplication --spring.output.ansi.enabled=always

Host: 11th Gen Intel(R) Core(TM) i5-1135G7 @ 2.40GHz, 8 cores, 7G,  Windows 11 , 64 bit Build 22621 (10.0.22621.3672)
Time: Fri Aug 16 11:50:54 2024 ora legale Europa occidentale elapsed time: 0.144152 seconds (0d 0h 0m 0s)

---------------  T H R E A D  ---------------

Current thread (0x000001d9842d9800):  JavaThread "Unknown thread" [_thread_in_vm, id=29164, stack(0x000000a7d9600000,0x000000a7d9700000)]

Stack: [0x000000a7d9600000,0x000000a7d9700000]
Native frames: (J=compiled Java code, j=interpreted, Vv=VM code, C=native code)
V  [jvm.dll+0x66058a]
V  [jvm.dll+0x7a362f]
V  [jvm.dll+0x7a4cf9]
V  [jvm.dll+0x7a5393]
V  [jvm.dll+0x258f55]
V  [jvm.dll+0x65d8e9]
V  [jvm.dll+0x652495]
V  [jvm.dll+0x31367d]
V  [jvm.dll+0x3134e2]
V  [jvm.dll+0x318116]
V  [jvm.dll+0x360210]
V  [jvm.dll+0x35fc82]
V  [jvm.dll+0x2eed08]
V  [jvm.dll+0x2efe15]
V  [jvm.dll+0x77c687]
V  [jvm.dll+0x77df6f]
V  [jvm.dll+0x36d4b9]
V  [jvm.dll+0x76106f]
V  [jvm.dll+0x3df587]
V  [jvm.dll+0x3e1631]
C  [jli.dll+0x52e7]
C  [ucrtbase.dll+0x29333]
C  [KERNEL32.DLL+0x1257d]
C  [ntdll.dll+0x5af28]


---------------  P R O C E S S  ---------------

Threads class SMR info:
_java_thread_list=0x000001d9821b66b0, length=0, elements={
}

Java Threads: ( => current thread )

Other Threads:
  0x000001d9842f0800 GCTaskThread "GC Thread#0" [stack: 0x000000a7d9700000,0x000000a7d9800000] [id=26260]
  0x000001d984322800 ConcurrentGCThread "G1 Main Marker" [stack: 0x000000a7d9800000,0x000000a7d9900000] [id=5572]
  0x000001d984326000 ConcurrentGCThread "G1 Conc#0" [stack: 0x000000a7d9900000,0x000000a7d9a00000] [id=28516]

[error occurred during error reporting (printing all threads), id 0xc0000005, EXCEPTION_ACCESS_VIOLATION (0xc0000005) at pc=0x00007ffcdf51f7c7]

VM state:not at safepoint (not fully initialized)

VM Mutex/Monitor currently owned by a thread:  ([mutex/lock_event])
[0x000001d9842d6900] Heap_lock - owner thread: 0x000001d9842d9800

Heap address: 0x0000000082800000, size: 2008 MB, Compressed Oops mode: Non-zero based: 0x0000000082800000
Narrow klass base: 0x0000000000000000, Narrow klass shift: 0

GC Heap History (0 events):
No events

Deoptimization events (0 events):
No events

Classes redefined (0 events):
No events

Internal exceptions (0 events):
No events

Events (0 events):
No events


Dynamic libraries:
0x00007ff774030000 - 0x00007ff774040000 	C:\Program Files\Java\jdk-11\bin\javaw.exe
0x00007ffd453d0000 - 0x00007ffd455e7000 	C:\WINDOWS\SYSTEM32\ntdll.dll
0x00007ffd44160000 - 0x00007ffd44224000 	C:\WINDOWS\System32\KERNEL32.DLL
0x00007ffd427a0000 - 0x00007ffd42b4d000 	C:\WINDOWS\System32\KERNELBASE.dll
0x00007ffd42ff0000 - 0x00007ffd43101000 	C:\WINDOWS\System32\ucrtbase.dll
0x00007ffd3b3b0000 - 0x00007ffd3b3c9000 	C:\Program Files\Java\jdk-11\bin\jli.dll
0x00007ffd444d0000 - 0x00007ffd44582000 	C:\WINDOWS\System32\ADVAPI32.dll
0x00007ffd43f60000 - 0x00007ffd44007000 	C:\WINDOWS\System32\msvcrt.dll
0x00007ffd434a0000 - 0x00007ffd43549000 	C:\WINDOWS\System32\sechost.dll
0x00007ffd42d80000 - 0x00007ffd42da8000 	C:\WINDOWS\System32\bcrypt.dll
0x00007ffd44590000 - 0x00007ffd446a4000 	C:\WINDOWS\System32\RPCRT4.dll
0x00007ffd44bc0000 - 0x00007ffd44d6e000 	C:\WINDOWS\System32\USER32.dll
0x00007ffd42fc0000 - 0x00007ffd42fe6000 	C:\WINDOWS\System32\win32u.dll
0x00007ffd300c0000 - 0x00007ffd30353000 	C:\WINDOWS\WinSxS\amd64_microsoft.windows.common-controls_6595b64144ccf1df_6.0.22621.3672_none_2713b9d173822955\COMCTL32.dll
0x00007ffd44750000 - 0x00007ffd44779000 	C:\WINDOWS\System32\GDI32.dll
0x00007ffd42ea0000 - 0x00007ffd42fb9000 	C:\WINDOWS\System32\gdi32full.dll
0x00007ffd42700000 - 0x00007ffd4279a000 	C:\WINDOWS\System32\msvcp_win.dll
0x00007ffd3c900000 - 0x00007ffd3c90a000 	C:\WINDOWS\SYSTEM32\VERSION.dll
0x00007ffd3a7a0000 - 0x00007ffd3a7bb000 	C:\Program Files\Java\jdk-11\bin\VCRUNTIME140.dll
0x00007ffd44120000 - 0x00007ffd44151000 	C:\WINDOWS\System32\IMM32.DLL
0x00007ffd3c8c0000 - 0x00007ffd3c8cc000 	C:\Program Files\Java\jdk-11\bin\vcruntime140_1.dll
0x00007ffd1a650000 - 0x00007ffd1a6de000 	C:\Program Files\Java\jdk-11\bin\msvcp140.dll
0x00007ffcdf220000 - 0x00007ffcdfd8d000 	C:\Program Files\Java\jdk-11\bin\server\jvm.dll
0x00007ffd45380000 - 0x00007ffd45388000 	C:\WINDOWS\System32\PSAPI.DLL
0x00007ffd1bd80000 - 0x00007ffd1bd89000 	C:\WINDOWS\SYSTEM32\WSOCK32.dll
0x00007ffd3cb40000 - 0x00007ffd3cb74000 	C:\WINDOWS\SYSTEM32\WINMM.dll
0x00007ffd443f0000 - 0x00007ffd44461000 	C:\WINDOWS\System32\WS2_32.dll
0x00007ffd417f0000 - 0x00007ffd41808000 	C:\WINDOWS\SYSTEM32\kernel.appcore.dll
0x00007ffd3c8a0000 - 0x00007ffd3c8b0000 	C:\Program Files\Java\jdk-11\bin\verify.dll
0x00007ffd3fae0000 - 0x00007ffd3fd12000 	C:\WINDOWS\SYSTEM32\DBGHELP.DLL
0x00007ffd43110000 - 0x00007ffd43498000 	C:\WINDOWS\System32\combase.dll
0x00007ffd43610000 - 0x00007ffd436e7000 	C:\WINDOWS\System32\OLEAUT32.dll
0x00007ffd2d730000 - 0x00007ffd2d762000 	C:\WINDOWS\SYSTEM32\dbgcore.DLL
0x00007ffd42db0000 - 0x00007ffd42e2b000 	C:\WINDOWS\System32\bcryptPrimitives.dll
0x00007ffd3a760000 - 0x00007ffd3a788000 	C:\Program Files\Java\jdk-11\bin\java.dll
0x00007ffd3a750000 - 0x00007ffd3a75a000 	C:\Program Files\Java\jdk-11\bin\jimage.dll
0x00007ffd3a710000 - 0x00007ffd3a727000 	C:\Program Files\Java\jdk-11\bin\zip.dll

dbghelp: loaded successfully - version: 4.0.5 - missing functions: none
symbol engine: initialized successfully - sym options: 0x614 - pdb path: .;C:\Program Files\Java\jdk-11\bin;C:\WINDOWS\SYSTEM32;C:\WINDOWS\WinSxS\amd64_microsoft.windows.common-controls_6595b64144ccf1df_6.0.22621.3672_none_2713b9d173822955;C:\Program Files\Java\jdk-11\bin\server

VM Arguments:
jvm_args: -Dcom.sun.management.jmxremote -Dcom.sun.management.jmxremote.port=55722 -Dcom.sun.management.jmxremote.authenticate=false -Dcom.sun.management.jmxremote.ssl=false -Djava.rmi.server.hostname=localhost -Dspring.jmx.enabled=true -Dmanagement.endpoints.jmx.exposure.include=* -Dspring.application.admin.enabled=true -XX:TieredStopAtLevel=1 -Dspring.boot.project.name=wikitel -Dfile.encoding=UTF-8 -Dstdout.encoding=UTF-8 -Dstderr.encoding=UTF-8 
java_command: it.cnr.istc.psts.WikitelNewApplication --spring.output.ansi.enabled=always
java_class_path (initial): C:\Users\veryf\Documents\wikitel\target\classes;C:\Users\veryf\.m2\repository\org\springframework\boot\spring-boot-starter-mail\2.5.7\spring-boot-starter-mail-2.5.7.jar;C:\Users\veryf\.m2\repository\org\springframework\boot\spring-boot-starter\2.5.7\spring-boot-starter-2.5.7.jar;C:\Users\veryf\.m2\repository\org\springframework\boot\spring-boot-starter-logging\2.5.7\spring-boot-starter-logging-2.5.7.jar;C:\Users\veryf\.m2\repository\ch\qos\logback\logback-classic\1.2.7\logback-classic-1.2.7.jar;C:\Users\veryf\.m2\repository\ch\qos\logback\logback-core\1.2.7\logback-core-1.2.7.jar;C:\Users\veryf\.m2\repository\org\apache\logging\log4j\log4j-to-slf4j\2.14.1\log4j-to-slf4j-2.14.1.jar;C:\Users\veryf\.m2\repository\org\apache\logging\log4j\log4j-api\2.14.1\log4j-api-2.14.1.jar;C:\Users\veryf\.m2\repository\org\slf4j\jul-to-slf4j\1.7.32\jul-to-slf4j-1.7.32.jar;C:\Users\veryf\.m2\repository\jakarta\annotation\jakarta.annotation-api\1.3.5\jakarta.annotation-api-1.3.5.jar;C:\Users\veryf\.m2\repository\org\yaml\snakeyaml\1.28\snakeyaml-1.28.jar;C:\Users\veryf\.m2\repository\org\springframework\spring-context-support\5.3.13\spring-context-support-5.3.13.jar;C:\Users\veryf\.m2\repository\org\springframework\spring-beans\5.3.13\spring-beans-5.3.13.jar;C:\Users\veryf\.m2\repository\org\springframework\spring-context\5.3.13\spring-context-5.3.13.jar;C:\Users\veryf\.m2\repository\com\sun\mail\jakarta.mail\1.6.7\jakarta.mail-1.6.7.jar;C:\Users\veryf\.m2\repository\com\sun\activation\jakarta.activation\1.2.2\jakarta.activation-1.2.2.jar;C:\Users\veryf\.m2\repository\org\springframework\boot\spring-boot-starter-data-jpa\2.5.7\spring-boot-starter-data-jpa-2.5.7.jar;C:\Users\veryf\.m2\repository\org\springframework\boot\spring-boot-starter-aop\2.5.7\spring-boot-starter-aop-2.5.7.jar;C:\Users\veryf\.m2\repository\org\aspectj\aspectjweaver\1.9.7\aspectjweaver-1.9.7.jar;C:\Users\veryf\.m2\repository\org\springframework\boot\spring-boot-starter-jdbc\2.5.7\spring
Launcher Type: SUN_STANDARD

[Global flags]
     intx CICompilerCount                          = 4                                         {product} {ergonomic}
     uint ConcGCThreads                            = 2                                         {product} {ergonomic}
     uint G1ConcRefinementThreads                  = 8                                         {product} {ergonomic}
   size_t G1HeapRegionSize                         = 1048576                                   {product} {ergonomic}
    uintx GCDrainStackTargetSize                   = 64                                        {product} {ergonomic}
   size_t InitialHeapSize                          = 132120576                                 {product} {ergonomic}
     bool ManagementServer                         = true                                      {product} {command line}
   size_t MarkStackSize                            = 4194304                                   {product} {ergonomic}
   size_t MaxHeapSize                              = 2105540608                                {product} {ergonomic}
   size_t MinHeapDeltaBytes                        = 1048576                                   {product} {ergonomic}
    uintx NonNMethodCodeHeapSize                   = 7549744                                {pd product} {ergonomic}
    uintx NonProfiledCodeHeapSize                  = 244108496                              {pd product} {ergonomic}
    uintx ProfiledCodeHeapSize                     = 0                                      {pd product} {ergonomic}
    uintx ReservedCodeCacheSize                    = 251658240                              {pd product} {ergonomic}
     bool SegmentedCodeCache                       = true                                      {product} {ergonomic}
     intx TieredStopAtLevel                        = 1                                         {product} {command line}
     bool UseCompressedClassPointers               = true                                 {lp64_product} {ergonomic}
     bool UseCompressedOops                        = true                                 {lp64_product} {ergonomic}
     bool UseG1GC                                  = true                                      {product} {ergonomic}
     bool UseLargePagesIndividualAllocation        = false                                  {pd product} {ergonomic}

Logging:
Log output configuration:
 #0: stdout all=warning uptime,level,tags
 #1: stderr all=off uptime,level,tags

Environment Variables:
JAVA_HOME=C:\Program Files\Java\jdk-17
PATH=C:/Users/veryf/Downloads/sts-4.21.1.RELEASE//plugins/org.eclipse.justj.openjdk.hotspot.jre.full.win32.x86_64_17.0.10.v20240120-1143/jre/bin/server;C:/Users/veryf/Downloads/sts-4.21.1.RELEASE//plugins/org.eclipse.justj.openjdk.hotspot.jre.full.win32.x86_64_17.0.10.v20240120-1143/jre/bin;C:\Program Files\Common Files\Oracle\Java\javapath;C:\Program Files (x86)\VMware\VMware Player\bin\;C:\Program Files (x86)\Common Files\Oracle\Java\javapath;C:\WINDOWS\system32;C:\WINDOWS;C:\WINDOWS\System32\Wbem;C:\WINDOWS\System32\WindowsPowerShell\v1.0\;C:\WINDOWS\System32\OpenSSH\;C:\TDM-GCC-64\bin;C:\Program Files (x86)\Calibre2\;C:\Program Files\Git\cmd;C:\Program Files\Microsoft SQL Server\150\Tools\Binn\;C:\Program Files\Docker\Docker\resources\bin;C:\Users\veryf\INGEGNERIA\3°anno\Reti di Calcolatori\Kathara;C:\Program Files\CMake\bin;C:\Program Files (x86)\Microsoft Visual Studio\VERSION\VC\Tools\MSVC\VERSION\bin\Hostx64\x64;C:\Program Files (x86)\Windows Kits\10\Windows Performance Toolkit\;C:\Program Files\PowerShell\7\;C:\Users\veryf\AppData\Local\Programs\Python\Launcher\;C:\Users\veryf\AppData\Local\Microsoft\WindowsApps;C:\ProgramData\veryf\atom\bin;C:\Users\veryf\AppData\Local\atom\bin;C:\Users\veryf\AppData\Local\Microsoft\WindowsApps;C:\Users\veryf\Desktop\Microsoft VS Code\bin;C:\flutter\bin;C:\Users\veryf\.dotnet\tools;C:\Users\veryf\AppData\Local\GitHubDesktop\bin;C:\Program Files\Java\jdk-17\bin;C:\Users\veryf\Desktop\Microsoft VS Code\bin;C:\Users\veryf\INGEGNERIA\Tirocinio\Wikitel-new-main\oRatio-0502ce8a6ee0d6f24f1ec350e61af90d72526092\build\bin\Debug;C:\Users\veryf\INGEGNERIA\Tirocinio\Wikitel-new-main2\oRatio-0502ce8a6ee0d6f24f1ec350e61af90d72526092\build\bin\Debug;C:\Users\veryf\Documents\apache-maven-3.9.8\bin;;C:\Users\veryf\Downloads\sts-4.21.1.RELEASE;
USERNAME=veryf
OS=Windows_NT
PROCESSOR_IDENTIFIER=Intel64 Family 6 Model 140 Stepping 1, GenuineIntel



---------------  S Y S T E M  ---------------

OS: Windows 11 , 64 bit Build 22621 (10.0.22621.3672)
Hyper-V role detected

CPU:total 8 (initial active 8) (4 cores per cpu, 2 threads per core) family 6 model 140 stepping 1 microcode 0xb6, cmov, cx8, fxsr, mmx, sse, sse2, sse3, ssse3, sse4.1, sse4.2, popcnt, avx, avx2, aes, clmul, erms, 3dnowpref, lzcnt, ht, tsc, tscinvbit, bmi1, bmi2, adx, evex, sha, fma

Memory: 4k page, system-wide physical 8026M (387M free)
TotalPageFile size 32602M (AvailPageFile size 14M)
current process WorkingSet (physical memory assigned to process): 11M, peak: 11M
current process commit charge ("private bytes"): 57M, peak: 183M

vm_info: Java HotSpot(TM) 64-Bit Server VM (11.0.21+9-LTS-193) for windows-amd64 JRE (11.0.21+9-LTS-193), built on Sep 13 2023 11:04:38 by "mach5one" with MS VC++ 17.1 (VS2022)

END.
