#
# There is insufficient memory for the Java Runtime Environment to continue.
# Native memory allocation (malloc) failed to allocate 32744 bytes for ChunkPool::allocate
# Possible reasons:
#   The system is out of physical RAM or swap space
#   The process is running with CompressedOops enabled, and the Java Heap may be blocking the growth of the native heap
# Possible solutions:
#   Reduce memory load on the system
#   Increase physical memory or swap space
#   Check if swap backing store is full
#   Decrease Java heap size (-Xmx/-Xms)
#   Decrease number of Java threads
#   Decrease Java thread stack sizes (-Xss)
#   Set larger code cache with -XX:ReservedCodeCacheSize=
#   JVM is running with Unscaled Compressed Oops mode in which the Java heap is
#     placed in the first 4GB address space. The Java Heap base address is the
#     maximum limit for the native heap growth. Please use -XX:HeapBaseMinAddress
#     to set the Java Heap base and to place the Java Heap above 4GB virtual address.
# This output file may be truncated or incomplete.
#
#  Out of Memory Error (./open/src/hotspot/share/memory/arena.cpp:81), pid=10324, tid=18232
#
# JRE version: Java(TM) SE Runtime Environment 18.9 (11.0.21+9) (build 11.0.21+9-LTS-193)
# Java VM: Java HotSpot(TM) 64-Bit Server VM 18.9 (11.0.21+9-LTS-193, mixed mode, tiered, compressed oops, g1 gc, windows-amd64)
# No core dump will be written. Minidumps are not enabled by default on client versions of Windows
#

---------------  S U M M A R Y ------------

Command Line: -Dcom.sun.management.jmxremote -Dcom.sun.management.jmxremote.port=50331 -Dcom.sun.management.jmxremote.authenticate=false -Dcom.sun.management.jmxremote.ssl=false -Djava.rmi.server.hostname=localhost -Dspring.jmx.enabled=true -Dmanagement.endpoints.jmx.exposure.include=* -Dspring.application.admin.enabled=true -XX:TieredStopAtLevel=1 -Dspring.boot.project.name=wikitel -Dfile.encoding=UTF-8 -Dstdout.encoding=UTF-8 -Dstderr.encoding=UTF-8 it.cnr.istc.psts.WikitelNewApplication --spring.output.ansi.enabled=always

Host: 11th Gen Intel(R) Core(TM) i5-1135G7 @ 2.40GHz, 8 cores, 7G,  Windows 11 , 64 bit Build 22621 (10.0.22621.3958)
Time: Wed Aug 21 19:05:31 2024 ora legale Europa occidentale elapsed time: 3214.723403 seconds (0d 0h 53m 34s)

---------------  T H R E A D  ---------------

Current thread (0x00000165d9860800):  VMThread "VM Thread" [stack: 0x000000349c300000,0x000000349c400000] [id=18232] _threads_hazard_ptr=0x00000165e0bdfe30

Stack: [0x000000349c300000,0x000000349c400000]
[error occurred during error reporting (printing stack bounds), id 0xc0000005, EXCEPTION_ACCESS_VIOLATION (0xc0000005) at pc=0x00000165c28210e7]

Native frames: (J=compiled Java code, j=interpreted, Vv=VM code, C=native code)
V  [jvm.dll+0x66058a]
V  [jvm.dll+0x7a362f]
V  [jvm.dll+0x7a4cf9]
V  [jvm.dll+0x7a52f5]
V  [jvm.dll+0x7a52ab]
V  [jvm.dll+0x65fa93]
V  [jvm.dll+0x660188]
C  [ntdll.dll+0xa504f]
C  [ntdll.dll+0x1e866]
C  [ntdll.dll+0xa403e]
C  0x00000165c28210e7

VM_Operation (0x000000349e0fe7e0): BulkRevokeBias, mode: safepoint, requested by thread 0x00000165e2551000


---------------  P R O C E S S  ---------------

Threads class SMR info:
_java_thread_list=0x00000165e0bdfe30, length=86, elements={
0x00000165bb15c000, 0x00000165d9862000, 0x00000165d986d800, 0x00000165d9052000,
0x00000165d9053800, 0x00000165d9056800, 0x00000165d98c4800, 0x00000165d98c9800,
0x00000165d8fe7800, 0x00000165da2bd000, 0x00000165da2e2000, 0x00000165da348800,
0x00000165da45c000, 0x00000165da4ec000, 0x00000165da43f000, 0x00000165db10f800,
0x00000165dbc40800, 0x00000165e086d800, 0x00000165e0863800, 0x00000165e0868000,
0x00000165dbc3c800, 0x00000165e0867000, 0x00000165dbc3e800, 0x00000165de343000,
0x00000165de338800, 0x00000165e0868800, 0x00000165e0869800, 0x00000165e086a000,
0x00000165e255e000, 0x00000165e2553800, 0x00000165e2556000, 0x00000165e2554800,
0x00000165e2551000, 0x00000165e2557000, 0x00000165e2552000, 0x00000165e2555800,
0x00000165e2553000, 0x00000165e2558800, 0x00000165e255c000, 0x00000165e255d800,
0x00000165e255c800, 0x00000165e255f000, 0x00000165de336800, 0x00000165de33c800,
0x00000165de337800, 0x00000165de33b800, 0x00000165de339000, 0x00000165de33d800,
0x00000165de33a000, 0x00000165de33f800, 0x00000165de340800, 0x00000165de33b000,
0x00000165de33e000, 0x00000165de344800, 0x00000165de344000, 0x00000165de342000,
0x00000165de345800, 0x00000165de341800, 0x00000165e0861800, 0x00000165e0866000,
0x00000165e0865800, 0x00000165e0862000, 0x00000165e086e800, 0x00000165e086c800,
0x00000165e086b000, 0x00000165e086c000, 0x00000165e086f000, 0x00000165e0870000,
0x00000165dbc3d800, 0x00000165dbc40000, 0x00000165dbc3f000, 0x00000165dbc41800,
0x00000165dbc3c000, 0x00000165dbc42800, 0x00000165e2559800, 0x00000165e2560000,
0x00000165e255b000, 0x00000165e2557800, 0x00000165e255a000, 0x00000165de33f000,
0x00000165e0864800, 0x00000165e0843800, 0x00000165e0842800, 0x00000165e0844800,
0x00000165e0842000, 0x00000165e0845000
}

Java Threads: ( => current thread )
  0x00000165bb15c000 JavaThread "main" [_thread_blocked, id=22544, stack(0x000000349bd00000,0x000000349be00000)]
  0x00000165d9862000 JavaThread "Reference Handler" daemon [_thread_blocked, id=23564, stack(0x000000349c400000,0x000000349c500000)]
  0x00000165d986d800 JavaThread "Finalizer" daemon [_thread_blocked, id=22132, stack(0x000000349c500000,0x000000349c600000)]
  0x00000165d9052000 JavaThread "Signal Dispatcher" daemon [_thread_blocked, id=11840, stack(0x000000349c600000,0x000000349c700000)]
  0x00000165d9053800 JavaThread "Attach Listener" daemon [_thread_blocked, id=20308, stack(0x000000349c700000,0x000000349c800000)]
  0x00000165d9056800 JavaThread "Service Thread" daemon [_thread_blocked, id=25360, stack(0x000000349c800000,0x000000349c900000)]
  0x00000165d98c4800 JavaThread "C1 CompilerThread0" daemon [_thread_blocked, id=16084, stack(0x000000349c900000,0x000000349ca00000)]
  0x00000165d98c9800 JavaThread "Sweeper thread" daemon [_thread_blocked, id=19180, stack(0x000000349ca00000,0x000000349cb00000)]
  0x00000165d8fe7800 JavaThread "Common-Cleaner" daemon [_thread_blocked, id=13120, stack(0x000000349cb00000,0x000000349cc00000)]
  0x00000165da2bd000 JavaThread "RMI TCP Accept-0" daemon [_thread_in_native, id=2084, stack(0x000000349cc00000,0x000000349cd00000)]
  0x00000165da2e2000 JavaThread "RMI TCP Accept-50331" daemon [_thread_in_native, id=22100, stack(0x000000349cd00000,0x000000349ce00000)]
  0x00000165da348800 JavaThread "RMI TCP Accept-0" daemon [_thread_in_native, id=19572, stack(0x000000349ce00000,0x000000349cf00000)]
  0x00000165da45c000 JavaThread "RMI Scheduler(0)" daemon [_thread_blocked, id=21668, stack(0x000000349d400000,0x000000349d500000)]
  0x00000165da4ec000 JavaThread "JMX server connection timeout 20" daemon [_thread_blocked, id=12384, stack(0x000000349d500000,0x000000349d600000)]
  0x00000165da43f000 JavaThread "Thread-0" [_thread_blocked, id=23628, stack(0x000000349d600000,0x000000349d700000)]
  0x00000165db10f800 JavaThread "restartedMain" [_thread_in_native, id=3380, stack(0x000000349d700000,0x000000349d800000)]
  0x00000165dbc40800 JavaThread "Thread-4" daemon [_thread_in_native, id=21808, stack(0x000000349e400000,0x000000349e500000)]
  0x00000165e086d800 JavaThread "Thread-1" [_thread_blocked, id=21088, stack(0x00000034a0b00000,0x00000034a0c00000)]
  0x00000165e0863800 JavaThread "restartedMain" [_thread_in_native, id=24960, stack(0x000000349ba00000,0x000000349bb00000)]
  0x00000165e0868000 JavaThread "Live Reload Server" daemon [_thread_in_native, id=19892, stack(0x000000349e600000,0x000000349e700000)]
  0x00000165dbc3c800 JavaThread "Thread-14" [_thread_blocked, id=26012, stack(0x000000349bc00000,0x000000349bd00000)]
  0x00000165e0867000 JavaThread "restartedMain" [_thread_in_native, id=23392, stack(0x000000349dc00000,0x000000349dd00000)]
  0x00000165dbc3e800 JavaThread "RMI TCP Connection(82)-127.0.0.1" daemon [_thread_in_native, id=5688, stack(0x000000349f200000,0x000000349f300000)]
  0x00000165de343000 JavaThread "Thread-28" [_thread_blocked, id=15804, stack(0x000000349d300000,0x000000349d400000)]
  0x00000165de338800 JavaThread "restartedMain" [_thread_in_native, id=26100, stack(0x000000349bb00000,0x000000349bc00000)]
  0x00000165e0868800 JavaThread "RMI TCP Connection(80)-127.0.0.1" daemon [_thread_in_native, id=1304, stack(0x000000349f100000,0x000000349f200000)]
  0x00000165e0869800 JavaThread "RMI TCP Connection(79)-127.0.0.1" daemon [_thread_in_native, id=7024, stack(0x000000349f300000,0x000000349f400000)]
  0x00000165e086a000 JavaThread "RMI TCP Connection(81)-127.0.0.1" daemon [_thread_in_native, id=13568, stack(0x000000349f400000,0x000000349f500000)]
  0x00000165e255e000 JavaThread "Thread-37" [_thread_blocked, id=13032, stack(0x000000349e800000,0x000000349e900000)]
  0x00000165e2553800 JavaThread "restartedMain" [_thread_in_native, id=23232, stack(0x000000349dd00000,0x000000349de00000)]
  0x00000165e2556000 JavaThread "HikariPool-6 housekeeper" daemon [_thread_blocked, id=9672, stack(0x000000349de00000,0x000000349df00000)]
  0x00000165e2554800 JavaThread "Catalina-utility-1" [_thread_blocked, id=24972, stack(0x000000349df00000,0x000000349e000000)]
  0x00000165e2551000 JavaThread "Catalina-utility-2" [_thread_blocked, id=15104, stack(0x000000349e000000,0x000000349e100000)]
  0x00000165e2557000 JavaThread "container-0" [_thread_blocked, id=8424, stack(0x000000349e300000,0x000000349e400000)]
  0x00000165e2552000 JavaThread "cluster-ClusterId{value='66c61e5246e9f81414f051ea', description='null'}-srv-cluster0.leugiin.mongodb.net" daemon [_thread_blocked, id=19460, stack(0x000000349e700000,0x000000349e800000)]
  0x00000165e2555800 JavaThread "cluster-ClusterId{value='66c61e5246e9f81414f051ea', description='null'}-ac-hw6kxnh-shard-00-01.leugiin.mongodb.net:27017" daemon [_thread_in_native, id=25696, stack(0x000000349e900000,0x000000349ea00000)]
  0x00000165e2553000 JavaThread "cluster-rtt-ClusterId{value='66c61e5246e9f81414f051ea', description='null'}-ac-hw6kxnh-shard-00-01.leugiin.mongodb.net:27017" daemon [_thread_blocked, id=20684, stack(0x000000349ea00000,0x000000349eb00000)]
  0x00000165e2558800 JavaThread "cluster-ClusterId{value='66c61e5246e9f81414f051ea', description='null'}-ac-hw6kxnh-shard-00-02.leugiin.mongodb.net:27017" daemon [_thread_in_native, id=10816, stack(0x000000349eb00000,0x000000349ec00000)]
  0x00000165e255c000 JavaThread "cluster-rtt-ClusterId{value='66c61e5246e9f81414f051ea', description='null'}-ac-hw6kxnh-shard-00-02.leugiin.mongodb.net:27017" daemon [_thread_blocked, id=24832, stack(0x000000349ec00000,0x000000349ed00000)]
  0x00000165e255d800 JavaThread "cluster-ClusterId{value='66c61e5246e9f81414f051ea', description='null'}-ac-hw6kxnh-shard-00-00.leugiin.mongodb.net:27017" daemon [_thread_in_native, id=21860, stack(0x000000349ed00000,0x000000349ee00000)]
  0x00000165e255c800 JavaThread "cluster-rtt-ClusterId{value='66c61e5246e9f81414f051ea', description='null'}-ac-hw6kxnh-shard-00-00.leugiin.mongodb.net:27017" daemon [_thread_blocked, id=23144, stack(0x000000349ee00000,0x000000349ef00000)]
  0x00000165e255f000 JavaThread "MessageBroker-1" [_thread_blocked, id=13652, stack(0x000000349ef00000,0x000000349f000000)]
  0x00000165de336800 JavaThread "File Watcher" daemon [_thread_blocked, id=19064, stack(0x000000349f000000,0x000000349f100000)]
  0x00000165de33c800 JavaThread "http-nio-7000-Poller" daemon [_thread_in_native, id=19852, stack(0x000000349f500000,0x000000349f600000)]
  0x00000165de337800 JavaThread "http-nio-7000-Acceptor" daemon [_thread_in_native, id=11340, stack(0x000000349f700000,0x000000349f800000)]
  0x00000165de33b800 JavaThread "http-nio-7000-exec-1" daemon [_thread_blocked, id=22060, stack(0x000000349f900000,0x000000349fa00000)]
  0x00000165de339000 JavaThread "http-nio-7000-exec-2" daemon [_thread_blocked, id=20232, stack(0x000000349fa00000,0x000000349fb00000)]
  0x00000165de33d800 JavaThread "http-nio-7000-exec-3" daemon [_thread_blocked, id=2652, stack(0x000000349fb00000,0x000000349fc00000)]
  0x00000165de33a000 JavaThread "http-nio-7000-exec-4" daemon [_thread_blocked, id=14216, stack(0x000000349fc00000,0x000000349fd00000)]
  0x00000165de33f800 JavaThread "http-nio-7000-exec-5" daemon [_thread_blocked, id=11908, stack(0x000000349fd00000,0x000000349fe00000)]
  0x00000165de340800 JavaThread "http-nio-7000-exec-6" daemon [_thread_blocked, id=15860, stack(0x000000349fe00000,0x000000349ff00000)]
  0x00000165de33b000 JavaThread "http-nio-7000-exec-7" daemon [_thread_blocked, id=5904, stack(0x000000349ff00000,0x00000034a0000000)]
  0x00000165de33e000 JavaThread "http-nio-7000-exec-8" daemon [_thread_blocked, id=24124, stack(0x00000034a0000000,0x00000034a0100000)]
  0x00000165de344800 JavaThread "http-nio-7000-exec-9" daemon [_thread_blocked, id=17368, stack(0x00000034a0200000,0x00000034a0300000)]
  0x00000165de344000 JavaThread "http-nio-7000-exec-10" daemon [_thread_blocked, id=23968, stack(0x00000034a0300000,0x00000034a0400000)]
  0x00000165de342000 JavaThread "MessageBroker-3" [_thread_blocked, id=14556, stack(0x00000034a0400000,0x00000034a0500000)]
  0x00000165de345800 JavaThread "MessageBroker-2" [_thread_blocked, id=16140, stack(0x00000034a0500000,0x00000034a0600000)]
  0x00000165de341800 JavaThread "MessageBroker-4" [_thread_blocked, id=23388, stack(0x00000034a0600000,0x00000034a0700000)]
  0x00000165e0861800 JavaThread "clientInboundChannel-1" [_thread_blocked, id=13436, stack(0x00000034a0800000,0x00000034a0900000)]
  0x00000165e0866000 JavaThread "clientInboundChannel-2" [_thread_blocked, id=10536, stack(0x00000034a0900000,0x00000034a0a00000)]
  0x00000165e0865800 JavaThread "clientInboundChannel-3" [_thread_blocked, id=20856, stack(0x00000034a0a00000,0x00000034a0b00000)]
  0x00000165e0862000 JavaThread "clientOutboundChannel-1" [_thread_blocked, id=20244, stack(0x00000034a0c00000,0x00000034a0d00000)]
  0x00000165e086e800 JavaThread "MessageBroker-5" [_thread_blocked, id=13600, stack(0x00000034a0d00000,0x00000034a0e00000)]
  0x00000165e086c800 JavaThread "clientInboundChannel-4" [_thread_blocked, id=8576, stack(0x00000034a0e00000,0x00000034a0f00000)]
  0x00000165e086b000 JavaThread "clientInboundChannel-5" [_thread_blocked, id=20380, stack(0x00000034a0f00000,0x00000034a1000000)]
  0x00000165e086c000 JavaThread "clientInboundChannel-6" [_thread_blocked, id=19696, stack(0x00000034a1000000,0x00000034a1100000)]
  0x00000165e086f000 JavaThread "clientInboundChannel-7" [_thread_blocked, id=25528, stack(0x00000034a1100000,0x00000034a1200000)]
  0x00000165e0870000 JavaThread "clientInboundChannel-8" [_thread_blocked, id=6456, stack(0x00000034a1200000,0x00000034a1300000)]
  0x00000165dbc3d800 JavaThread "clientInboundChannel-9" [_thread_blocked, id=19988, stack(0x00000034a1300000,0x00000034a1400000)]
  0x00000165dbc40000 JavaThread "clientOutboundChannel-2" [_thread_blocked, id=25660, stack(0x00000034a1400000,0x00000034a1500000)]
  0x00000165dbc3f000 JavaThread "MessageBroker-6" [_thread_blocked, id=11144, stack(0x00000034a1700000,0x00000034a1800000)]
  0x00000165dbc41800 JavaThread "clientOutboundChannel-3" [_thread_blocked, id=23784, stack(0x00000034a1800000,0x00000034a1900000)]
  0x00000165dbc3c000 JavaThread "MessageBroker-7" [_thread_blocked, id=20136, stack(0x00000034a1900000,0x00000034a1a00000)]
  0x00000165dbc42800 JavaThread "clientInboundChannel-10" [_thread_blocked, id=23140, stack(0x000000349f800000,0x000000349f900000)]
  0x00000165e2559800 JavaThread "clientInboundChannel-11" [_thread_blocked, id=23992, stack(0x00000034a1a00000,0x00000034a1b00000)]
  0x00000165e2560000 JavaThread "clientInboundChannel-12" [_thread_blocked, id=7376, stack(0x00000034a1b00000,0x00000034a1c00000)]
  0x00000165e255b000 JavaThread "clientOutboundChannel-4" [_thread_blocked, id=14432, stack(0x00000034a1c00000,0x00000034a1d00000)]
  0x00000165e2557800 JavaThread "MessageBroker-8" [_thread_blocked, id=14948, stack(0x000000349e500000,0x000000349e600000)]
  0x00000165e255a000 JavaThread "WebSocket background processing" daemon [_thread_blocked, id=11172, stack(0x00000034a0700000,0x00000034a0800000)]
  0x00000165de33f000 JavaThread "clientInboundChannel-13" [_thread_blocked, id=11004, stack(0x00000034a1d00000,0x00000034a1e00000)]
  0x00000165e0864800 JavaThread "clientInboundChannel-14" [_thread_blocked, id=4032, stack(0x00000034a1e00000,0x00000034a1f00000)]
  0x00000165e0843800 JavaThread "clientInboundChannel-15" [_thread_blocked, id=24700, stack(0x00000034a1f00000,0x00000034a2000000)]
  0x00000165e0842800 JavaThread "clientOutboundChannel-5" [_thread_blocked, id=5236, stack(0x00000034a2000000,0x00000034a2100000)]
  0x00000165e0844800 JavaThread "clientInboundChannel-16" [_thread_blocked, id=15416, stack(0x00000034a2100000,0x00000034a2200000)]
  0x00000165e0842000 JavaThread "clientOutboundChannel-6" [_thread_blocked, id=15320, stack(0x00000034a2200000,0x00000034a2300000)]
  0x00000165e0845000 JavaThread "clientOutboundChannel-7" [_thread_blocked, id=2120, stack(0x00000034a2300000,0x00000034a2400000)]

Other Threads:
=>0x00000165d9860800 VMThread "VM Thread" [stack: 0x000000349c300000,0x000000349c400000] [id=18232] _threads_hazard_ptr=0x00000165e0bdfe30
  0x00000165da34a000 WatcherThread [stack: 0x000000349cf00000,0x000000349d000000] [id=7696]
  0x00000165bb172800 GCTaskThread "GC Thread#0" [stack: 0x000000349be00000,0x000000349bf00000] [id=21344]
  0x00000165da379000 GCTaskThread "GC Thread#1" [stack: 0x000000349d000000,0x000000349d100000] [id=1976]
  0x00000165da459000 GCTaskThread "GC Thread#2" [stack: 0x000000349d100000,0x000000349d200000] [id=17972]
  0x00000165db2d7800 GCTaskThread "GC Thread#3" [stack: 0x000000349d800000,0x000000349d900000] [id=11844]
  0x00000165db2d8000 GCTaskThread "GC Thread#4" [stack: 0x000000349d900000,0x000000349da00000] [id=21968]
  0x00000165db2f7800 GCTaskThread "GC Thread#5" [stack: 0x000000349da00000,0x000000349db00000] [id=24880]
  0x00000165dd982800 GCTaskThread "GC Thread#6" [stack: 0x000000349e100000,0x000000349e200000] [id=7044]
  0x00000165dd983000 GCTaskThread "GC Thread#7" [stack: 0x000000349e200000,0x000000349e300000] [id=6936]
  0x00000165bb1a3000 ConcurrentGCThread "G1 Main Marker" [stack: 0x000000349bf00000,0x000000349c000000] [id=24836]
  0x00000165bb1a5800 ConcurrentGCThread "G1 Conc#0" [stack: 0x000000349c000000,0x000000349c100000] [id=10624]
  0x00000165db315000 ConcurrentGCThread "G1 Conc#1" [stack: 0x000000349db00000,0x000000349dc00000] [id=11136]
  0x00000165bb20e000 ConcurrentGCThread "G1 Refine#0" [stack: 0x000000349c100000,0x000000349c200000] [id=23312]
  0x00000165e0ad4800 ConcurrentGCThread "G1 Refine#1" [stack: 0x000000349d200000,0x000000349d300000] [id=564]
  0x00000165d8e9a800 ConcurrentGCThread "G1 Young RemSet Sampling" [stack: 0x000000349c200000,0x000000349c300000] [id=20760]

Threads with active compile tasks:

VM state:at safepoint (normal execution)

VM Mutex/Monitor currently owned by a thread:  ([mutex/lock_event])
[0x00000165bb154c10] Threads_lock - owner thread: 0x00000165d9860800

Heap address: 0x0000000082800000, size: 2008 MB, Compressed Oops mode: 32-bit
Narrow klass base: 0x0000000000000000, Narrow klass shift: 3
Compressed class space size: 1073741824 Address: 0x0000000100000000

Heap:
 garbage-first heap   total 164864K, used 104426K [0x0000000082800000, 0x0000000100000000)
  region size 1024K, 18 young (18432K), 4 survivors (4096K)
 Metaspace       used 96003K, capacity 99640K, committed 99968K, reserved 1134592K
  class space    used 12795K, capacity 14110K, committed 14208K, reserved 1048576K
Heap Regions: E=young(eden), S=young(survivor), O=old, HS=humongous(starts), HC=humongous(continues), CS=collection set, F=free, A=archive, TAMS=top-at-mark-start (previous, next)
|   0|0x0000000082800000, 0x0000000082900000, 0x0000000082900000|100%|HS|  |TAMS 0x0000000082900000, 0x0000000082800000| Complete 
|   1|0x0000000082900000, 0x00000000829f7ba8, 0x0000000082a00000| 96%| O|  |TAMS 0x00000000829f7ba8, 0x0000000082900000| Untracked 
|   2|0x0000000082a00000, 0x0000000082aff570, 0x0000000082b00000| 99%| O|  |TAMS 0x0000000082aff570, 0x0000000082a00000| Untracked 
|   3|0x0000000082b00000, 0x0000000082bff2e0, 0x0000000082c00000| 99%| O|  |TAMS 0x0000000082bff2e0, 0x0000000082b00000| Untracked 
|   4|0x0000000082c00000, 0x0000000082cfffe0, 0x0000000082d00000| 99%| O|  |TAMS 0x0000000082cfffe0, 0x0000000082c00000| Untracked 
|   5|0x0000000082d00000, 0x0000000082dffff8, 0x0000000082e00000| 99%| O|  |TAMS 0x0000000082dffff8, 0x0000000082d00000| Untracked 
|   6|0x0000000082e00000, 0x0000000082effff0, 0x0000000082f00000| 99%| O|  |TAMS 0x0000000082effff0, 0x0000000082e00000| Untracked 
|   7|0x0000000082f00000, 0x0000000082fffff8, 0x0000000083000000| 99%| O|  |TAMS 0x0000000082fffff8, 0x0000000082f00000| Untracked 
|   8|0x0000000083000000, 0x00000000830fffe8, 0x0000000083100000| 99%| O|  |TAMS 0x00000000830fffe8, 0x0000000083000000| Untracked 
|   9|0x0000000083100000, 0x00000000831fffb0, 0x0000000083200000| 99%| O|  |TAMS 0x00000000831fffb0, 0x0000000083100000| Untracked 
|  10|0x0000000083200000, 0x00000000832ffd80, 0x0000000083300000| 99%| O|  |TAMS 0x00000000832ffd80, 0x0000000083200000| Untracked 
|  11|0x0000000083300000, 0x0000000083400000, 0x0000000083400000|100%| O|  |TAMS 0x0000000083400000, 0x0000000083300000| Untracked 
|  12|0x0000000083400000, 0x0000000083500000, 0x0000000083500000|100%| O|  |TAMS 0x0000000083500000, 0x0000000083400000| Untracked 
|  13|0x0000000083500000, 0x00000000835fffd0, 0x0000000083600000| 99%| O|  |TAMS 0x00000000835fffd0, 0x0000000083500000| Untracked 
|  14|0x0000000083600000, 0x0000000083700000, 0x0000000083700000|100%| O|  |TAMS 0x0000000083700000, 0x0000000083600000| Untracked 
|  15|0x0000000083700000, 0x00000000837ffff0, 0x0000000083800000| 99%| O|  |TAMS 0x00000000837ffff0, 0x0000000083700000| Untracked 
|  16|0x0000000083800000, 0x00000000838ffff8, 0x0000000083900000| 99%| O|  |TAMS 0x00000000838ffff8, 0x0000000083800000| Untracked 
|  17|0x0000000083900000, 0x00000000839ffff8, 0x0000000083a00000| 99%| O|  |TAMS 0x00000000839ffff8, 0x0000000083900000| Untracked 
|  18|0x0000000083a00000, 0x0000000083affff0, 0x0000000083b00000| 99%| O|  |TAMS 0x0000000083affff0, 0x0000000083a00000| Untracked 
|  19|0x0000000083b00000, 0x0000000083c00000, 0x0000000083c00000|100%| O|  |TAMS 0x0000000083c00000, 0x0000000083b00000| Untracked 
|  20|0x0000000083c00000, 0x0000000083cfff98, 0x0000000083d00000| 99%| O|  |TAMS 0x0000000083cfff98, 0x0000000083c00000| Untracked 
|  21|0x0000000083d00000, 0x0000000083dffff8, 0x0000000083e00000| 99%| O|  |TAMS 0x0000000083dffff8, 0x0000000083d00000| Untracked 
|  22|0x0000000083e00000, 0x0000000083effff8, 0x0000000083f00000| 99%| O|  |TAMS 0x0000000083effff8, 0x0000000083e00000| Untracked 
|  23|0x0000000083f00000, 0x0000000083fffff0, 0x0000000084000000| 99%| O|  |TAMS 0x0000000083fffff0, 0x0000000083f00000| Untracked 
|  24|0x0000000084000000, 0x00000000840fffa8, 0x0000000084100000| 99%| O|  |TAMS 0x00000000840fffa8, 0x0000000084000000| Untracked 
|  25|0x0000000084100000, 0x00000000841ffff8, 0x0000000084200000| 99%| O|  |TAMS 0x00000000841ffff8, 0x0000000084100000| Untracked 
|  26|0x0000000084200000, 0x00000000842ffb20, 0x0000000084300000| 99%| O|  |TAMS 0x00000000842ffb20, 0x0000000084200000| Untracked 
|  27|0x0000000084300000, 0x00000000843ffdf8, 0x0000000084400000| 99%| O|  |TAMS 0x00000000843ffdf8, 0x0000000084300000| Untracked 
|  28|0x0000000084400000, 0x00000000844fee28, 0x0000000084500000| 99%| O|  |TAMS 0x00000000844fee28, 0x0000000084400000| Untracked 
|  29|0x0000000084500000, 0x00000000845fde68, 0x0000000084600000| 99%| O|  |TAMS 0x00000000845fde68, 0x0000000084500000| Untracked 
|  30|0x0000000084600000, 0x00000000846fffd0, 0x0000000084700000| 99%| O|  |TAMS 0x00000000846fffd0, 0x0000000084600000| Untracked 
|  31|0x0000000084700000, 0x00000000847fffe8, 0x0000000084800000| 99%| O|  |TAMS 0x00000000847fffe8, 0x0000000084700000| Untracked 
|  32|0x0000000084800000, 0x00000000848fffd8, 0x0000000084900000| 99%| O|  |TAMS 0x00000000848fffd8, 0x0000000084800000| Untracked 
|  33|0x0000000084900000, 0x00000000849fffb8, 0x0000000084a00000| 99%| O|  |TAMS 0x00000000849fffb8, 0x0000000084900000| Untracked 
|  34|0x0000000084a00000, 0x0000000084afffd0, 0x0000000084b00000| 99%| O|  |TAMS 0x0000000084afffd0, 0x0000000084a00000| Untracked 
|  35|0x0000000084b00000, 0x0000000084bfffb0, 0x0000000084c00000| 99%| O|  |TAMS 0x0000000084bfffb0, 0x0000000084b00000| Untracked 
|  36|0x0000000084c00000, 0x0000000084cfffd0, 0x0000000084d00000| 99%| O|  |TAMS 0x0000000084cfffd0, 0x0000000084c00000| Untracked 
|  37|0x0000000084d00000, 0x0000000084dffff8, 0x0000000084e00000| 99%| O|  |TAMS 0x0000000084dffff8, 0x0000000084d00000| Untracked 
|  38|0x0000000084e00000, 0x0000000084f00000, 0x0000000084f00000|100%| O|  |TAMS 0x0000000084f00000, 0x0000000084e00000| Untracked 
|  39|0x0000000084f00000, 0x0000000084fffff8, 0x0000000085000000| 99%| O|  |TAMS 0x0000000084fffff8, 0x0000000084f00000| Untracked 
|  40|0x0000000085000000, 0x00000000850ffb88, 0x0000000085100000| 99%| O|  |TAMS 0x00000000850ffb88, 0x0000000085000000| Untracked 
|  41|0x0000000085100000, 0x00000000851fffe0, 0x0000000085200000| 99%| O|  |TAMS 0x00000000851fffe0, 0x0000000085100000| Untracked 
|  42|0x0000000085200000, 0x00000000852fffd8, 0x0000000085300000| 99%| O|  |TAMS 0x00000000852fffd8, 0x0000000085200000| Untracked 
|  43|0x0000000085300000, 0x00000000853fef60, 0x0000000085400000| 99%| O|  |TAMS 0x00000000853fef60, 0x0000000085300000| Untracked 
|  44|0x0000000085400000, 0x00000000854ffa60, 0x0000000085500000| 99%| O|  |TAMS 0x00000000854ffa60, 0x0000000085400000| Untracked 
|  45|0x0000000085500000, 0x0000000085600000, 0x0000000085600000|100%| O|  |TAMS 0x0000000085600000, 0x0000000085500000| Untracked 
|  46|0x0000000085600000, 0x00000000856ffff0, 0x0000000085700000| 99%| O|  |TAMS 0x00000000856ffff0, 0x0000000085600000| Untracked 
|  47|0x0000000085700000, 0x0000000085800000, 0x0000000085800000|100%| O|  |TAMS 0x0000000085800000, 0x0000000085700000| Untracked 
|  48|0x0000000085800000, 0x00000000858ffff8, 0x0000000085900000| 99%| O|  |TAMS 0x00000000858ffff8, 0x0000000085800000| Untracked 
|  49|0x0000000085900000, 0x00000000859fffe0, 0x0000000085a00000| 99%| O|  |TAMS 0x00000000859fffe0, 0x0000000085900000| Untracked 
|  50|0x0000000085a00000, 0x0000000085affff8, 0x0000000085b00000| 99%| O|  |TAMS 0x0000000085affff8, 0x0000000085a00000| Untracked 
|  51|0x0000000085b00000, 0x0000000085bffc50, 0x0000000085c00000| 99%| O|  |TAMS 0x0000000085bffc50, 0x0000000085b00000| Untracked 
|  52|0x0000000085c00000, 0x0000000085cffff8, 0x0000000085d00000| 99%| O|  |TAMS 0x0000000085cffff8, 0x0000000085c00000| Untracked 
|  53|0x0000000085d00000, 0x0000000085dffff8, 0x0000000085e00000| 99%| O|  |TAMS 0x0000000085dffff8, 0x0000000085d00000| Untracked 
|  54|0x0000000085e00000, 0x0000000085f00000, 0x0000000085f00000|100%| O|  |TAMS 0x0000000085f00000, 0x0000000085e00000| Untracked 
|  55|0x0000000085f00000, 0x0000000085fffff0, 0x0000000086000000| 99%| O|  |TAMS 0x0000000085fffff0, 0x0000000085f00000| Untracked 
|  56|0x0000000086000000, 0x00000000860fff40, 0x0000000086100000| 99%| O|  |TAMS 0x00000000860fff40, 0x0000000086000000| Untracked 
|  57|0x0000000086100000, 0x00000000861ffff0, 0x0000000086200000| 99%| O|  |TAMS 0x00000000861ffff0, 0x0000000086100000| Untracked 
|  58|0x0000000086200000, 0x00000000862ffff8, 0x0000000086300000| 99%| O|  |TAMS 0x00000000862ffff8, 0x0000000086200000| Untracked 
|  59|0x0000000086300000, 0x00000000863ff348, 0x0000000086400000| 99%| O|  |TAMS 0x00000000863ff348, 0x0000000086300000| Untracked 
|  60|0x0000000086400000, 0x00000000864ff450, 0x0000000086500000| 99%| O|  |TAMS 0x00000000864ff450, 0x0000000086400000| Untracked 
|  61|0x0000000086500000, 0x00000000865e53e0, 0x0000000086600000| 89%| O|  |TAMS 0x00000000865e53e0, 0x0000000086500000| Untracked 
|  62|0x0000000086600000, 0x00000000866ffff8, 0x0000000086700000| 99%| O|  |TAMS 0x00000000866ffff8, 0x0000000086600000| Untracked 
|  63|0x0000000086700000, 0x00000000867bf5e0, 0x0000000086800000| 74%| O|  |TAMS 0x00000000867bf5e0, 0x0000000086700000| Untracked 
|  64|0x0000000086800000, 0x0000000086830128, 0x0000000086900000| 18%| O|  |TAMS 0x0000000086830128, 0x0000000086800000| Untracked 
|  65|0x0000000086900000, 0x000000008693d400, 0x0000000086a00000| 23%| O|  |TAMS 0x000000008693d400, 0x0000000086900000| Untracked 
|  66|0x0000000086a00000, 0x0000000086b00000, 0x0000000086b00000|100%| O|  |TAMS 0x0000000086b00000, 0x0000000086a00000| Untracked 
|  67|0x0000000086b00000, 0x0000000086c00000, 0x0000000086c00000|100%| O|  |TAMS 0x0000000086c00000, 0x0000000086b00000| Untracked 
|  68|0x0000000086c00000, 0x0000000086cf9e78, 0x0000000086d00000| 97%| O|  |TAMS 0x0000000086cf9e78, 0x0000000086c00000| Untracked 
|  69|0x0000000086d00000, 0x0000000086e00000, 0x0000000086e00000|100%| O|  |TAMS 0x0000000086e00000, 0x0000000086d00000| Untracked 
|  70|0x0000000086e00000, 0x0000000086f00000, 0x0000000086f00000|100%| O|  |TAMS 0x0000000086f00000, 0x0000000086e00000| Untracked 
|  71|0x0000000086f00000, 0x0000000087000000, 0x0000000087000000|100%| O|  |TAMS 0x0000000086f00000, 0x0000000086f00000| Untracked 
|  72|0x0000000087000000, 0x0000000087100000, 0x0000000087100000|100%| O|  |TAMS 0x0000000087000000, 0x0000000087000000| Untracked 
|  73|0x0000000087100000, 0x0000000087200000, 0x0000000087200000|100%| O|  |TAMS 0x0000000087100000, 0x0000000087100000| Untracked 
|  74|0x0000000087200000, 0x0000000087300000, 0x0000000087300000|100%| O|  |TAMS 0x0000000087200000, 0x0000000087200000| Untracked 
|  75|0x0000000087300000, 0x0000000087400000, 0x0000000087400000|100%| O|  |TAMS 0x0000000087300000, 0x0000000087300000| Untracked 
|  76|0x0000000087400000, 0x0000000087500000, 0x0000000087500000|100%| O|  |TAMS 0x0000000087400000, 0x0000000087400000| Untracked 
|  77|0x0000000087500000, 0x0000000087600000, 0x0000000087600000|100%| O|  |TAMS 0x0000000087500000, 0x0000000087500000| Untracked 
|  78|0x0000000087600000, 0x0000000087700000, 0x0000000087700000|100%| O|  |TAMS 0x0000000087600000, 0x0000000087600000| Untracked 
|  79|0x0000000087700000, 0x0000000087800000, 0x0000000087800000|100%| O|  |TAMS 0x0000000087700000, 0x0000000087700000| Untracked 
|  80|0x0000000087800000, 0x0000000087900000, 0x0000000087900000|100%| O|  |TAMS 0x0000000087800000, 0x0000000087800000| Untracked 
|  81|0x0000000087900000, 0x0000000087a00000, 0x0000000087a00000|100%| O|  |TAMS 0x0000000087900000, 0x0000000087900000| Untracked 
|  82|0x0000000087a00000, 0x0000000087b00000, 0x0000000087b00000|100%| O|  |TAMS 0x0000000087a00000, 0x0000000087a00000| Untracked 
|  83|0x0000000087b00000, 0x0000000087c00000, 0x0000000087c00000|100%| O|  |TAMS 0x0000000087b00000, 0x0000000087b00000| Untracked 
|  84|0x0000000087c00000, 0x0000000087d00000, 0x0000000087d00000|100%| O|  |TAMS 0x0000000087c00000, 0x0000000087c00000| Untracked 
|  85|0x0000000087d00000, 0x0000000087e00000, 0x0000000087e00000|100%| O|  |TAMS 0x0000000087d00000, 0x0000000087d00000| Untracked 
|  86|0x0000000087e00000, 0x0000000087f00000, 0x0000000087f00000|100%| O|  |TAMS 0x0000000087e00000, 0x0000000087e00000| Untracked 
|  87|0x0000000087f00000, 0x0000000087fc0400, 0x0000000088000000| 75%| O|  |TAMS 0x0000000087f00000, 0x0000000087f00000| Untracked 
|  88|0x0000000088000000, 0x0000000088000000, 0x0000000088100000|  0%| F|  |TAMS 0x0000000088000000, 0x0000000088000000| Untracked 
|  89|0x0000000088100000, 0x0000000088100000, 0x0000000088200000|  0%| F|  |TAMS 0x0000000088100000, 0x0000000088100000| Untracked 
|  90|0x0000000088200000, 0x0000000088200000, 0x0000000088300000|  0%| F|  |TAMS 0x0000000088200000, 0x0000000088200000| Untracked 
|  91|0x0000000088300000, 0x0000000088300000, 0x0000000088400000|  0%| F|  |TAMS 0x0000000088300000, 0x0000000088300000| Untracked 
|  92|0x0000000088400000, 0x0000000088400000, 0x0000000088500000|  0%| F|  |TAMS 0x0000000088400000, 0x0000000088400000| Untracked 
|  93|0x0000000088500000, 0x0000000088500000, 0x0000000088600000|  0%| F|  |TAMS 0x0000000088500000, 0x0000000088500000| Untracked 
|  94|0x0000000088600000, 0x0000000088600000, 0x0000000088700000|  0%| F|  |TAMS 0x0000000088600000, 0x0000000088600000| Untracked 
|  95|0x0000000088700000, 0x0000000088700000, 0x0000000088800000|  0%| F|  |TAMS 0x0000000088700000, 0x0000000088700000| Untracked 
|  96|0x0000000088800000, 0x0000000088800000, 0x0000000088900000|  0%| F|  |TAMS 0x0000000088800000, 0x0000000088800000| Untracked 
|  97|0x0000000088900000, 0x0000000088900000, 0x0000000088a00000|  0%| F|  |TAMS 0x0000000088900000, 0x0000000088900000| Untracked 
|  98|0x0000000088a00000, 0x0000000088a00000, 0x0000000088b00000|  0%| F|  |TAMS 0x0000000088a00000, 0x0000000088a00000| Untracked 
|  99|0x0000000088b00000, 0x0000000088b00000, 0x0000000088c00000|  0%| F|  |TAMS 0x0000000088b00000, 0x0000000088b00000| Untracked 
| 100|0x0000000088c00000, 0x0000000088c00000, 0x0000000088d00000|  0%| F|  |TAMS 0x0000000088c00000, 0x0000000088c00000| Untracked 
| 101|0x0000000088d00000, 0x0000000088d00000, 0x0000000088e00000|  0%| F|  |TAMS 0x0000000088d00000, 0x0000000088d00000| Untracked 
| 102|0x0000000088e00000, 0x0000000088e00000, 0x0000000088f00000|  0%| F|  |TAMS 0x0000000088e00000, 0x0000000088e00000| Untracked 
| 103|0x0000000088f00000, 0x0000000088f00000, 0x0000000089000000|  0%| F|  |TAMS 0x0000000088f00000, 0x0000000088f00000| Untracked 
| 104|0x0000000089000000, 0x0000000089000000, 0x0000000089100000|  0%| F|  |TAMS 0x0000000089000000, 0x0000000089000000| Untracked 
| 105|0x0000000089100000, 0x0000000089100000, 0x0000000089200000|  0%| F|  |TAMS 0x0000000089100000, 0x0000000089100000| Untracked 
| 106|0x0000000089200000, 0x0000000089200000, 0x0000000089300000|  0%| F|  |TAMS 0x0000000089200000, 0x0000000089200000| Untracked 
| 107|0x0000000089300000, 0x0000000089300000, 0x0000000089400000|  0%| F|  |TAMS 0x0000000089300000, 0x0000000089300000| Untracked 
| 108|0x0000000089400000, 0x0000000089400000, 0x0000000089500000|  0%| F|  |TAMS 0x0000000089400000, 0x0000000089400000| Untracked 
| 109|0x0000000089500000, 0x0000000089500000, 0x0000000089600000|  0%| F|  |TAMS 0x0000000089500000, 0x0000000089500000| Untracked 
| 110|0x0000000089600000, 0x0000000089600000, 0x0000000089700000|  0%| F|  |TAMS 0x0000000089600000, 0x0000000089600000| Untracked 
| 111|0x0000000089700000, 0x0000000089700000, 0x0000000089800000|  0%| F|  |TAMS 0x0000000089700000, 0x0000000089700000| Untracked 
| 112|0x0000000089800000, 0x0000000089800000, 0x0000000089900000|  0%| F|  |TAMS 0x0000000089800000, 0x0000000089800000| Untracked 
| 113|0x0000000089900000, 0x0000000089900000, 0x0000000089a00000|  0%| F|  |TAMS 0x0000000089900000, 0x0000000089900000| Untracked 
| 114|0x0000000089a00000, 0x0000000089a00000, 0x0000000089b00000|  0%| F|  |TAMS 0x0000000089a00000, 0x0000000089a00000| Untracked 
| 115|0x0000000089b00000, 0x0000000089b00000, 0x0000000089c00000|  0%| F|  |TAMS 0x0000000089b00000, 0x0000000089b00000| Untracked 
| 116|0x0000000089c00000, 0x0000000089c00000, 0x0000000089d00000|  0%| F|  |TAMS 0x0000000089c00000, 0x0000000089c00000| Untracked 
| 117|0x0000000089d00000, 0x0000000089d00000, 0x0000000089e00000|  0%| F|  |TAMS 0x0000000089d00000, 0x0000000089d00000| Untracked 
| 118|0x0000000089e00000, 0x0000000089e00000, 0x0000000089f00000|  0%| F|  |TAMS 0x0000000089e00000, 0x0000000089e00000| Untracked 
| 119|0x0000000089f00000, 0x0000000089f00000, 0x000000008a000000|  0%| F|  |TAMS 0x0000000089f00000, 0x0000000089f00000| Untracked 
| 120|0x000000008a000000, 0x000000008a03fd90, 0x000000008a100000| 24%| S|CS|TAMS 0x000000008a000000, 0x000000008a000000| Complete 
| 121|0x000000008a100000, 0x000000008a200000, 0x000000008a200000|100%| S|CS|TAMS 0x000000008a100000, 0x000000008a100000| Complete 
| 122|0x000000008a200000, 0x000000008a300000, 0x000000008a300000|100%| S|CS|TAMS 0x000000008a200000, 0x000000008a200000| Complete 
| 123|0x000000008a300000, 0x000000008a400000, 0x000000008a400000|100%| S|CS|TAMS 0x000000008a300000, 0x000000008a300000| Complete 
| 124|0x000000008a400000, 0x000000008a400000, 0x000000008a500000|  0%| F|  |TAMS 0x000000008a400000, 0x000000008a400000| Untracked 
| 125|0x000000008a500000, 0x000000008a500000, 0x000000008a600000|  0%| F|  |TAMS 0x000000008a500000, 0x000000008a500000| Untracked 
| 126|0x000000008a600000, 0x000000008a600000, 0x000000008a700000|  0%| F|  |TAMS 0x000000008a600000, 0x000000008a600000| Untracked 
| 127|0x000000008a700000, 0x000000008a700000, 0x000000008a800000|  0%| F|  |TAMS 0x000000008a700000, 0x000000008a700000| Untracked 
| 128|0x000000008a800000, 0x000000008a800000, 0x000000008a900000|  0%| F|  |TAMS 0x000000008a800000, 0x000000008a800000| Untracked 
| 129|0x000000008a900000, 0x000000008a900000, 0x000000008aa00000|  0%| F|  |TAMS 0x000000008a900000, 0x000000008a900000| Untracked 
| 130|0x000000008aa00000, 0x000000008aa00000, 0x000000008ab00000|  0%| F|  |TAMS 0x000000008aa00000, 0x000000008aa00000| Untracked 
| 131|0x000000008ab00000, 0x000000008ab00000, 0x000000008ac00000|  0%| F|  |TAMS 0x000000008ab00000, 0x000000008ab00000| Untracked 
| 132|0x000000008ac00000, 0x000000008ac00000, 0x000000008ad00000|  0%| F|  |TAMS 0x000000008ac00000, 0x000000008ac00000| Untracked 
| 133|0x000000008ad00000, 0x000000008ad00000, 0x000000008ae00000|  0%| F|  |TAMS 0x000000008ad00000, 0x000000008ad00000| Untracked 
| 134|0x000000008ae00000, 0x000000008ae00000, 0x000000008af00000|  0%| F|  |TAMS 0x000000008ae00000, 0x000000008ae00000| Untracked 
| 135|0x000000008af00000, 0x000000008af00000, 0x000000008b000000|  0%| F|  |TAMS 0x000000008af00000, 0x000000008af00000| Untracked 
| 136|0x000000008b000000, 0x000000008b000000, 0x000000008b100000|  0%| F|  |TAMS 0x000000008b000000, 0x000000008b000000| Untracked 
| 137|0x000000008b100000, 0x000000008b100000, 0x000000008b200000|  0%| F|  |TAMS 0x000000008b100000, 0x000000008b100000| Untracked 
| 138|0x000000008b200000, 0x000000008b200000, 0x000000008b300000|  0%| F|  |TAMS 0x000000008b200000, 0x000000008b200000| Untracked 
| 139|0x000000008b300000, 0x000000008b300000, 0x000000008b400000|  0%| F|  |TAMS 0x000000008b300000, 0x000000008b300000| Untracked 
| 140|0x000000008b400000, 0x000000008b400000, 0x000000008b500000|  0%| F|  |TAMS 0x000000008b400000, 0x000000008b400000| Untracked 
| 141|0x000000008b500000, 0x000000008b500000, 0x000000008b600000|  0%| F|  |TAMS 0x000000008b500000, 0x000000008b500000| Untracked 
| 142|0x000000008b600000, 0x000000008b600000, 0x000000008b700000|  0%| F|  |TAMS 0x000000008b600000, 0x000000008b600000| Untracked 
| 143|0x000000008b700000, 0x000000008b700000, 0x000000008b800000|  0%| F|  |TAMS 0x000000008b700000, 0x000000008b700000| Untracked 
| 144|0x000000008b800000, 0x000000008b800000, 0x000000008b900000|  0%| F|  |TAMS 0x000000008b800000, 0x000000008b800000| Untracked 
| 145|0x000000008b900000, 0x000000008b900000, 0x000000008ba00000|  0%| F|  |TAMS 0x000000008b900000, 0x000000008b900000| Untracked 
| 146|0x000000008ba00000, 0x000000008ba00000, 0x000000008bb00000|  0%| F|  |TAMS 0x000000008ba00000, 0x000000008ba00000| Untracked 
| 147|0x000000008bb00000, 0x000000008bbe3740, 0x000000008bc00000| 88%| E|  |TAMS 0x000000008bb00000, 0x000000008bb00000| Complete 
| 148|0x000000008bc00000, 0x000000008bd00000, 0x000000008bd00000|100%| E|CS|TAMS 0x000000008bc00000, 0x000000008bc00000| Complete 
| 149|0x000000008bd00000, 0x000000008be00000, 0x000000008be00000|100%| E|CS|TAMS 0x000000008bd00000, 0x000000008bd00000| Complete 
| 150|0x000000008be00000, 0x000000008bf00000, 0x000000008bf00000|100%| E|CS|TAMS 0x000000008be00000, 0x000000008be00000| Complete 
| 151|0x000000008bf00000, 0x000000008c000000, 0x000000008c000000|100%| E|CS|TAMS 0x000000008bf00000, 0x000000008bf00000| Complete 
| 152|0x000000008c000000, 0x000000008c100000, 0x000000008c100000|100%| E|CS|TAMS 0x000000008c000000, 0x000000008c000000| Complete 
| 153|0x000000008c100000, 0x000000008c200000, 0x000000008c200000|100%| E|CS|TAMS 0x000000008c100000, 0x000000008c100000| Complete 
| 154|0x000000008c200000, 0x000000008c300000, 0x000000008c300000|100%| E|CS|TAMS 0x000000008c200000, 0x000000008c200000| Complete 
| 155|0x000000008c300000, 0x000000008c400000, 0x000000008c400000|100%| E|CS|TAMS 0x000000008c300000, 0x000000008c300000| Complete 
| 156|0x000000008c400000, 0x000000008c500000, 0x000000008c500000|100%| E|CS|TAMS 0x000000008c400000, 0x000000008c400000| Complete 
| 157|0x000000008c500000, 0x000000008c600000, 0x000000008c600000|100%| E|CS|TAMS 0x000000008c500000, 0x000000008c500000| Complete 
| 158|0x000000008c600000, 0x000000008c700000, 0x000000008c700000|100%| E|CS|TAMS 0x000000008c600000, 0x000000008c600000| Complete 
| 159|0x000000008c700000, 0x000000008c800000, 0x000000008c800000|100%| E|CS|TAMS 0x000000008c700000, 0x000000008c700000| Complete 
| 160|0x000000008c800000, 0x000000008c900000, 0x000000008c900000|100%| E|CS|TAMS 0x000000008c800000, 0x000000008c800000| Complete 

Card table byte_map: [0x00000165d1f40000,0x00000165d2330000] _byte_map_base: 0x00000165d1b2c000

Marking Bits (Prev, Next): (CMBitMap*) 0x00000165bb19a640, (CMBitMap*) 0x00000165bb19a608
 Prev Bits: [0x00000165d4680000, 0x00000165d65e0000)
 Next Bits: [0x00000165d2720000, 0x00000165d4680000)

Polling page: 0x00000165ba910000

Metaspace:

Usage:
  Non-class:     83.53 MB capacity,    81.26 MB ( 97%) used,     1.91 MB (  2%) free+waste,   370.88 KB ( <1%) overhead. 
      Class:     13.78 MB capacity,    12.50 MB ( 91%) used,     1.10 MB (  8%) free+waste,   185.06 KB (  1%) overhead. 
       Both:     97.30 MB capacity,    93.75 MB ( 96%) used,     3.01 MB (  3%) free+waste,   555.94 KB ( <1%) overhead. 

Virtual space:
  Non-class space:       84.00 MB reserved,      83.75 MB (>99%) committed 
      Class space:        1.00 GB reserved,      13.88 MB (  1%) committed 
             Both:        1.08 GB reserved,      97.62 MB (  9%) committed 

Chunk freelists:
   Non-Class:  4.75 KB
       Class:  256 bytes
        Both:  5.00 KB

CodeHeap 'non-profiled nmethods': size=238336Kb used=32411Kb max_used=32411Kb free=205925Kb
 bounds [0x00000165c2f60000, 0x00000165c4f10000, 0x00000165d1820000]
CodeHeap 'non-nmethods': size=7424Kb used=1340Kb max_used=1340Kb free=6083Kb
 bounds [0x00000165c2820000, 0x00000165c2a90000, 0x00000165c2f60000]
 total_blobs=20117 nmethods=19382 adapters=659
 compilation: enabled
              stopped_count=0, restarted_count=0
 full_count=0

Compilation events (10 events):
Event: 3211.995 Thread 0x00000165d98c4800 19386       1       java.io.InputStreamReader::ready (8 bytes)
Event: 3211.996 Thread 0x00000165d98c4800 nmethod 19386 0x00000165c4f05810 code [0x00000165c4f059a0, 0x00000165c4f05a88]
Event: 3211.996 Thread 0x00000165d98c4800 19387   !   1       sun.nio.cs.StreamDecoder::ready (38 bytes)
Event: 3211.997 Thread 0x00000165d98c4800 nmethod 19387 0x00000165c4f05b10 code [0x00000165c4f05ce0, 0x00000165c4f06098]
Event: 3211.997 Thread 0x00000165d98c4800 19388       1       sun.nio.cs.StreamDecoder::implReady (23 bytes)
Event: 3211.997 Thread 0x00000165d98c4800 nmethod 19388 0x00000165c4f06290 code [0x00000165c4f06420, 0x00000165c4f06548]
Event: 3212.281 Thread 0x00000165d98c4800 19389       1       java.util.Random::nextInt (7 bytes)
Event: 3212.281 Thread 0x00000165d98c4800 nmethod 19389 0x00000165c4f06610 code [0x00000165c4f067a0, 0x00000165c4f06888]
Event: 3212.282 Thread 0x00000165d98c4800 19390       1       org.apache.coyote.UpgradeToken::getHttpUpgradeHandler (5 bytes)
Event: 3212.282 Thread 0x00000165d98c4800 nmethod 19390 0x00000165c4f06910 code [0x00000165c4f06aa0, 0x00000165c4f06b58]

GC Heap History (10 events):
Event: 3205.271 GC heap before
{Heap before GC invocations=98 (full 5):
 garbage-first heap   total 164864K, used 113869K [0x0000000082800000, 0x0000000100000000)
  region size 1024K, 47 young (48128K), 5 survivors (5120K)
 Metaspace       used 95304K, capacity 98949K, committed 99072K, reserved 1134592K
  class space    used 12737K, capacity 14047K, committed 14080K, reserved 1048576K
}
Event: 3205.278 GC heap after
{Heap after GC invocations=99 (full 5):
 garbage-first heap   total 164864K, used 73631K [0x0000000082800000, 0x0000000100000000)
  region size 1024K, 6 young (6144K), 6 survivors (6144K)
 Metaspace       used 95304K, capacity 98949K, committed 99072K, reserved 1134592K
  class space    used 12737K, capacity 14047K, committed 14080K, reserved 1048576K
}
Event: 3205.571 GC heap before
{Heap before GC invocations=100 (full 5):
 garbage-first heap   total 164864K, used 115615K [0x0000000082800000, 0x0000000100000000)
  region size 1024K, 49 young (50176K), 6 survivors (6144K)
 Metaspace       used 95699K, capacity 99361K, committed 99712K, reserved 1134592K
  class space    used 12764K, capacity 14091K, committed 14208K, reserved 1048576K
}
Event: 3205.579 GC heap after
{Heap after GC invocations=101 (full 5):
 garbage-first heap   total 164864K, used 77802K [0x0000000082800000, 0x0000000100000000)
  region size 1024K, 7 young (7168K), 7 survivors (7168K)
 Metaspace       used 95699K, capacity 99361K, committed 99712K, reserved 1134592K
  class space    used 12764K, capacity 14091K, committed 14208K, reserved 1048576K
}
Event: 3205.661 GC heap before
{Heap before GC invocations=101 (full 5):
 garbage-first heap   total 164864K, used 121834K [0x0000000082800000, 0x0000000100000000)
  region size 1024K, 51 young (52224K), 7 survivors (7168K)
 Metaspace       used 95699K, capacity 99361K, committed 99712K, reserved 1134592K
  class space    used 12764K, capacity 14091K, committed 14208K, reserved 1048576K
}
Event: 3205.667 GC heap after
{Heap after GC invocations=102 (full 5):
 garbage-first heap   total 164864K, used 77550K [0x0000000082800000, 0x0000000100000000)
  region size 1024K, 2 young (2048K), 2 survivors (2048K)
 Metaspace       used 95699K, capacity 99361K, committed 99712K, reserved 1134592K
  class space    used 12764K, capacity 14091K, committed 14208K, reserved 1048576K
}
Event: 3205.734 GC heap before
{Heap before GC invocations=102 (full 5):
 garbage-first heap   total 164864K, used 123630K [0x0000000082800000, 0x0000000100000000)
  region size 1024K, 47 young (48128K), 2 survivors (2048K)
 Metaspace       used 95699K, capacity 99361K, committed 99712K, reserved 1134592K
  class space    used 12764K, capacity 14091K, committed 14208K, reserved 1048576K
}
Event: 3205.741 GC heap after
{Heap after GC invocations=103 (full 5):
 garbage-first heap   total 164864K, used 87855K [0x0000000082800000, 0x0000000100000000)
  region size 1024K, 6 young (6144K), 6 survivors (6144K)
 Metaspace       used 95699K, capacity 99361K, committed 99712K, reserved 1134592K
  class space    used 12764K, capacity 14091K, committed 14208K, reserved 1048576K
}
Event: 3206.054 GC heap before
{Heap before GC invocations=104 (full 5):
 garbage-first heap   total 164864K, used 125743K [0x0000000082800000, 0x0000000100000000)
  region size 1024K, 43 young (44032K), 6 survivors (6144K)
 Metaspace       used 95936K, capacity 99607K, committed 99968K, reserved 1134592K
  class space    used 12781K, capacity 14101K, committed 14208K, reserved 1048576K
}
Event: 3206.061 GC heap after
{Heap after GC invocations=105 (full 5):
 garbage-first heap   total 164864K, used 91114K [0x0000000082800000, 0x0000000100000000)
  region size 1024K, 4 young (4096K), 4 survivors (4096K)
 Metaspace       used 95936K, capacity 99607K, committed 99968K, reserved 1134592K
  class space    used 12781K, capacity 14101K, committed 14208K, reserved 1048576K
}

Deoptimization events (0 events):
No events

Classes redefined (0 events):
No events

Internal exceptions (10 events):
Event: 3205.406 Thread 0x00000165e2553800 Exception <a 'java/lang/ClassNotFoundException'{0x000000008c08a038}: java/lang/ObjectCustomizer> (0x000000008c08a038) thrown at [./open/src/hotspot/share/classfile/systemDictionary.cpp, line 226]
Event: 3205.406 Thread 0x00000165e2553800 Exception <a 'java/lang/ClassNotFoundException'{0x000000008c0a5198}: it/cnr/istc/psts/wikitel/Mongodb/SuggestionMCustomizer> (0x000000008c0a5198) thrown at [./open/src/hotspot/share/classfile/systemDictionary.cpp, line 226]
Event: 3205.467 Thread 0x00000165e2553800 Exception <a 'java/lang/ClassNotFoundException'{0x000000008b833120}: java/lang/ObjectCustomizer> (0x000000008b833120) thrown at [./open/src/hotspot/share/classfile/systemDictionary.cpp, line 226]
Event: 3205.468 Thread 0x00000165e2553800 Exception <a 'java/lang/ClassNotFoundException'{0x000000008b84b8e8}: it/cnr/istc/psts/wikitel/db/ProgressCustomizer> (0x000000008b84b8e8) thrown at [./open/src/hotspot/share/classfile/systemDictionary.cpp, line 226]
Event: 3205.483 Thread 0x00000165e2553800 Exception <a 'java/lang/ClassNotFoundException'{0x000000008b21b0a8}: java/lang/ObjectCustomizer> (0x000000008b21b0a8) thrown at [./open/src/hotspot/share/classfile/systemDictionary.cpp, line 226]
Event: 3205.483 Thread 0x00000165e2553800 Exception <a 'java/lang/ClassNotFoundException'{0x000000008b2370b0}: it/cnr/istc/psts/wikitel/db/RuleSuggestionRelationEntityCustomizer> (0x000000008b2370b0) thrown at [./open/src/hotspot/share/classfile/systemDictionary.cpp, line 226]
Event: 3205.484 Thread 0x00000165e2553800 Exception <a 'java/lang/ClassNotFoundException'{0x000000008b24edc8}: java/lang/ObjectCustomizer> (0x000000008b24edc8) thrown at [./open/src/hotspot/share/classfile/systemDictionary.cpp, line 226]
Event: 3205.484 Thread 0x00000165e2553800 Exception <a 'java/lang/ClassNotFoundException'{0x000000008b26ab88}: it/cnr/istc/psts/wikitel/db/RuleSuggestionRelationIdCustomizer> (0x000000008b26ab88) thrown at [./open/src/hotspot/share/classfile/systemDictionary.cpp, line 226]
Event: 3205.485 Thread 0x00000165e2553800 Exception <a 'java/lang/ClassNotFoundException'{0x000000008b29b720}: java/lang/ObjectCustomizer> (0x000000008b29b720) thrown at [./open/src/hotspot/share/classfile/systemDictionary.cpp, line 226]
Event: 3205.485 Thread 0x00000165e2553800 Exception <a 'java/lang/ClassNotFoundException'{0x000000008b2b5de0}: it/cnr/istc/psts/wikitel/db/SuggestionEntityCustomizer> (0x000000008b2b5de0) thrown at [./open/src/hotspot/share/classfile/systemDictionary.cpp, line 226]

Events (10 events):
Event: 3214.715 Executing VM operation: RevokeBias done
Event: 3214.715 Executing VM operation: RevokeBias
Event: 3214.715 Executing VM operation: RevokeBias done
Event: 3214.715 Executing VM operation: RevokeBias
Event: 3214.715 Executing VM operation: RevokeBias done
Event: 3214.715 Executing VM operation: RevokeBias
Event: 3214.716 Executing VM operation: RevokeBias done
Event: 3214.716 Executing VM operation: RevokeBias
Event: 3214.716 Executing VM operation: RevokeBias done
Event: 3214.716 Executing VM operation: BulkRevokeBias


Dynamic libraries:
0x00007ff6085b0000 - 0x00007ff6085c0000 	C:\Program Files\Java\jdk-11\bin\javaw.exe
0x00007ffd69250000 - 0x00007ffd69467000 	C:\WINDOWS\SYSTEM32\ntdll.dll
0x00007ffd67ae0000 - 0x00007ffd67ba4000 	C:\WINDOWS\System32\KERNEL32.DLL
0x00007ffd66a10000 - 0x00007ffd66dbd000 	C:\WINDOWS\System32\KERNELBASE.dll
0x00007ffd66e60000 - 0x00007ffd66f71000 	C:\WINDOWS\System32\ucrtbase.dll
0x00007ffd5b8d0000 - 0x00007ffd5b8e9000 	C:\Program Files\Java\jdk-11\bin\jli.dll
0x00007ffd5b890000 - 0x00007ffd5b8ab000 	C:\Program Files\Java\jdk-11\bin\VCRUNTIME140.dll
0x00007ffd675b0000 - 0x00007ffd67662000 	C:\WINDOWS\System32\ADVAPI32.dll
0x00007ffd681a0000 - 0x00007ffd68247000 	C:\WINDOWS\System32\msvcrt.dll
0x00007ffd67000000 - 0x00007ffd670a9000 	C:\WINDOWS\System32\sechost.dll
0x00007ffd66780000 - 0x00007ffd667a8000 	C:\WINDOWS\System32\bcrypt.dll
0x00007ffd68250000 - 0x00007ffd68364000 	C:\WINDOWS\System32\RPCRT4.dll
0x00007ffd67ff0000 - 0x00007ffd6819e000 	C:\WINDOWS\System32\USER32.dll
0x00007ffd66750000 - 0x00007ffd66776000 	C:\WINDOWS\System32\win32u.dll
0x00007ffd676b0000 - 0x00007ffd676d9000 	C:\WINDOWS\System32\GDI32.dll
0x00007ffd58380000 - 0x00007ffd58613000 	C:\WINDOWS\WinSxS\amd64_microsoft.windows.common-controls_6595b64144ccf1df_6.0.22621.3672_none_2713b9d173822955\COMCTL32.dll
0x00007ffd66570000 - 0x00007ffd66689000 	C:\WINDOWS\System32\gdi32full.dll
0x00007ffd66dc0000 - 0x00007ffd66e5a000 	C:\WINDOWS\System32\msvcp_win.dll
0x00007ffd60ab0000 - 0x00007ffd60aba000 	C:\WINDOWS\SYSTEM32\VERSION.dll
0x00007ffd67670000 - 0x00007ffd676a1000 	C:\WINDOWS\System32\IMM32.DLL
0x00007ffd5b880000 - 0x00007ffd5b88c000 	C:\Program Files\Java\jdk-11\bin\vcruntime140_1.dll
0x00007ffd58cf0000 - 0x00007ffd58d7e000 	C:\Program Files\Java\jdk-11\bin\msvcp140.dll
0x00007ffcbb990000 - 0x00007ffcbc4fd000 	C:\Program Files\Java\jdk-11\bin\server\jvm.dll
0x00007ffd68390000 - 0x00007ffd68398000 	C:\WINDOWS\System32\PSAPI.DLL
0x00007ffd45510000 - 0x00007ffd45519000 	C:\WINDOWS\SYSTEM32\WSOCK32.dll
0x00007ffd66f80000 - 0x00007ffd66ff1000 	C:\WINDOWS\System32\WS2_32.dll
0x00007ffd60bf0000 - 0x00007ffd60c24000 	C:\WINDOWS\SYSTEM32\WINMM.dll
0x00007ffd65650000 - 0x00007ffd65668000 	C:\WINDOWS\SYSTEM32\kernel.appcore.dll
0x00007ffd5b820000 - 0x00007ffd5b830000 	C:\Program Files\Java\jdk-11\bin\verify.dll
0x00007ffd63740000 - 0x00007ffd63972000 	C:\WINDOWS\SYSTEM32\DBGHELP.DLL
0x00007ffd68cd0000 - 0x00007ffd6905d000 	C:\WINDOWS\System32\combase.dll
0x00007ffd67a00000 - 0x00007ffd67ad7000 	C:\WINDOWS\System32\OLEAUT32.dll
0x00007ffd5cf80000 - 0x00007ffd5cfb2000 	C:\WINDOWS\SYSTEM32\dbgcore.DLL
0x00007ffd66920000 - 0x00007ffd6699b000 	C:\WINDOWS\System32\bcryptPrimitives.dll
0x00007ffd4a2f0000 - 0x00007ffd4a318000 	C:\Program Files\Java\jdk-11\bin\java.dll
0x00007ffd5b7e0000 - 0x00007ffd5b7ea000 	C:\Program Files\Java\jdk-11\bin\jimage.dll
0x00007ffd5b7a0000 - 0x00007ffd5b7b7000 	C:\Program Files\Java\jdk-11\bin\zip.dll
0x00007ffd68400000 - 0x00007ffd68c68000 	C:\WINDOWS\System32\SHELL32.dll
0x00007ffd64480000 - 0x00007ffd64d7e000 	C:\WINDOWS\SYSTEM32\windows.storage.dll
0x00007ffd64340000 - 0x00007ffd6447f000 	C:\WINDOWS\SYSTEM32\wintypes.dll
0x00007ffd69110000 - 0x00007ffd69209000 	C:\WINDOWS\System32\SHCORE.dll
0x00007ffd68c70000 - 0x00007ffd68cce000 	C:\WINDOWS\System32\shlwapi.dll
0x00007ffd664a0000 - 0x00007ffd664c1000 	C:\WINDOWS\SYSTEM32\profapi.dll
0x00007ffd5a0f0000 - 0x00007ffd5a109000 	C:\Program Files\Java\jdk-11\bin\net.dll
0x00007ffd61e20000 - 0x00007ffd61f56000 	C:\WINDOWS\SYSTEM32\WINHTTP.dll
0x00007ffd65ac0000 - 0x00007ffd65b29000 	C:\WINDOWS\system32\mswsock.dll
0x00007ffd54b00000 - 0x00007ffd54b12000 	C:\Program Files\Java\jdk-11\bin\nio.dll
0x00007ffd5b4c0000 - 0x00007ffd5b4c9000 	C:\Program Files\Java\jdk-11\bin\management.dll
0x00007ffd4ef50000 - 0x00007ffd4ef5b000 	C:\Program Files\Java\jdk-11\bin\management_ext.dll
0x00007ffd4b9c0000 - 0x00007ffd4b9d7000 	C:\WINDOWS\system32\napinsp.dll
0x00007ffd4b9a0000 - 0x00007ffd4b9bb000 	C:\WINDOWS\system32\pnrpnsp.dll
0x00007ffd65110000 - 0x00007ffd65208000 	C:\WINDOWS\SYSTEM32\DNSAPI.dll
0x00007ffd65090000 - 0x00007ffd650bd000 	C:\WINDOWS\SYSTEM32\IPHLPAPI.DLL
0x00007ffd678f0000 - 0x00007ffd678f9000 	C:\WINDOWS\System32\NSI.dll
0x00007ffd4b980000 - 0x00007ffd4b991000 	C:\WINDOWS\System32\winrnr.dll
0x00007ffd60a40000 - 0x00007ffd60a55000 	C:\WINDOWS\system32\wshbth.dll
0x00007ffd4b8e0000 - 0x00007ffd4b907000 	C:\WINDOWS\system32\nlansp_c.dll
0x00007ffd5f3d0000 - 0x00007ffd5f3da000 	C:\Windows\System32\rasadhlp.dll
0x00007ffd60ac0000 - 0x00007ffd60b43000 	C:\WINDOWS\System32\fwpuclnt.dll
0x00007ffd65ce0000 - 0x00007ffd65cfb000 	C:\WINDOWS\SYSTEM32\CRYPTSP.dll
0x00007ffd655b0000 - 0x00007ffd655e5000 	C:\WINDOWS\system32\rsaenh.dll
0x00007ffd65b80000 - 0x00007ffd65ba8000 	C:\WINDOWS\SYSTEM32\USERENV.dll
0x00007ffd65d00000 - 0x00007ffd65d0c000 	C:\WINDOWS\SYSTEM32\CRYPTBASE.dll
0x00007ffd61dd0000 - 0x00007ffd61de9000 	C:\WINDOWS\SYSTEM32\dhcpcsvc6.DLL
0x00007ffd61c00000 - 0x00007ffd61c1f000 	C:\WINDOWS\SYSTEM32\dhcpcsvc.DLL
0x00007ffd4ef40000 - 0x00007ffd4ef4e000 	C:\Program Files\Java\jdk-11\bin\sunmscapi.dll
0x00007ffd667b0000 - 0x00007ffd66917000 	C:\WINDOWS\System32\CRYPT32.dll
0x00007ffd65f00000 - 0x00007ffd65f2e000 	C:\WINDOWS\SYSTEM32\ncrypt.dll
0x00007ffd65ec0000 - 0x00007ffd65ef7000 	C:\WINDOWS\SYSTEM32\NTASN1.dll
0x00007ffd3ede0000 - 0x00007ffd3ee07000 	C:\Program Files\Java\jdk-11\bin\sunec.dll
0x00007ffd2fe90000 - 0x00007ffd2feb6000 	C:\WINDOWS\SYSTEM32\apisethost.appexecutionalias.dll
0x00007ffd4b0b0000 - 0x00007ffd4b1c3000 	C:\WINDOWS\SYSTEM32\daxexec.dll
0x00007ffd4b060000 - 0x00007ffd4b0a4000 	C:\WINDOWS\SYSTEM32\container.dll
0x00007ffd69060000 - 0x00007ffd69110000 	C:\WINDOWS\System32\clbcatq.dll
0x00007ffd4b1d0000 - 0x00007ffd4b2bb000 	C:\Windows\System32\Windows.StateRepositoryPS.dll
0x00007ffd4ae30000 - 0x00007ffd4ae9c000 	C:\WINDOWS\SYSTEM32\AppXAllUserStore.dll
0x00007ffd57ef0000 - 0x00007ffd57f2d000 	C:\WINDOWS\SYSTEM32\windows.staterepositoryclient.dll
0x00007ffd5e080000 - 0x00007ffd5e09a000 	C:\WINDOWS\SYSTEM32\windows.staterepositorycore.dll
0x00007ffd4aea0000 - 0x00007ffd4af00000 	C:\WINDOWS\SYSTEM32\capauthz.dll
0x00007ffd65670000 - 0x00007ffd656a4000 	C:\WINDOWS\SYSTEM32\ntmarta.dll

dbghelp: loaded successfully - version: 4.0.5 - missing functions: none
symbol engine: initialized successfully - sym options: 0x614 - pdb path: .;C:\Program Files\Java\jdk-11\bin;C:\WINDOWS\SYSTEM32;C:\WINDOWS\WinSxS\amd64_microsoft.windows.common-controls_6595b64144ccf1df_6.0.22621.3672_none_2713b9d173822955;C:\Program Files\Java\jdk-11\bin\server

VM Arguments:
jvm_args: -Dcom.sun.management.jmxremote -Dcom.sun.management.jmxremote.port=50331 -Dcom.sun.management.jmxremote.authenticate=false -Dcom.sun.management.jmxremote.ssl=false -Djava.rmi.server.hostname=localhost -Dspring.jmx.enabled=true -Dmanagement.endpoints.jmx.exposure.include=* -Dspring.application.admin.enabled=true -XX:TieredStopAtLevel=1 -Dspring.boot.project.name=wikitel -Dfile.encoding=UTF-8 -Dstdout.encoding=UTF-8 -Dstderr.encoding=UTF-8 
java_command: it.cnr.istc.psts.WikitelNewApplication --spring.output.ansi.enabled=always
java_class_path (initial): C:\Users\veryf\Documents\wikitel\target\classes;C:\Users\veryf\.m2\repository\org\springframework\boot\spring-boot-starter-mail\2.5.7\spring-boot-starter-mail-2.5.7.jar;C:\Users\veryf\.m2\repository\org\springframework\boot\spring-boot-starter\2.5.7\spring-boot-starter-2.5.7.jar;C:\Users\veryf\.m2\repository\org\springframework\boot\spring-boot-starter-logging\2.5.7\spring-boot-starter-logging-2.5.7.jar;C:\Users\veryf\.m2\repository\ch\qos\logback\logback-classic\1.2.7\logback-classic-1.2.7.jar;C:\Users\veryf\.m2\repository\ch\qos\logback\logback-core\1.2.7\logback-core-1.2.7.jar;C:\Users\veryf\.m2\repository\org\apache\logging\log4j\log4j-to-slf4j\2.14.1\log4j-to-slf4j-2.14.1.jar;C:\Users\veryf\.m2\repository\org\apache\logging\log4j\log4j-api\2.14.1\log4j-api-2.14.1.jar;C:\Users\veryf\.m2\repository\org\slf4j\jul-to-slf4j\1.7.32\jul-to-slf4j-1.7.32.jar;C:\Users\veryf\.m2\repository\jakarta\annotation\jakarta.annotation-api\1.3.5\jakarta.annotation-api-1.3.5.jar;C:\Users\veryf\.m2\repository\org\yaml\snakeyaml\1.28\snakeyaml-1.28.jar;C:\Users\veryf\.m2\repository\org\springframework\spring-context-support\5.3.13\spring-context-support-5.3.13.jar;C:\Users\veryf\.m2\repository\org\springframework\spring-beans\5.3.13\spring-beans-5.3.13.jar;C:\Users\veryf\.m2\repository\org\springframework\spring-context\5.3.13\spring-context-5.3.13.jar;C:\Users\veryf\.m2\repository\com\sun\mail\jakarta.mail\1.6.7\jakarta.mail-1.6.7.jar;C:\Users\veryf\.m2\repository\com\sun\activation\jakarta.activation\1.2.2\jakarta.activation-1.2.2.jar;C:\Users\veryf\.m2\repository\org\springframework\boot\spring-boot-starter-data-jpa\2.5.7\spring-boot-starter-data-jpa-2.5.7.jar;C:\Users\veryf\.m2\repository\org\springframework\boot\spring-boot-starter-aop\2.5.7\spring-boot-starter-aop-2.5.7.jar;C:\Users\veryf\.m2\repository\org\aspectj\aspectjweaver\1.9.7\aspectjweaver-1.9.7.jar;C:\Users\veryf\.m2\repository\org\springframework\boot\spring-boot-starter-jdbc\2.5.7\spring
Launcher Type: SUN_STANDARD

[Global flags]
     intx CICompilerCount                          = 4                                         {product} {ergonomic}
     uint ConcGCThreads                            = 2                                         {product} {ergonomic}
     uint G1ConcRefinementThreads                  = 8                                         {product} {ergonomic}
   size_t G1HeapRegionSize                         = 1048576                                   {product} {ergonomic}
    uintx GCDrainStackTargetSize                   = 64                                        {product} {ergonomic}
   size_t InitialHeapSize                          = 132120576                                 {product} {ergonomic}
     bool ManagementServer                         = true                                      {product} {command line}
   size_t MarkStackSize                            = 4194304                                   {product} {ergonomic}
   size_t MaxHeapSize                              = 2105540608                                {product} {ergonomic}
   size_t MaxNewSize                               = 1262485504                                {product} {ergonomic}
   size_t MinHeapDeltaBytes                        = 1048576                                   {product} {ergonomic}
    uintx NonNMethodCodeHeapSize                   = 7549744                                {pd product} {ergonomic}
    uintx NonProfiledCodeHeapSize                  = 244108496                              {pd product} {ergonomic}
    uintx ProfiledCodeHeapSize                     = 0                                      {pd product} {ergonomic}
    uintx ReservedCodeCacheSize                    = 251658240                              {pd product} {ergonomic}
     bool SegmentedCodeCache                       = true                                      {product} {ergonomic}
     intx TieredStopAtLevel                        = 1                                         {product} {command line}
     bool UseCompressedClassPointers               = true                                 {lp64_product} {ergonomic}
     bool UseCompressedOops                        = true                                 {lp64_product} {ergonomic}
     bool UseG1GC                                  = true                                      {product} {ergonomic}
     bool UseLargePagesIndividualAllocation        = false                                  {pd product} {ergonomic}

Logging:
Log output configuration:
 #0: stdout all=warning uptime,level,tags
 #1: stderr all=off uptime,level,tags

Environment Variables:
JAVA_HOME=C:\Program Files\Java\jdk-17
PATH=C:/Users/veryf/Downloads/sts-4.21.1.RELEASE//plugins/org.eclipse.justj.openjdk.hotspot.jre.full.win32.x86_64_17.0.10.v20240120-1143/jre/bin/server;C:/Users/veryf/Downloads/sts-4.21.1.RELEASE//plugins/org.eclipse.justj.openjdk.hotspot.jre.full.win32.x86_64_17.0.10.v20240120-1143/jre/bin;C:\Program Files\Common Files\Oracle\Java\javapath;C:\Program Files (x86)\VMware\VMware Player\bin\;C:\Program Files (x86)\Common Files\Oracle\Java\javapath;C:\WINDOWS\system32;C:\WINDOWS;C:\WINDOWS\System32\Wbem;C:\WINDOWS\System32\WindowsPowerShell\v1.0\;C:\WINDOWS\System32\OpenSSH\;C:\TDM-GCC-64\bin;C:\Program Files (x86)\Calibre2\;C:\Program Files\Git\cmd;C:\Program Files\Microsoft SQL Server\150\Tools\Binn\;C:\Program Files\Docker\Docker\resources\bin;C:\Users\veryf\INGEGNERIA\3anno\Reti di Calcolatori\Kathara;C:\Program Files\CMake\bin;C:\Program Files (x86)\Microsoft Visual Studio\VERSION\VC\Tools\MSVC\VERSION\bin\Hostx64\x64;C:\Program Files (x86)\Windows Kits\10\Windows Performance Toolkit\;C:\Program Files\PowerShell\7\;C:\Users\veryf\AppData\Local\Programs\Python\Launcher\;C:\Users\veryf\AppData\Local\Microsoft\WindowsApps;C:\ProgramData\veryf\atom\bin;C:\Users\veryf\AppData\Local\atom\bin;C:\Users\veryf\AppData\Local\Microsoft\WindowsApps;C:\Users\veryf\Desktop\Microsoft VS Code\bin;C:\flutter\bin;C:\Users\veryf\.dotnet\tools;C:\Users\veryf\AppData\Local\GitHubDesktop\bin;C:\Program Files\Java\jdk-17\bin;C:\Users\veryf\Desktop\Microsoft VS Code\bin;C:\Users\veryf\INGEGNERIA\Tirocinio\Wikitel-new-main\oRatio-0502ce8a6ee0d6f24f1ec350e61af90d72526092\build\bin\Debug;C:\Users\veryf\INGEGNERIA\Tirocinio\Wikitel-new-main2\oRatio-0502ce8a6ee0d6f24f1ec350e61af90d72526092\build\bin\Debug;C:\Users\veryf\Documents\apache-maven-3.9.8\bin;;C:\Users\veryf\Downloads\sts-4.21.1.RELEASE;
USERNAME=veryf
OS=Windows_NT
PROCESSOR_IDENTIFIER=Intel64 Family 6 Model 140 Stepping 1, GenuineIntel



---------------  S Y S T E M  ---------------

OS: Windows 11 , 64 bit Build 22621 (10.0.22621.3958)
Hyper-V role detected

CPU:total 8 (initial active 8) (4 cores per cpu, 2 threads per core) family 6 model 140 stepping 1 microcode 0xb6, cmov, cx8, fxsr, mmx, sse, sse2, sse3, ssse3, sse4.1, sse4.2, popcnt, avx, avx2, aes, clmul, erms, 3dnowpref, lzcnt, ht, tsc, tscinvbit, bmi1, bmi2, adx, evex, sha, fma

Memory: 4k page, system-wide physical 8026M (442M free)
TotalPageFile size 32602M (AvailPageFile size 5M)
current process WorkingSet (physical memory assigned to process): 335M, peak: 348M
current process commit charge ("private bytes"): 424M, peak: 430M

vm_info: Java HotSpot(TM) 64-Bit Server VM (11.0.21+9-LTS-193) for windows-amd64 JRE (11.0.21+9-LTS-193), built on Sep 13 2023 11:04:38 by "mach5one" with MS VC++ 17.1 (VS2022)

END.
